#
# There is insufficient memory for the Java Runtime Environment to continue.
# Native memory allocation (malloc) failed to allocate 936656 bytes. Error detail: Chunk::new
# Possible reasons:
#   The system is out of physical RAM or swap space
#   This process is running with CompressedOops enabled, and the Java Heap may be blocking the growth of the native heap
# Possible solutions:
#   Reduce memory load on the system
#   Increase physical memory or swap space
#   Check if swap backing store is full
#   Decrease Java heap size (-Xmx/-Xms)
#   Decrease number of Java threads
#   Decrease Java thread stack sizes (-Xss)
#   Set larger code cache with -XX:ReservedCodeCacheSize=
#   JVM is running with Unscaled Compressed Oops mode in which the Java heap is
#     placed in the first 4GB address space. The Java Heap base address is the
#     maximum limit for the native heap growth. Please use -XX:HeapBaseMinAddress
#     to set the Java Heap base and to place the Java Heap above 4GB virtual address.
# This output file may be truncated or incomplete.
#
#  Out of Memory Error (arena.cpp:191), pid=27972, tid=10116
#
# JRE version: OpenJDK Runtime Environment Corretto-17.0.13.11.1 (17.0.13+11) (build 17.0.13+11-LTS)
# Java VM: OpenJDK 64-Bit Server VM Corretto-17.0.13.11.1 (17.0.13+11-LTS, mixed mode, sharing, tiered, compressed oops, compressed class ptrs, g1 gc, windows-amd64)
# No core dump will be written. Minidumps are not enabled by default on client versions of Windows
#

---------------  S U M M A R Y ------------

Command Line: -Dorg.gradle.internal.worker.tmpdir=C:\Users\LENOVO\Desktop\github_projects\car-inventory-mgr\inventory-service\build\tmp\test\work -Dspring.profiles.active=test -Xmx512m -Dfile.encoding=UTF-8 -Duser.country=GB -Duser.language=en -Duser.variant -ea worker.org.gradle.process.internal.worker.GradleWorkerMain 'Gradle Test Executor 1'

Host: AMD Ryzen 5 3500U with Radeon Vega Mobile Gfx  , 8 cores, 5G,  Windows 11 , 64 bit Build 22621 (10.0.22621.3958)
Time: Thu Nov  7 16:32:14 2024 GMT Standard Time elapsed time: 180.076650 seconds (0d 0h 3m 0s)

---------------  T H R E A D  ---------------

Current thread (0x0000026656635d10):  JavaThread "C2 CompilerThread0" daemon [_thread_in_native, id=10116, stack(0x000000e82b500000,0x000000e82b600000)]


Current CompileTask:
C2: 180077 7874       4       org.springframework.core.ResolvableType::as (86 bytes)

Stack: [0x000000e82b500000,0x000000e82b600000]
Native frames: (J=compiled Java code, j=interpreted, Vv=VM code, C=native code)
V  [jvm.dll+0x680c19]
V  [jvm.dll+0x83888a]
V  [jvm.dll+0x83a34e]
V  [jvm.dll+0x83a9b3]
V  [jvm.dll+0x2481af]
V  [jvm.dll+0xac9f4]
V  [jvm.dll+0xad03c]
V  [jvm.dll+0x2af7df]
V  [jvm.dll+0x587047]
V  [jvm.dll+0x223012]
V  [jvm.dll+0x21c1cf]
V  [jvm.dll+0x219a31]
V  [jvm.dll+0x1a58ed]
V  [jvm.dll+0x22988d]
V  [jvm.dll+0x227a1c]
V  [jvm.dll+0x7ed737]
V  [jvm.dll+0x7e7b2c]
V  [jvm.dll+0x67fae7]
C  [ucrtbase.dll+0x29333]
C  [KERNEL32.DLL+0x1257d]
C  [ntdll.dll+0x5af08]


---------------  P R O C E S S  ---------------

Threads class SMR info:
_java_thread_list=0x000002669e219040, length=32, elements={
0x00000266398ae830, 0x000002665661c1c0, 0x000002665661d7e0, 0x000002665662fac0,
0x0000026656630680, 0x0000026656633050, 0x00000266566343c0, 0x0000026656635d10,
0x0000026656641730, 0x0000026656645d10, 0x00000266569af770, 0x0000026656971ce0,
0x000002669c6e30b0, 0x000002669c725fc0, 0x000002669c93ab30, 0x000002669de8f470,
0x000002669d279090, 0x000002669d279fc0, 0x000002669d2795a0, 0x000002669d279ab0,
0x000002669d27a4d0, 0x000002669d27a9e0, 0x000002669d353820, 0x000002669d3565b0,
0x000002669d351ed0, 0x000002669d355680, 0x000002669d350a90, 0x000002669d3519c0,
0x000002669d352e00, 0x000002669d350fa0, 0x000002669d353310, 0x000002669d353d30
}

Java Threads: ( => current thread )
  0x00000266398ae830 JavaThread "Test worker" [_thread_in_native, id=28588, stack(0x000000e82a800000,0x000000e82a900000)]
  0x000002665661c1c0 JavaThread "Reference Handler" daemon [_thread_blocked, id=26580, stack(0x000000e82af00000,0x000000e82b000000)]
  0x000002665661d7e0 JavaThread "Finalizer" daemon [_thread_blocked, id=22572, stack(0x000000e82b000000,0x000000e82b100000)]
  0x000002665662fac0 JavaThread "Signal Dispatcher" daemon [_thread_blocked, id=2456, stack(0x000000e82b100000,0x000000e82b200000)]
  0x0000026656630680 JavaThread "Attach Listener" daemon [_thread_blocked, id=8264, stack(0x000000e82b200000,0x000000e82b300000)]
  0x0000026656633050 JavaThread "Service Thread" daemon [_thread_blocked, id=30060, stack(0x000000e82b300000,0x000000e82b400000)]
  0x00000266566343c0 JavaThread "Monitor Deflation Thread" daemon [_thread_blocked, id=16712, stack(0x000000e82b400000,0x000000e82b500000)]
=>0x0000026656635d10 JavaThread "C2 CompilerThread0" daemon [_thread_in_native, id=10116, stack(0x000000e82b500000,0x000000e82b600000)]
  0x0000026656641730 JavaThread "C1 CompilerThread0" daemon [_thread_blocked, id=22276, stack(0x000000e82b600000,0x000000e82b700000)]
  0x0000026656645d10 JavaThread "Sweeper thread" daemon [_thread_blocked, id=29668, stack(0x000000e82b700000,0x000000e82b800000)]
  0x00000266569af770 JavaThread "Notification Thread" daemon [_thread_blocked, id=9780, stack(0x000000e82b800000,0x000000e82b900000)]
  0x0000026656971ce0 JavaThread "Common-Cleaner" daemon [_thread_blocked, id=10736, stack(0x000000e82ba00000,0x000000e82bb00000)]
  0x000002669c6e30b0 JavaThread "/127.0.0.1:54496 to /127.0.0.1:54494 workers" [_thread_blocked, id=22804, stack(0x000000e82bc00000,0x000000e82bd00000)]
  0x000002669c725fc0 JavaThread "/127.0.0.1:54496 to /127.0.0.1:54494 workers Thread 2" [_thread_blocked, id=29560, stack(0x000000e82bd00000,0x000000e82be00000)]
  0x000002669c93ab30 JavaThread "/127.0.0.1:54496 to /127.0.0.1:54494 workers Thread 3" [_thread_in_native, id=27284, stack(0x000000e82be00000,0x000000e82bf00000)]
  0x000002669de8f470 JavaThread "Thread-3" daemon [_thread_in_native, id=28060, stack(0x000000e82c800000,0x000000e82c900000)]
  0x000002669d279090 JavaThread "Thread-4" daemon [_thread_in_native, id=13284, stack(0x000000e82c900000,0x000000e82ca00000)]
  0x000002669d279fc0 JavaThread "Thread-5" daemon [_thread_in_native, id=22524, stack(0x000000e82ca00000,0x000000e82cb00000)]
  0x000002669d2795a0 JavaThread "Thread-6" daemon [_thread_in_native, id=19248, stack(0x000000e82cb00000,0x000000e82cc00000)]
  0x000002669d279ab0 JavaThread "Thread-7" daemon [_thread_in_native, id=21896, stack(0x000000e82cc00000,0x000000e82cd00000)]
  0x000002669d27a4d0 JavaThread "Thread-8" daemon [_thread_in_native, id=12552, stack(0x000000e82cd00000,0x000000e82ce00000)]
  0x000002669d27a9e0 JavaThread "Thread-9" daemon [_thread_in_native, id=24340, stack(0x000000e82ce00000,0x000000e82cf00000)]
  0x000002669d353820 JavaThread "Thread-10" daemon [_thread_in_native, id=26036, stack(0x000000e82cf00000,0x000000e82d000000)]
  0x000002669d3565b0 JavaThread "Thread-11" daemon [_thread_in_native, id=27640, stack(0x000000e82d000000,0x000000e82d100000)]
  0x000002669d351ed0 JavaThread "testcontainers-ryuk" daemon [_thread_blocked, id=26136, stack(0x000000e82d300000,0x000000e82d400000)]
  0x000002669d355680 JavaThread "Thread-19" daemon [_thread_blocked, id=30152, stack(0x000000e82a500000,0x000000e82a600000)]
  0x000002669d350a90 JavaThread "Thread-20" daemon [_thread_blocked, id=3728, stack(0x000000e82a700000,0x000000e82a800000)]
  0x000002669d3519c0 JavaThread "Catalina-utility-1" [_thread_blocked, id=13124, stack(0x000000e82d100000,0x000000e82d200000)]
  0x000002669d352e00 JavaThread "Catalina-utility-2" [_thread_blocked, id=11904, stack(0x000000e82d200000,0x000000e82d300000)]
  0x000002669d350fa0 JavaThread "container-0" [_thread_blocked, id=25628, stack(0x000000e82d400000,0x000000e82d500000)]
  0x000002669d353310 JavaThread "PostgreSQL-JDBC-Cleaner" daemon [_thread_blocked, id=25136, stack(0x000000e82d500000,0x000000e82d600000)]
  0x000002669d353d30 JavaThread "HikariPool-1 housekeeper" daemon [_thread_blocked, id=22480, stack(0x000000e82d600000,0x000000e82d700000)]

Other Threads:
  0x0000026656616330 VMThread "VM Thread" [stack: 0x000000e82ae00000,0x000000e82af00000] [id=11072]
  0x00000266569b1c60 WatcherThread [stack: 0x000000e82b900000,0x000000e82ba00000] [id=17452]
  0x000002663bb09890 GCTaskThread "GC Thread#0" [stack: 0x000000e82a900000,0x000000e82aa00000] [id=26536]
  0x000002669cc9cc40 GCTaskThread "GC Thread#1" [stack: 0x000000e82bf00000,0x000000e82c000000] [id=30556]
  0x000002669ce52bc0 GCTaskThread "GC Thread#2" [stack: 0x000000e82c000000,0x000000e82c100000] [id=15508]
  0x000002669c219400 GCTaskThread "GC Thread#3" [stack: 0x000000e82c100000,0x000000e82c200000] [id=15872]
  0x000002669cd55690 GCTaskThread "GC Thread#4" [stack: 0x000000e82c200000,0x000000e82c300000] [id=5060]
  0x000002669cc6b7a0 GCTaskThread "GC Thread#5" [stack: 0x000000e82c300000,0x000000e82c400000] [id=28768]
  0x000002669c93b010 GCTaskThread "GC Thread#6" [stack: 0x000000e82c400000,0x000000e82c500000] [id=9964]
  0x000002669c93b2d0 GCTaskThread "GC Thread#7" [stack: 0x000000e82c500000,0x000000e82c600000] [id=24752]
  0x000002663bb0e7e0 ConcurrentGCThread "G1 Main Marker" [stack: 0x000000e82aa00000,0x000000e82ab00000] [id=26812]
  0x000002663bb0f200 ConcurrentGCThread "G1 Conc#0" [stack: 0x000000e82ab00000,0x000000e82ac00000] [id=26872]
  0x000002669c624240 ConcurrentGCThread "G1 Conc#1" [stack: 0x000000e82c700000,0x000000e82c800000] [id=27764]
  0x000002663bb73a70 ConcurrentGCThread "G1 Refine#0" [stack: 0x000000e82ac00000,0x000000e82ad00000] [id=24168]
  0x000002669cc55fb0 ConcurrentGCThread "G1 Refine#1" [stack: 0x000000e82c600000,0x000000e82c700000] [id=28408]
  0x000002663bb744a0 ConcurrentGCThread "G1 Service" [stack: 0x000000e82ad00000,0x000000e82ae00000] [id=2508]

Threads with active compile tasks:
C2 CompilerThread0   180153 7874       4       org.springframework.core.ResolvableType::as (86 bytes)

VM state: not at safepoint (normal execution)

VM Mutex/Monitor currently owned by a thread: None

Heap address: 0x00000000e0000000, size: 512 MB, Compressed Oops mode: 32-bit

CDS archive(s) mapped at: [0x0000026657000000-0x0000026657bb0000-0x0000026657bb0000), size 12255232, SharedBaseAddress: 0x0000026657000000, ArchiveRelocationMode: 1.
Compressed class space mapped at: 0x0000026658000000-0x0000026698000000, reserved size: 1073741824
Narrow klass base: 0x0000026657000000, Narrow klass shift: 0, Narrow klass range: 0x100000000

GC Precious Log:
 CPUs: 8 total, 8 available
 Memory: 6082M
 Large Page Support: Disabled
 NUMA Support: Disabled
 Compressed Oops: Enabled (32-bit)
 Heap Region Size: 1M
 Heap Min Capacity: 8M
 Heap Initial Capacity: 96M
 Heap Max Capacity: 512M
 Pre-touch: Disabled
 Parallel Workers: 8
 Concurrent Workers: 2
 Concurrent Refinement Workers: 8
 Periodic GC: Disabled

Heap:
 garbage-first heap   total 61440K, used 40558K [0x00000000e0000000, 0x0000000100000000)
  region size 1024K, 8 young (8192K), 2 survivors (2048K)
 Metaspace       used 62118K, committed 62656K, reserved 1114112K
  class space    used 8345K, committed 8576K, reserved 1048576K

Heap Regions: E=young(eden), S=young(survivor), O=old, HS=humongous(starts), HC=humongous(continues), CS=collection set, F=free, OA=open archive, CA=closed archive, TAMS=top-at-mark-start (previous, next)
|   0|0x00000000e0000000, 0x00000000e0100000, 0x00000000e0100000|100%|HS|  |TAMS 0x00000000e0100000, 0x00000000e0000000| Complete 
|   1|0x00000000e0100000, 0x00000000e0200000, 0x00000000e0200000|100%|HC|  |TAMS 0x00000000e0200000, 0x00000000e0100000| Complete 
|   2|0x00000000e0200000, 0x00000000e0300000, 0x00000000e0300000|100%|HS|  |TAMS 0x00000000e0300000, 0x00000000e0200000| Complete 
|   3|0x00000000e0300000, 0x00000000e0400000, 0x00000000e0400000|100%| O|  |TAMS 0x00000000e0400000, 0x00000000e0300000| Untracked 
|   4|0x00000000e0400000, 0x00000000e0500000, 0x00000000e0500000|100%| O|  |TAMS 0x00000000e0500000, 0x00000000e0400000| Untracked 
|   5|0x00000000e0500000, 0x00000000e0600000, 0x00000000e0600000|100%| O|  |TAMS 0x00000000e0600000, 0x00000000e0500000| Untracked 
|   6|0x00000000e0600000, 0x00000000e0700000, 0x00000000e0700000|100%| O|  |TAMS 0x00000000e0700000, 0x00000000e0600000| Untracked 
|   7|0x00000000e0700000, 0x00000000e0800000, 0x00000000e0800000|100%| O|  |TAMS 0x00000000e0800000, 0x00000000e0700000| Untracked 
|   8|0x00000000e0800000, 0x00000000e0900000, 0x00000000e0900000|100%| O|  |TAMS 0x00000000e0900000, 0x00000000e0800000| Untracked 
|   9|0x00000000e0900000, 0x00000000e0a00000, 0x00000000e0a00000|100%| O|  |TAMS 0x00000000e0a00000, 0x00000000e0900000| Untracked 
|  10|0x00000000e0a00000, 0x00000000e0b00000, 0x00000000e0b00000|100%| O|  |TAMS 0x00000000e0b00000, 0x00000000e0a00000| Untracked 
|  11|0x00000000e0b00000, 0x00000000e0c00000, 0x00000000e0c00000|100%| O|  |TAMS 0x00000000e0c00000, 0x00000000e0b00000| Untracked 
|  12|0x00000000e0c00000, 0x00000000e0d00000, 0x00000000e0d00000|100%| O|  |TAMS 0x00000000e0d00000, 0x00000000e0c00000| Untracked 
|  13|0x00000000e0d00000, 0x00000000e0e00000, 0x00000000e0e00000|100%| O|  |TAMS 0x00000000e0e00000, 0x00000000e0d00000| Untracked 
|  14|0x00000000e0e00000, 0x00000000e0f00000, 0x00000000e0f00000|100%| O|  |TAMS 0x00000000e0f00000, 0x00000000e0e00000| Untracked 
|  15|0x00000000e0f00000, 0x00000000e1000000, 0x00000000e1000000|100%| O|  |TAMS 0x00000000e1000000, 0x00000000e0f00000| Untracked 
|  16|0x00000000e1000000, 0x00000000e1100000, 0x00000000e1100000|100%| O|  |TAMS 0x00000000e1100000, 0x00000000e1000000| Untracked 
|  17|0x00000000e1100000, 0x00000000e1200000, 0x00000000e1200000|100%| O|  |TAMS 0x00000000e1200000, 0x00000000e1100000| Untracked 
|  18|0x00000000e1200000, 0x00000000e1300000, 0x00000000e1300000|100%| O|  |TAMS 0x00000000e1300000, 0x00000000e1200000| Untracked 
|  19|0x00000000e1300000, 0x00000000e1400000, 0x00000000e1400000|100%| O|  |TAMS 0x00000000e1400000, 0x00000000e1300000| Untracked 
|  20|0x00000000e1400000, 0x00000000e1500000, 0x00000000e1500000|100%| O|  |TAMS 0x00000000e1500000, 0x00000000e1400000| Untracked 
|  21|0x00000000e1500000, 0x00000000e1600000, 0x00000000e1600000|100%| O|  |TAMS 0x00000000e1600000, 0x00000000e1500000| Untracked 
|  22|0x00000000e1600000, 0x00000000e1700000, 0x00000000e1700000|100%| O|  |TAMS 0x00000000e1700000, 0x00000000e1600000| Untracked 
|  23|0x00000000e1700000, 0x00000000e1800000, 0x00000000e1800000|100%| O|  |TAMS 0x00000000e1800000, 0x00000000e1700000| Untracked 
|  24|0x00000000e1800000, 0x00000000e1900000, 0x00000000e1900000|100%| O|  |TAMS 0x00000000e1900000, 0x00000000e1800000| Untracked 
|  25|0x00000000e1900000, 0x00000000e1a00000, 0x00000000e1a00000|100%| O|  |TAMS 0x00000000e1a00000, 0x00000000e1900000| Untracked 
|  26|0x00000000e1a00000, 0x00000000e1b00000, 0x00000000e1b00000|100%| O|  |TAMS 0x00000000e1b00000, 0x00000000e1a00000| Untracked 
|  27|0x00000000e1b00000, 0x00000000e1c00000, 0x00000000e1c00000|100%| O|  |TAMS 0x00000000e1c00000, 0x00000000e1b00000| Untracked 
|  28|0x00000000e1c00000, 0x00000000e1d00000, 0x00000000e1d00000|100%| O|  |TAMS 0x00000000e1d00000, 0x00000000e1c00000| Untracked 
|  29|0x00000000e1d00000, 0x00000000e1e00000, 0x00000000e1e00000|100%| O|  |TAMS 0x00000000e1e00000, 0x00000000e1d00000| Untracked 
|  30|0x00000000e1e00000, 0x00000000e1f00000, 0x00000000e1f00000|100%| O|  |TAMS 0x00000000e1e8a400, 0x00000000e1e00000| Untracked 
|  31|0x00000000e1f00000, 0x00000000e2000000, 0x00000000e2000000|100%| O|  |TAMS 0x00000000e1f00000, 0x00000000e1f00000| Untracked 
|  32|0x00000000e2000000, 0x00000000e2100000, 0x00000000e2100000|100%| O|  |TAMS 0x00000000e2000000, 0x00000000e2000000| Untracked 
|  33|0x00000000e2100000, 0x00000000e2186400, 0x00000000e2200000| 52%| O|  |TAMS 0x00000000e2100000, 0x00000000e2100000| Untracked 
|  34|0x00000000e2200000, 0x00000000e2200000, 0x00000000e2300000|  0%| F|  |TAMS 0x00000000e2200000, 0x00000000e2200000| Untracked 
|  35|0x00000000e2300000, 0x00000000e2300000, 0x00000000e2400000|  0%| F|  |TAMS 0x00000000e2300000, 0x00000000e2300000| Untracked 
|  36|0x00000000e2400000, 0x00000000e2400000, 0x00000000e2500000|  0%| F|  |TAMS 0x00000000e2400000, 0x00000000e2400000| Untracked 
|  37|0x00000000e2500000, 0x00000000e2500000, 0x00000000e2600000|  0%| F|  |TAMS 0x00000000e2500000, 0x00000000e2500000| Untracked 
|  38|0x00000000e2600000, 0x00000000e2600000, 0x00000000e2700000|  0%| F|  |TAMS 0x00000000e2600000, 0x00000000e2600000| Untracked 
|  39|0x00000000e2700000, 0x00000000e2700000, 0x00000000e2800000|  0%| F|  |TAMS 0x00000000e2700000, 0x00000000e2700000| Untracked 
|  40|0x00000000e2800000, 0x00000000e2800000, 0x00000000e2900000|  0%| F|  |TAMS 0x00000000e2800000, 0x00000000e2800000| Untracked 
|  41|0x00000000e2900000, 0x00000000e2900000, 0x00000000e2a00000|  0%| F|  |TAMS 0x00000000e2900000, 0x00000000e2900000| Untracked 
|  42|0x00000000e2a00000, 0x00000000e2a15588, 0x00000000e2b00000|  8%| S|CS|TAMS 0x00000000e2a00000, 0x00000000e2a00000| Complete 
|  43|0x00000000e2b00000, 0x00000000e2b00000, 0x00000000e2c00000|  0%| F|  |TAMS 0x00000000e2b00000, 0x00000000e2b00000| Untracked 
|  44|0x00000000e2c00000, 0x00000000e2d00000, 0x00000000e2d00000|100%| S|CS|TAMS 0x00000000e2c00000, 0x00000000e2c00000| Complete 
|  45|0x00000000e2d00000, 0x00000000e2d00000, 0x00000000e2e00000|  0%| F|  |TAMS 0x00000000e2d00000, 0x00000000e2d00000| Untracked 
|  46|0x00000000e2e00000, 0x00000000e2e00000, 0x00000000e2f00000|  0%| F|  |TAMS 0x00000000e2e00000, 0x00000000e2e00000| Untracked 
|  47|0x00000000e2f00000, 0x00000000e2f00000, 0x00000000e3000000|  0%| F|  |TAMS 0x00000000e2f00000, 0x00000000e2f00000| Untracked 
|  48|0x00000000e3000000, 0x00000000e3000000, 0x00000000e3100000|  0%| F|  |TAMS 0x00000000e3000000, 0x00000000e3000000| Untracked 
|  49|0x00000000e3100000, 0x00000000e3100000, 0x00000000e3200000|  0%| F|  |TAMS 0x00000000e3100000, 0x00000000e3100000| Untracked 
|  50|0x00000000e3200000, 0x00000000e3200000, 0x00000000e3300000|  0%| F|  |TAMS 0x00000000e3200000, 0x00000000e3200000| Untracked 
|  51|0x00000000e3300000, 0x00000000e3300000, 0x00000000e3400000|  0%| F|  |TAMS 0x00000000e3300000, 0x00000000e3300000| Untracked 
|  52|0x00000000e3400000, 0x00000000e3400000, 0x00000000e3500000|  0%| F|  |TAMS 0x00000000e3400000, 0x00000000e3400000| Untracked 
|  53|0x00000000e3500000, 0x00000000e3500000, 0x00000000e3600000|  0%| F|  |TAMS 0x00000000e3500000, 0x00000000e3500000| Untracked 
|  60|0x00000000e3c00000, 0x00000000e3c513a0, 0x00000000e3d00000| 31%| E|  |TAMS 0x00000000e3c00000, 0x00000000e3c00000| Complete 
|  61|0x00000000e3d00000, 0x00000000e3e00000, 0x00000000e3e00000|100%| E|CS|TAMS 0x00000000e3d00000, 0x00000000e3d00000| Complete 
|  62|0x00000000e3e00000, 0x00000000e3f00000, 0x00000000e3f00000|100%| E|CS|TAMS 0x00000000e3e00000, 0x00000000e3e00000| Complete 
|  63|0x00000000e3f00000, 0x00000000e4000000, 0x00000000e4000000|100%| E|CS|TAMS 0x00000000e3f00000, 0x00000000e3f00000| Complete 
|  94|0x00000000e5e00000, 0x00000000e5f00000, 0x00000000e5f00000|100%| E|CS|TAMS 0x00000000e5e00000, 0x00000000e5e00000| Complete 
|  95|0x00000000e5f00000, 0x00000000e6000000, 0x00000000e6000000|100%| E|CS|TAMS 0x00000000e5f00000, 0x00000000e5f00000| Complete 

Card table byte_map: [0x0000026652a40000,0x0000026652b40000] _byte_map_base: 0x0000026652340000

Marking Bits (Prev, Next): (CMBitMap*) 0x000002663bb09eb0, (CMBitMap*) 0x000002663bb09ef0
 Prev Bits: [0x0000026652c40000, 0x0000026653440000)
 Next Bits: [0x0000026653440000, 0x0000026653c40000)

Polling page: 0x0000026639a10000

Metaspace:

Usage:
  Non-class:     52.51 MB used.
      Class:      8.15 MB used.
       Both:     60.66 MB used.

Virtual space:
  Non-class space:       64.00 MB reserved,      52.81 MB ( 83%) committed,  1 nodes.
      Class space:        1.00 GB reserved,       8.38 MB ( <1%) committed,  1 nodes.
             Both:        1.06 GB reserved,      61.19 MB (  6%) committed. 

Chunk freelists:
   Non-Class:  11.06 MB
       Class:  7.57 MB
        Both:  18.63 MB

MaxMetaspaceSize: unlimited
CompressedClassSpaceSize: 1.00 GB
Initial GC threshold: 21.00 MB
Current GC threshold: 99.19 MB
CDS: on
MetaspaceReclaimPolicy: balanced
 - commit_granule_bytes: 65536.
 - commit_granule_words: 8192.
 - virtual_space_node_default_size: 8388608.
 - enlarge_chunks_in_place: 1.
 - new_chunks_are_fully_committed: 0.
 - uncommit_free_chunks: 1.
 - use_allocation_guard: 0.
 - handle_deallocations: 1.


Internal statistics:

num_allocs_failed_limit: 6.
num_arena_births: 788.
num_arena_deaths: 2.
num_vsnodes_births: 2.
num_vsnodes_deaths: 0.
num_space_committed: 979.
num_space_uncommitted: 0.
num_chunks_returned_to_freelist: 9.
num_chunks_taken_from_freelist: 3050.
num_chunk_merges: 3.
num_chunk_splits: 2199.
num_chunks_enlarged: 1713.
num_inconsistent_stats: 0.

CodeHeap 'non-profiled nmethods': size=120000Kb used=2339Kb max_used=2747Kb free=117660Kb
 bounds [0x000002664b0d0000, 0x000002664b380000, 0x0000026652600000]
CodeHeap 'profiled nmethods': size=120000Kb used=6939Kb max_used=11777Kb free=113060Kb
 bounds [0x0000026643600000, 0x0000026644190000, 0x000002664ab30000]
CodeHeap 'non-nmethods': size=5760Kb used=1303Kb max_used=1350Kb free=4456Kb
 bounds [0x000002664ab30000, 0x000002664ada0000, 0x000002664b0d0000]
 total_blobs=4948 nmethods=4318 adapters=542
 compilation: enabled
              stopped_count=0, restarted_count=0
 full_count=0

Compilation events (20 events):
Event: 178.444 Thread 0x0000026656641730 9740       2       org.postgresql.core.Parser::parseJdbcSql (1525 bytes)
Event: 178.455 Thread 0x0000026656641730 nmethod 9740 0x0000026643ab6010 code [0x0000026643ab6540, 0x0000026643ab9e28]
Event: 178.455 Thread 0x0000026656641730 9741       2       liquibase.util.grammar.SimpleSqlGrammarTokenManager::jjCheckNAdd (41 bytes)
Event: 178.456 Thread 0x0000026656641730 nmethod 9741 0x0000026643ab5b90 code [0x0000026643ab5d20, 0x0000026643ab5e98]
Event: 178.456 Thread 0x0000026656641730 9739       1       org.postgresql.core.QueryExecutorBase::getQuoteReturningIdentifiers (5 bytes)
Event: 178.456 Thread 0x0000026656641730 nmethod 9739 0x000002664b2ce210 code [0x000002664b2ce3a0, 0x000002664b2ce478]
Event: 178.456 Thread 0x0000026656641730 9743       1       org.postgresql.core.QueryExecutorBase::isColumnSanitiserDisabled (5 bytes)
Event: 178.456 Thread 0x0000026656641730 nmethod 9743 0x000002664b2cdf10 code [0x000002664b2ce0a0, 0x000002664b2ce178]
Event: 178.657 Thread 0x0000026656635d10 nmethod 9577 0x000002664b2c0690 code [0x000002664b2c0d00, 0x000002664b2c9320]
Event: 178.658 Thread 0x0000026656635d10 9733       4       jdk.internal.loader.URLClassPath$JarLoader$2::getBytes (48 bytes)
Event: 178.662 Thread 0x0000026656635d10 nmethod 9733 0x000002664b2c0110 code [0x000002664b2c02a0, 0x000002664b2c0408]
Event: 178.662 Thread 0x0000026656635d10 9738       4       java.security.SecureClassLoader::defineClass (16 bytes)
Event: 178.843 Thread 0x0000026656635d10 nmethod 9738 0x000002664b2b3a10 code [0x000002664b2b3ce0, 0x000002664b2b5d20]
Event: 178.843 Thread 0x0000026656635d10 9573       4       sun.invoke.util.VerifyAccess::isClassAccessible (230 bytes)
Event: 179.767 Thread 0x0000026656635d10 nmethod 9573 0x000002664b2a7b90 code [0x000002664b2a8460, 0x000002664b2af6f0]
Event: 179.769 Thread 0x0000026656635d10 9557 %     4       java.util.ArrayList::indexOfRange @ 42 (71 bytes)
Event: 179.773 Thread 0x0000026656635d10 nmethod 9557% 0x000002664b2bfc90 code [0x000002664b2bfe20, 0x000002664b2bff98]
Event: 179.773 Thread 0x0000026656635d10 9584       4       java.util.regex.Matcher::search (154 bytes)
Event: 179.801 Thread 0x0000026656635d10 nmethod 9584 0x000002664b2bee90 code [0x000002664b2bf060, 0x000002664b2bf798]
Event: 179.802 Thread 0x0000026656635d10 7874       4       org.springframework.core.ResolvableType::as (86 bytes)

GC Heap History (20 events):
Event: 156.948 GC heap before
{Heap before GC invocations=12 (full 0):
 garbage-first heap   total 61440K, used 46303K [0x00000000e0000000, 0x0000000100000000)
  region size 1024K, 24 young (24576K), 2 survivors (2048K)
 Metaspace       used 38272K, committed 38592K, reserved 1114112K
  class space    used 4996K, committed 5120K, reserved 1048576K
}
Event: 156.954 GC heap after
{Heap after GC invocations=13 (full 0):
 garbage-first heap   total 61440K, used 24945K [0x00000000e0000000, 0x0000000100000000)
  region size 1024K, 2 young (2048K), 2 survivors (2048K)
 Metaspace       used 38272K, committed 38592K, reserved 1114112K
  class space    used 4996K, committed 5120K, reserved 1048576K
}
Event: 158.738 GC heap before
{Heap before GC invocations=13 (full 0):
 garbage-first heap   total 61440K, used 47473K [0x00000000e0000000, 0x0000000100000000)
  region size 1024K, 24 young (24576K), 2 survivors (2048K)
 Metaspace       used 40935K, committed 41344K, reserved 1114112K
  class space    used 5367K, committed 5568K, reserved 1048576K
}
Event: 158.742 GC heap after
{Heap after GC invocations=14 (full 0):
 garbage-first heap   total 61440K, used 26621K [0x00000000e0000000, 0x0000000100000000)
  region size 1024K, 3 young (3072K), 3 survivors (3072K)
 Metaspace       used 40935K, committed 41344K, reserved 1114112K
  class space    used 5367K, committed 5568K, reserved 1048576K
}
Event: 162.512 GC heap before
{Heap before GC invocations=14 (full 0):
 garbage-first heap   total 61440K, used 49149K [0x00000000e0000000, 0x0000000100000000)
  region size 1024K, 25 young (25600K), 3 survivors (3072K)
 Metaspace       used 44917K, committed 45376K, reserved 1114112K
  class space    used 6071K, committed 6272K, reserved 1048576K
}
Event: 162.516 GC heap after
{Heap after GC invocations=15 (full 0):
 garbage-first heap   total 61440K, used 27696K [0x00000000e0000000, 0x0000000100000000)
  region size 1024K, 3 young (3072K), 3 survivors (3072K)
 Metaspace       used 44917K, committed 45376K, reserved 1114112K
  class space    used 6071K, committed 6272K, reserved 1048576K
}
Event: 164.481 GC heap before
{Heap before GC invocations=15 (full 0):
 garbage-first heap   total 61440K, used 49200K [0x00000000e0000000, 0x0000000100000000)
  region size 1024K, 24 young (24576K), 3 survivors (3072K)
 Metaspace       used 47629K, committed 48128K, reserved 1114112K
  class space    used 6563K, committed 6784K, reserved 1048576K
}
Event: 164.486 GC heap after
{Heap after GC invocations=16 (full 0):
 garbage-first heap   total 61440K, used 28987K [0x00000000e0000000, 0x0000000100000000)
  region size 1024K, 3 young (3072K), 3 survivors (3072K)
 Metaspace       used 47629K, committed 48128K, reserved 1114112K
  class space    used 6563K, committed 6784K, reserved 1048576K
}
Event: 166.027 GC heap before
{Heap before GC invocations=16 (full 0):
 garbage-first heap   total 61440K, used 49467K [0x00000000e0000000, 0x0000000100000000)
  region size 1024K, 23 young (23552K), 3 survivors (3072K)
 Metaspace       used 50585K, committed 51072K, reserved 1114112K
  class space    used 6950K, committed 7168K, reserved 1048576K
}
Event: 166.032 GC heap after
{Heap after GC invocations=17 (full 0):
 garbage-first heap   total 61440K, used 30448K [0x00000000e0000000, 0x0000000100000000)
  region size 1024K, 3 young (3072K), 3 survivors (3072K)
 Metaspace       used 50585K, committed 51072K, reserved 1114112K
  class space    used 6950K, committed 7168K, reserved 1048576K
}
Event: 167.563 GC heap before
{Heap before GC invocations=17 (full 0):
 garbage-first heap   total 61440K, used 49904K [0x00000000e0000000, 0x0000000100000000)
  region size 1024K, 22 young (22528K), 3 survivors (3072K)
 Metaspace       used 52757K, committed 53376K, reserved 1114112K
  class space    used 7233K, committed 7552K, reserved 1048576K
}
Event: 167.569 GC heap after
{Heap after GC invocations=18 (full 0):
 garbage-first heap   total 61440K, used 31663K [0x00000000e0000000, 0x0000000100000000)
  region size 1024K, 2 young (2048K), 2 survivors (2048K)
 Metaspace       used 52757K, committed 53376K, reserved 1114112K
  class space    used 7233K, committed 7552K, reserved 1048576K
}
Event: 170.022 GC heap before
{Heap before GC invocations=18 (full 0):
 garbage-first heap   total 61440K, used 49071K [0x00000000e0000000, 0x0000000100000000)
  region size 1024K, 20 young (20480K), 2 survivors (2048K)
 Metaspace       used 56801K, committed 57344K, reserved 1114112K
  class space    used 7711K, committed 8000K, reserved 1048576K
}
Event: 170.026 GC heap after
{Heap after GC invocations=19 (full 0):
 garbage-first heap   total 61440K, used 32366K [0x00000000e0000000, 0x0000000100000000)
  region size 1024K, 2 young (2048K), 2 survivors (2048K)
 Metaspace       used 56801K, committed 57344K, reserved 1114112K
  class space    used 7711K, committed 8000K, reserved 1048576K
}
Event: 171.505 GC heap before
{Heap before GC invocations=20 (full 0):
 garbage-first heap   total 61440K, used 50798K [0x00000000e0000000, 0x0000000100000000)
  region size 1024K, 20 young (20480K), 2 survivors (2048K)
 Metaspace       used 58623K, committed 59136K, reserved 1114112K
  class space    used 7933K, committed 8192K, reserved 1048576K
}
Event: 171.511 GC heap after
{Heap after GC invocations=21 (full 0):
 garbage-first heap   total 61440K, used 34345K [0x00000000e0000000, 0x0000000100000000)
  region size 1024K, 3 young (3072K), 3 survivors (3072K)
 Metaspace       used 58623K, committed 59136K, reserved 1114112K
  class space    used 7933K, committed 8192K, reserved 1048576K
}
Event: 174.225 GC heap before
{Heap before GC invocations=21 (full 0):
 garbage-first heap   total 61440K, used 50729K [0x00000000e0000000, 0x0000000100000000)
  region size 1024K, 19 young (19456K), 3 survivors (3072K)
 Metaspace       used 60354K, committed 60864K, reserved 1114112K
  class space    used 8131K, committed 8384K, reserved 1048576K
}
Event: 174.231 GC heap after
{Heap after GC invocations=22 (full 0):
 garbage-first heap   total 61440K, used 35249K [0x00000000e0000000, 0x0000000100000000)
  region size 1024K, 1 young (1024K), 1 survivors (1024K)
 Metaspace       used 60354K, committed 60864K, reserved 1114112K
  class space    used 8131K, committed 8384K, reserved 1048576K
}
Event: 177.152 GC heap before
{Heap before GC invocations=23 (full 0):
 garbage-first heap   total 61440K, used 50609K [0x00000000e0000000, 0x0000000100000000)
  region size 1024K, 16 young (16384K), 1 survivors (1024K)
 Metaspace       used 61673K, committed 62272K, reserved 1114112K
  class space    used 8305K, committed 8576K, reserved 1048576K
}
Event: 177.156 GC heap after
{Heap after GC invocations=24 (full 0):
 garbage-first heap   total 61440K, used 35438K [0x00000000e0000000, 0x0000000100000000)
  region size 1024K, 2 young (2048K), 2 survivors (2048K)
 Metaspace       used 61673K, committed 62272K, reserved 1114112K
  class space    used 8305K, committed 8576K, reserved 1048576K
}

Dll operation events (14 events):
Event: 0.029 Loaded shared library C:\Users\LENOVO\.jdks\corretto-17.0.13\bin\java.dll
Event: 0.151 Loaded shared library C:\Users\LENOVO\.jdks\corretto-17.0.13\bin\jsvml.dll
Event: 0.769 Loaded shared library C:\Users\LENOVO\.jdks\corretto-17.0.13\bin\net.dll
Event: 0.775 Loaded shared library C:\Users\LENOVO\.jdks\corretto-17.0.13\bin\nio.dll
Event: 0.785 Loaded shared library C:\Users\LENOVO\.jdks\corretto-17.0.13\bin\zip.dll
Event: 1.010 Loaded shared library C:\Users\LENOVO\.jdks\corretto-17.0.13\bin\verify.dll
Event: 1.026 Loaded shared library C:\Users\LENOVO\.jdks\corretto-17.0.13\bin\jimage.dll
Event: 2.372 Loaded shared library C:\Users\LENOVO\.jdks\corretto-17.0.13\bin\extnet.dll
Event: 2.705 Loaded shared library C:\Users\LENOVO\.jdks\corretto-17.0.13\bin\sunmscapi.dll
Event: 160.551 Loaded shared library C:\Users\LENOVO\.jdks\corretto-17.0.13\bin\instrument.dll
Event: 160.581 Loaded shared library C:\Users\LENOVO\.jdks\corretto-17.0.13\bin\zip.dll
Event: 160.587 Loaded shared library C:\Users\LENOVO\.jdks\corretto-17.0.13\bin\instrument.dll
Event: 166.195 Loaded shared library C:\Users\LENOVO\.jdks\corretto-17.0.13\bin\management.dll
Event: 166.244 Loaded shared library C:\Users\LENOVO\.jdks\corretto-17.0.13\bin\management_ext.dll

Deoptimization events (20 events):
Event: 177.028 Thread 0x00000266398ae830 DEOPT PACKING pc=0x0000026643c87f87 sp=0x000000e82a8f90b0
Event: 177.028 Thread 0x00000266398ae830 DEOPT UNPACKING pc=0x000002664ab87143 sp=0x000000e82a8f8568 mode 0
Event: 177.196 Thread 0x00000266398ae830 DEOPT PACKING pc=0x00000266436a2bca sp=0x000000e82a8f9400
Event: 177.196 Thread 0x00000266398ae830 DEOPT UNPACKING pc=0x000002664ab87143 sp=0x000000e82a8f88a8 mode 0
Event: 177.197 Thread 0x00000266398ae830 DEOPT PACKING pc=0x0000026643c87f87 sp=0x000000e82a8f93e0
Event: 177.197 Thread 0x00000266398ae830 DEOPT UNPACKING pc=0x000002664ab87143 sp=0x000000e82a8f8898 mode 0
Event: 177.333 Thread 0x00000266398ae830 DEOPT PACKING pc=0x0000026643c87f87 sp=0x000000e82a8f9130
Event: 177.333 Thread 0x00000266398ae830 DEOPT UNPACKING pc=0x000002664ab87143 sp=0x000000e82a8f85e8 mode 0
Event: 177.338 Thread 0x00000266398ae830 DEOPT PACKING pc=0x00000266438fd5ba sp=0x000000e82a8f8fa0
Event: 177.338 Thread 0x00000266398ae830 DEOPT UNPACKING pc=0x000002664ab87143 sp=0x000000e82a8f8440 mode 0
Event: 177.341 Thread 0x00000266398ae830 DEOPT PACKING pc=0x0000026643c87f87 sp=0x000000e82a8f9130
Event: 177.341 Thread 0x00000266398ae830 DEOPT UNPACKING pc=0x000002664ab87143 sp=0x000000e82a8f85e8 mode 0
Event: 177.864 Thread 0x00000266398ae830 DEOPT PACKING pc=0x0000026643c87f87 sp=0x000000e82a8f8fa0
Event: 177.864 Thread 0x00000266398ae830 DEOPT UNPACKING pc=0x000002664ab87143 sp=0x000000e82a8f8458 mode 0
Event: 177.873 Thread 0x00000266398ae830 DEOPT PACKING pc=0x000002664382ab44 sp=0x000000e82a8f8690
Event: 177.873 Thread 0x00000266398ae830 DEOPT UNPACKING pc=0x000002664ab87143 sp=0x000000e82a8f7b40 mode 0
Event: 177.875 Thread 0x00000266398ae830 DEOPT PACKING pc=0x0000026643c87f87 sp=0x000000e82a8f8fb0
Event: 177.875 Thread 0x00000266398ae830 DEOPT UNPACKING pc=0x000002664ab87143 sp=0x000000e82a8f8468 mode 0
Event: 178.283 Thread 0x00000266398ae830 DEOPT PACKING pc=0x0000026643c2c24a sp=0x000000e82a8f86b0
Event: 178.283 Thread 0x00000266398ae830 DEOPT UNPACKING pc=0x000002664ab87143 sp=0x000000e82a8f7b38 mode 0

Classes loaded (20 events):
Event: 178.425 Loading class liquibase/util/StringClauses$LiteralClause
Event: 178.425 Loading class liquibase/util/StringClauses$LiteralClause done
Event: 178.427 Loading class liquibase/util/StringClauses
Event: 178.427 Loading class liquibase/util/StringClauses done
Event: 178.430 Loading class liquibase/util/grammar/SimpleSqlGrammarTokenManager
Event: 178.430 Loading class liquibase/util/grammar/SimpleSqlGrammarTokenManager done
Event: 178.432 Loading class liquibase/util/grammar/SimpleSqlGrammarConstants
Event: 178.432 Loading class liquibase/util/grammar/SimpleSqlGrammarConstants done
Event: 178.434 Loading class liquibase/util/grammar/TokenMgrError
Event: 178.434 Loading class liquibase/util/grammar/TokenMgrError done
Event: 178.436 Loading class liquibase/util/grammar/SimpleCharStream
Event: 178.436 Loading class liquibase/util/grammar/SimpleCharStream done
Event: 178.438 Loading class liquibase/util/grammar/SimpleSqlGrammar
Event: 178.438 Loading class liquibase/util/grammar/SimpleSqlGrammar done
Event: 178.439 Loading class liquibase/util/grammar/Token
Event: 178.439 Loading class liquibase/util/grammar/Token done
Event: 178.441 Loading class liquibase/util/Validate
Event: 178.441 Loading class liquibase/util/Validate done
Event: 178.442 Loading class liquibase/util/StringClauses$Whitespace
Event: 178.442 Loading class liquibase/util/StringClauses$Whitespace done

Classes unloaded (1 events):
Event: 170.075 Thread 0x0000026656616330 Unloading class 0x0000026658620000 'net/bytebuddy/mirror/AccessibleObject'

Classes redefined (2 events):
Event: 163.675 Thread 0x0000026656616330 redefined class name=com.ovah.inventoryservice.service.autotrader.MockAutoTraderService, count=1
Event: 163.679 Thread 0x0000026656616330 redefined class name=java.lang.Object, count=1

Internal exceptions (20 events):
Event: 171.181 Thread 0x00000266398ae830 Exception <a 'java/lang/ClassNotFoundException'{0x00000000e2d87658}: liquibase/change/core/SQLFileChangeCustomizer> (0x00000000e2d87658) 
thrown [s\src\hotspot\share\classfile\systemDictionary.cpp, line 256]
Event: 171.186 Thread 0x00000266398ae830 Exception <a 'java/lang/ClassNotFoundException'{0x00000000e2db0f60}: liquibase/change/core/SetColumnRemarksChangeBeanInfo> (0x00000000e2db0f60) 
thrown [s\src\hotspot\share\classfile\systemDictionary.cpp, line 256]
Event: 171.188 Thread 0x00000266398ae830 Exception <a 'java/lang/ClassNotFoundException'{0x00000000e2db9678}: liquibase/change/core/SetColumnRemarksChangeCustomizer> (0x00000000e2db9678) 
thrown [s\src\hotspot\share\classfile\systemDictionary.cpp, line 256]
Event: 171.192 Thread 0x00000266398ae830 Exception <a 'java/lang/ClassNotFoundException'{0x00000000e2ddd750}: liquibase/change/core/SetTableRemarksChangeBeanInfo> (0x00000000e2ddd750) 
thrown [s\src\hotspot\share\classfile\systemDictionary.cpp, line 256]
Event: 171.194 Thread 0x00000266398ae830 Exception <a 'java/lang/ClassNotFoundException'{0x00000000e2de5e08}: liquibase/change/core/SetTableRemarksChangeCustomizer> (0x00000000e2de5e08) 
thrown [s\src\hotspot\share\classfile\systemDictionary.cpp, line 256]
Event: 171.198 Thread 0x00000266398ae830 Exception <a 'java/lang/ClassNotFoundException'{0x00000000e2c02830}: liquibase/change/core/StopChangeBeanInfo> (0x00000000e2c02830) 
thrown [s\src\hotspot\share\classfile\systemDictionary.cpp, line 256]
Event: 171.200 Thread 0x00000266398ae830 Exception <a 'java/lang/ClassNotFoundException'{0x00000000e2c0ab90}: liquibase/change/core/StopChangeCustomizer> (0x00000000e2c0ab90) 
thrown [s\src\hotspot\share\classfile\systemDictionary.cpp, line 256]
Event: 171.203 Thread 0x00000266398ae830 Exception <a 'java/lang/ClassNotFoundException'{0x00000000e2c20400}: liquibase/change/core/TagDatabaseChangeBeanInfo> (0x00000000e2c20400) 
thrown [s\src\hotspot\share\classfile\systemDictionary.cpp, line 256]
Event: 171.204 Thread 0x00000266398ae830 Exception <a 'java/lang/ClassNotFoundException'{0x00000000e2c28a08}: liquibase/change/core/TagDatabaseChangeCustomizer> (0x00000000e2c28a08) 
thrown [s\src\hotspot\share\classfile\systemDictionary.cpp, line 256]
Event: 171.210 Thread 0x00000266398ae830 Exception <a 'java/lang/ClassNotFoundException'{0x00000000e2c3e1d0}: liquibase/change/core/UpdateDataChangeBeanInfo> (0x00000000e2c3e1d0) 
thrown [s\src\hotspot\share\classfile\systemDictionary.cpp, line 256]
Event: 171.215 Thread 0x00000266398ae830 Exception <a 'java/lang/ClassNotFoundException'{0x00000000e2c46770}: liquibase/change/core/UpdateDataChangeCustomizer> (0x00000000e2c46770) 
thrown [s\src\hotspot\share\classfile\systemDictionary.cpp, line 256]
Event: 171.253 Thread 0x00000266398ae830 Exception <a 'java/lang/ClassNotFoundException'{0x00000000e2c63510}: liquibase/change/custom/CustomChangeWrapperBeanInfo> (0x00000000e2c63510) 
thrown [s\src\hotspot\share\classfile\systemDictionary.cpp, line 256]
Event: 171.257 Thread 0x00000266398ae830 Exception <a 'java/lang/ClassNotFoundException'{0x00000000e2c6bbc8}: liquibase/change/custom/CustomChangeWrapperCustomizer> (0x00000000e2c6bbc8) 
thrown [s\src\hotspot\share\classfile\systemDictionary.cpp, line 256]
Event: 171.668 Thread 0x00000266398ae830 Exception <a 'java/lang/NoSuchMethodError'{0x00000000e5ef7b18}: 'java.lang.Object java.lang.invoke.DirectMethodHandle$Holder.invokeStaticInit(java.lang.Object, java.lang.Object, java.lang.Object, java.lang.Object)'> (0x00000000e5ef7b18) 
thrown [s\src\hotspot\share\interpreter\linkResolver.cpp, line 759]
Event: 176.260 Thread 0x00000266398ae830 Exception <a 'java/lang/NoSuchMethodError'{0x00000000e34948b8}: 'void java.lang.invoke.DirectMethodHandle$Holder.invokeStatic(java.lang.Object, java.lang.Object, int)'> (0x00000000e34948b8) 
thrown [s\src\hotspot\share\interpreter\linkResolver.cpp, line 759]
Event: 177.200 Thread 0x00000266398ae830 Exception <a 'java/lang/NoSuchMethodError'{0x00000000e5e2d520}: 'int java.lang.invoke.DirectMethodHandle$Holder.invokeStatic(java.lang.Object, int, java.lang.Object)'> (0x00000000e5e2d520) 
thrown [s\src\hotspot\share\interpreter\linkResolver.cpp, line 759]
Event: 177.715 Thread 0x00000266398ae830 Exception <a 'java/lang/NoSuchMethodError'{0x00000000e3e0da90}: 'java.lang.Object java.lang.invoke.DirectMethodHandle$Holder.newInvokeSpecial(java.lang.Object, java.lang.Object, java.lang.Object, java.lang.Object, java.lang.Object, java.lang.Object, java.lang.Object, java.lang.Object, java.lang.Object, java.lang.Object, java.lang.Object, java.lang.Object)'> (0x00000000e3e0da90) 
thrown [s\src\hotspot\share\interpreter\linkResolver.cpp, line 759]
Event: 177.716 Thread 0x00000266398ae830 Exception <a 'java/lang/NoSuchMethodError'{0x00000000e3e131b0}: 'java.lang.Object java.lang.invoke.DirectMethodHandle$Holder.invokeSpecial(java.lang.Object, java.lang.Object, java.lang.Object, java.lang.Object, java.lang.Object, java.lang.Object, java.lang.Object, java.lang.Object, java.lang.Object, java.lang.Object, java.lang.Object, java.lang.Object, java.lang.Object)'> (0x00000000e3e131b0) 
thrown [s\src\hotspot\share\interpreter\linkResolver.cpp, line 759]
Event: 177.717 Thread 0x00000266398ae830 Exception <a 'java/lang/NoSuchMethodError'{0x00000000e3e180c0}: 'java.lang.Object java.lang.invoke.Invokers$Holder.linkToTargetMethod(java.lang.Object, java.lang.Object, java.lang.Object, java.lang.Object, java.lang.Object, java.lang.Object, java.lang.Object, java.lang.Object, java.lang.Object, java.lang.Object, java.lang.Object, java.lang.Object)'> (0x00000000e3e180c0) 
thrown [s\src\hotspot\share\interpreter\linkResolver.cpp, line 759]
Event: 177.866 Thread 0x00000266398ae830 Exception <a 'java/lang/NoSuchMethodError'{0x00000000e3ece470}: 'java.lang.Object java.lang.invoke.DirectMethodHandle$Holder.newInvokeSpecial(java.lang.Object, java.lang.Object, int, java.lang.Object, java.lang.Object)'> (0x00000000e3ece470) 
thrown [s\src\hotspot\share\interpreter\linkResolver.cpp, line 759]

VM Operations (20 events):
Event: 172.667 Executing VM operation: Cleanup
Event: 172.667 Executing VM operation: Cleanup done
Event: 173.667 Executing VM operation: Cleanup
Event: 173.667 Executing VM operation: Cleanup done
Event: 174.225 Executing VM operation: G1CollectForAllocation
Event: 174.231 Executing VM operation: G1CollectForAllocation done
Event: 174.279 Executing VM operation: G1PauseRemark
Event: 174.283 Executing VM operation: G1PauseRemark done
Event: 174.304 Executing VM operation: G1PauseCleanup
Event: 174.305 Executing VM operation: G1PauseCleanup done
Event: 175.317 Executing VM operation: Cleanup
Event: 175.317 Executing VM operation: Cleanup done
Event: 176.326 Executing VM operation: Cleanup
Event: 176.326 Executing VM operation: Cleanup done
Event: 177.152 Executing VM operation: G1CollectForAllocation
Event: 177.157 Executing VM operation: G1CollectForAllocation done
Event: 178.158 Executing VM operation: Cleanup
Event: 178.158 Executing VM operation: Cleanup done
Event: 179.168 Executing VM operation: Cleanup
Event: 179.168 Executing VM operation: Cleanup done

Memory protections (0 events):
No events

Nmethod flushes (20 events):
Event: 164.085 Thread 0x0000026656645d10 flushing  nmethod 0x0000026644122710
Event: 164.085 Thread 0x0000026656645d10 flushing  nmethod 0x0000026644122d10
Event: 164.085 Thread 0x0000026656645d10 flushing  nmethod 0x0000026644123190
Event: 164.085 Thread 0x0000026656645d10 flushing  nmethod 0x0000026644123790
Event: 164.085 Thread 0x0000026656645d10 flushing  nmethod 0x0000026644123c90
Event: 164.085 Thread 0x0000026656645d10 flushing  nmethod 0x0000026644124110
Event: 164.085 Thread 0x0000026656645d10 flushing  nmethod 0x0000026644124d10
Event: 164.085 Thread 0x0000026656645d10 flushing  nmethod 0x0000026644125190
Event: 164.085 Thread 0x0000026656645d10 flushing  nmethod 0x0000026644125d10
Event: 164.085 Thread 0x0000026656645d10 flushing  nmethod 0x0000026644126190
Event: 164.085 Thread 0x0000026656645d10 flushing  nmethod 0x0000026644126610
Event: 164.085 Thread 0x0000026656645d10 flushing  nmethod 0x0000026644126a90
Event: 164.085 Thread 0x0000026656645d10 flushing  nmethod 0x0000026644126f90
Event: 164.085 Thread 0x0000026656645d10 flushing  nmethod 0x0000026644127490
Event: 164.085 Thread 0x0000026656645d10 flushing  nmethod 0x0000026644128010
Event: 164.085 Thread 0x0000026656645d10 flushing  nmethod 0x0000026644128390
Event: 164.085 Thread 0x0000026656645d10 flushing  nmethod 0x0000026644128790
Event: 164.085 Thread 0x0000026656645d10 flushing  nmethod 0x0000026644129310
Event: 164.085 Thread 0x0000026656645d10 flushing  nmethod 0x0000026644129910
Event: 164.085 Thread 0x0000026656645d10 flushing  nmethod 0x0000026644129e90

Events (20 events):
Event: 44.911 Thread 0x00000266398ae830 Thread added: 0x000002669d351ed0
Event: 49.555 Thread 0x00000266398ae830 Thread added: 0x000002669d354750
Event: 104.918 Thread 0x000002669d354240 Thread exited: 0x000002669d354240
Event: 104.924 Thread 0x000002669d353d30 Thread exited: 0x000002669d353d30
Event: 120.224 Thread 0x00000266398ae830 Thread added: 0x000002669d355680
Event: 120.250 Thread 0x000002669d354750 Thread exited: 0x000002669d354750
Event: 131.506 Thread 0x00000266398ae830 Thread added: 0x000002669d354c60
Event: 146.380 Thread 0x000002669d354c60 Thread added: 0x000002669d350a90
Event: 146.382 Thread 0x000002669d354c60 Thread exited: 0x000002669d354c60
Event: 151.123 Thread 0x00000266398ae830 Thread added: 0x000002669d353d30
Event: 152.978 Thread 0x000002669d353d30 Thread exited: 0x000002669d353d30
Event: 153.077 Thread 0x00000266398ae830 Thread added: 0x000002669d353310
Event: 153.413 Thread 0x000002669d353310 Thread exited: 0x000002669d353310
Event: 167.031 Thread 0x00000266398ae830 Thread added: 0x000002669d3519c0
Event: 167.037 Thread 0x00000266398ae830 Thread added: 0x000002669d352e00
Event: 167.053 Thread 0x00000266398ae830 Thread added: 0x000002669d350fa0
Event: 168.668 Thread 0x00000266398ae830 Thread added: 0x000002669d353310
Event: 168.750 Thread 0x00000266398ae830 Thread added: 0x000002669d353d30
Event: 168.873 Thread 0x000002669d353d30 Thread added: 0x000002669d354750
Event: 178.977 Thread 0x000002669d354750 Thread exited: 0x000002669d354750


Dynamic libraries:
0x00007ff6b6f70000 - 0x00007ff6b6f7e000 	C:\Users\LENOVO\.jdks\corretto-17.0.13\bin\java.exe
0x00007ff8b3590000 - 0x00007ff8b37a7000 	C:\WINDOWS\SYSTEM32\ntdll.dll
0x00007ff8b24c0000 - 0x00007ff8b2584000 	C:\WINDOWS\System32\KERNEL32.DLL
0x00007ff8b0b10000 - 0x00007ff8b0ec7000 	C:\WINDOWS\System32\KERNELBASE.dll
0x00007ff8b09f0000 - 0x00007ff8b0b01000 	C:\WINDOWS\System32\ucrtbase.dll
0x00007ff883b20000 - 0x00007ff883b37000 	C:\Users\LENOVO\.jdks\corretto-17.0.13\bin\jli.dll
0x00007ff89e350000 - 0x00007ff89e36b000 	C:\Users\LENOVO\.jdks\corretto-17.0.13\bin\VCRUNTIME140.dll
0x00007ff8b2880000 - 0x00007ff8b2a2f000 	C:\WINDOWS\System32\USER32.dll
0x00007ff8b0920000 - 0x00007ff8b0946000 	C:\WINDOWS\System32\win32u.dll
0x00007ff8b3520000 - 0x00007ff8b3549000 	C:\WINDOWS\System32\GDI32.dll
0x00007ff8b0ed0000 - 0x00007ff8b0fe8000 	C:\WINDOWS\System32\gdi32full.dll
0x00007ff8b0950000 - 0x00007ff8b09ea000 	C:\WINDOWS\System32\msvcp_win.dll
0x00007ff8a0070000 - 0x00007ff8a0303000 	C:\WINDOWS\WinSxS\amd64_microsoft.windows.common-controls_6595b64144ccf1df_6.0.22621.3672_none_2713b9d173822955\COMCTL32.dll
0x00007ff8b1490000 - 0x00007ff8b1537000 	C:\WINDOWS\System32\msvcrt.dll
0x00007ff8b12c0000 - 0x00007ff8b12f1000 	C:\WINDOWS\System32\IMM32.DLL
0x00007ff8aa240000 - 0x00007ff8aa24c000 	C:\Users\LENOVO\.jdks\corretto-17.0.13\bin\vcruntime140_1.dll
0x00007ff8780d0000 - 0x00007ff87815d000 	C:\Users\LENOVO\.jdks\corretto-17.0.13\bin\msvcp140.dll
0x00007fffdfd30000 - 0x00007fffe099c000 	C:\Users\LENOVO\.jdks\corretto-17.0.13\bin\server\jvm.dll
0x00007ff8b3300000 - 0x00007ff8b33b2000 	C:\WINDOWS\System32\ADVAPI32.dll
0x00007ff8b22c0000 - 0x00007ff8b2368000 	C:\WINDOWS\System32\sechost.dll
0x00007ff8b1290000 - 0x00007ff8b12b8000 	C:\WINDOWS\System32\bcrypt.dll
0x00007ff8b2a30000 - 0x00007ff8b2b44000 	C:\WINDOWS\System32\RPCRT4.dll
0x00007ff8b1550000 - 0x00007ff8b15c1000 	C:\WINDOWS\System32\WS2_32.dll
0x00007ff8b0770000 - 0x00007ff8b07bd000 	C:\WINDOWS\SYSTEM32\POWRPROF.dll
0x00007ff8a55f0000 - 0x00007ff8a55fa000 	C:\WINDOWS\SYSTEM32\VERSION.dll
0x00007ff8ab6d0000 - 0x00007ff8ab704000 	C:\WINDOWS\SYSTEM32\WINMM.dll
0x00007ff8b0750000 - 0x00007ff8b0763000 	C:\WINDOWS\SYSTEM32\UMPDC.dll
0x00007ff8af860000 - 0x00007ff8af878000 	C:\WINDOWS\SYSTEM32\kernel.appcore.dll
0x00007ff8a9fb0000 - 0x00007ff8a9fba000 	C:\Users\LENOVO\.jdks\corretto-17.0.13\bin\jimage.dll
0x00007ff8ae100000 - 0x00007ff8ae332000 	C:\WINDOWS\SYSTEM32\DBGHELP.DLL
0x00007ff8b2ce0000 - 0x00007ff8b306e000 	C:\WINDOWS\System32\combase.dll
0x00007ff8b3070000 - 0x00007ff8b3147000 	C:\WINDOWS\System32\OLEAUT32.dll
0x00007ff882da0000 - 0x00007ff882dd2000 	C:\WINDOWS\SYSTEM32\dbgcore.DLL
0x00007ff8b08a0000 - 0x00007ff8b091b000 	C:\WINDOWS\System32\bcryptPrimitives.dll
0x00007ff8780a0000 - 0x00007ff8780c5000 	C:\Users\LENOVO\.jdks\corretto-17.0.13\bin\java.dll
0x00007ff877a50000 - 0x00007ff877b27000 	C:\Users\LENOVO\.jdks\corretto-17.0.13\bin\jsvml.dll
0x00007ff8b15d0000 - 0x00007ff8b1e39000 	C:\WINDOWS\System32\SHELL32.dll
0x00007ff8ae7c0000 - 0x00007ff8af0bf000 	C:\WINDOWS\SYSTEM32\windows.storage.dll
0x00007ff8ae680000 - 0x00007ff8ae7bf000 	C:\WINDOWS\SYSTEM32\wintypes.dll
0x00007ff8b3420000 - 0x00007ff8b3519000 	C:\WINDOWS\System32\SHCORE.dll
0x00007ff8b1410000 - 0x00007ff8b146e000 	C:\WINDOWS\System32\shlwapi.dll
0x00007ff8b07d0000 - 0x00007ff8b07f7000 	C:\WINDOWS\SYSTEM32\profapi.dll
0x00007ff87da00000 - 0x00007ff87da19000 	C:\Users\LENOVO\.jdks\corretto-17.0.13\bin\net.dll
0x00007ff8aae30000 - 0x00007ff8aaf66000 	C:\WINDOWS\SYSTEM32\WINHTTP.dll
0x00007ff8afd40000 - 0x00007ff8afda9000 	C:\WINDOWS\system32\mswsock.dll
0x00007ff878080000 - 0x00007ff878096000 	C:\Users\LENOVO\.jdks\corretto-17.0.13\bin\nio.dll
0x00007ff87dc20000 - 0x00007ff87dc38000 	C:\Users\LENOVO\.jdks\corretto-17.0.13\bin\zip.dll
0x00007ff8a9140000 - 0x00007ff8a9150000 	C:\Users\LENOVO\.jdks\corretto-17.0.13\bin\verify.dll
0x00007ff89e450000 - 0x00007ff89e459000 	C:\Users\LENOVO\.jdks\corretto-17.0.13\bin\extnet.dll
0x00007ff89e440000 - 0x00007ff89e44e000 	C:\Users\LENOVO\.jdks\corretto-17.0.13\bin\sunmscapi.dll
0x00007ff8b1120000 - 0x00007ff8b1286000 	C:\WINDOWS\System32\CRYPT32.dll
0x00007ff8b0150000 - 0x00007ff8b017d000 	C:\WINDOWS\SYSTEM32\ncrypt.dll
0x00007ff8b0110000 - 0x00007ff8b0147000 	C:\WINDOWS\SYSTEM32\NTASN1.dll
0x00007ff869a10000 - 0x00007ff869a18000 	C:\WINDOWS\system32\wshunix.dll
0x00007ff8affc0000 - 0x00007ff8affdb000 	C:\WINDOWS\SYSTEM32\CRYPTSP.dll
0x00007ff8af820000 - 0x00007ff8af855000 	C:\WINDOWS\system32\rsaenh.dll
0x00007ff8afe50000 - 0x00007ff8afe78000 	C:\WINDOWS\SYSTEM32\USERENV.dll
0x00007ff8affb0000 - 0x00007ff8affbc000 	C:\WINDOWS\SYSTEM32\CRYPTBASE.dll
0x00007ff8af320000 - 0x00007ff8af34d000 	C:\WINDOWS\SYSTEM32\IPHLPAPI.DLL
0x00007ff8b2750000 - 0x00007ff8b2759000 	C:\WINDOWS\System32\NSI.dll
0x00007ff8ab2d0000 - 0x00007ff8ab2e9000 	C:\WINDOWS\SYSTEM32\dhcpcsvc6.DLL
0x00007ff8aae10000 - 0x00007ff8aae2f000 	C:\WINDOWS\SYSTEM32\dhcpcsvc.DLL
0x00007ff8af390000 - 0x00007ff8af492000 	C:\WINDOWS\SYSTEM32\DNSAPI.dll
0x00007ff8abc70000 - 0x00007ff8abc7a000 	C:\Windows\System32\rasadhlp.dll
0x00007ff8a8120000 - 0x00007ff8a81a3000 	C:\WINDOWS\System32\fwpuclnt.dll
0x00007ff8a9be0000 - 0x00007ff8a9bee000 	C:\Users\LENOVO\.jdks\corretto-17.0.13\bin\instrument.dll
0x00007ff8a9050000 - 0x00007ff8a9059000 	C:\Users\LENOVO\.jdks\corretto-17.0.13\bin\management.dll
0x00007ff89e460000 - 0x00007ff89e46b000 	C:\Users\LENOVO\.jdks\corretto-17.0.13\bin\management_ext.dll
0x00007ff8b2cb0000 - 0x00007ff8b2cb8000 	C:\WINDOWS\System32\PSAPI.DLL
0x00007ff88a1e0000 - 0x00007ff88a1f7000 	C:\WINDOWS\system32\napinsp.dll
0x00007ff8896b0000 - 0x00007ff8896cb000 	C:\WINDOWS\system32\pnrpnsp.dll
0x00007ff888250000 - 0x00007ff888261000 	C:\WINDOWS\System32\winrnr.dll
0x00007ff8aa910000 - 0x00007ff8aa925000 	C:\WINDOWS\system32\wshbth.dll
0x00007ff887b70000 - 0x00007ff887b97000 	C:\WINDOWS\system32\nlansp_c.dll

dbghelp: loaded successfully - version: 4.0.5 - missing functions: none
symbol engine: initialized successfully - sym options: 0x614 - pdb path: .;C:\Users\LENOVO\.jdks\corretto-17.0.13\bin;C:\WINDOWS\SYSTEM32;C:\WINDOWS\WinSxS\amd64_microsoft.windows.common-controls_6595b64144ccf1df_6.0.22621.3672_none_2713b9d173822955;C:\Users\LENOVO\.jdks\corretto-17.0.13\bin\server

VM Arguments:
jvm_args: -Dorg.gradle.internal.worker.tmpdir=C:\Users\LENOVO\Desktop\github_projects\car-inventory-mgr\inventory-service\build\tmp\test\work -Dspring.profiles.active=test -Xmx512m -Dfile.encoding=UTF-8 -Duser.country=GB -Duser.language=en -Duser.variant -ea 
java_command: worker.org.gradle.process.internal.worker.GradleWorkerMain 'Gradle Test Executor 1'
java_class_path (initial): C:\\Users\\LENOVO\\.gradle\\caches\\8.10.2\\workerMain\\gradle-worker.jar;C:\\Users\\LENOVO\\Desktop\\github_projects\\car-inventory-mgr\\inventory-service\\build\\classes\\java\\test;C:\\Users\\LENOVO\\Desktop\\github_projects\\car-inventory-mgr\\inventory-service\\build\\resources\\test;C:\\Users\\LENOVO\\Desktop\\github_projects\\car-inventory-mgr\\inventory-service\\build\\classes\\java\\main;C:\\Users\\LENOVO\\Desktop\\github_projects\\car-inventory-mgr\\inventory-service\\build\\resources\\main;C:\\Users\\LENOVO\\.gradle\\caches\\modules-2\\files-2.1\\org.springframework.boot\\spring-boot-starter-amqp\\3.3.4\\5ebead2eb26d754b8f19101092f441aaffad6945\\spring-boot-starter-amqp-3.3.4.jar;C:\\Users\\LENOVO\\.gradle\\caches\\modules-2\\files-2.1\\org.springframework.boot\\spring-boot-starter-data-jpa\\3.3.4\\60df2a5bea8752fb215f3c8e1dffeb3554773a49\\spring-boot-starter-data-jpa-3.3.4.jar;C:\\Users\\LENOVO\\.gradle\\caches\\modules-2\\files-2.1\\org.springframework.boot\\spring-boot-starter-data-rest\\3.3.4\\4da3124bcb02f82be8903c18d31dc95fa1a8be16\\spring-boot-starter-data-rest-3.3.4.jar;C:\\Users\\LENOVO\\.gradle\\caches\\modules-2\\files-2.1\\org.springframework.boot\\spring-boot-starter-web\\3.3.4\\b43a9fd107611337777b47dc7518e2aca59e58eb\\spring-boot-starter-web-3.3.4.jar;C:\\Users\\LENOVO\\.gradle\\caches\\modules-2\\files-2.1\\org.liquibase\\liquibase-core\\4.27.0\\759da7263b8b282202d8a157a0c47653b92e473e\\liquibase-core-4.27.0.jar;C:\\Users\\LENOVO\\.gradle\\caches\\modules-2\\files-2.1\\org.springdoc\\springdoc-openapi-ui\\1.6.8\\818ee564cf44aace39bc08d24d06bd5c411ead66\\springdoc-openapi-ui-1.6.8.jar;C:\\Users\\LENOVO\\.gradle\\caches\\modules-2\\files-2.1\\org.postgresql\\postgresql\\42.7.4\\264310fd7b2cd76738787dc0b9f7ea2e3b11adc1\\postgresql-42.7.4.jar;C:\\Users\\LENOVO\\.gradle\\caches\\modules-2\\files-2.1\\org.testcontainers\\rabbitmq\\1.19.7\\45dcd3ae89fb4f1f9140a6f518c721e78afecf0b\\rabbitmq-1.19.7.jar;C:\\Users\\LENOVO
Launcher Type: SUN_STANDARD

[Global flags]
     intx CICompilerCount                          = 4                                         {product} {ergonomic}
     uint ConcGCThreads                            = 2                                         {product} {ergonomic}
     uint G1ConcRefinementThreads                  = 8                                         {product} {ergonomic}
   size_t G1HeapRegionSize                         = 1048576                                   {product} {ergonomic}
    uintx GCDrainStackTargetSize                   = 64                                        {product} {ergonomic}
   size_t InitialHeapSize                          = 100663296                                 {product} {ergonomic}
   size_t MarkStackSize                            = 4194304                                   {product} {ergonomic}
   size_t MaxHeapSize                              = 536870912                                 {product} {command line}
   size_t MaxNewSize                               = 321912832                                 {product} {ergonomic}
   size_t MinHeapDeltaBytes                        = 1048576                                   {product} {ergonomic}
   size_t MinHeapSize                              = 8388608                                   {product} {ergonomic}
    uintx NonNMethodCodeHeapSize                   = 5839372                                {pd product} {ergonomic}
    uintx NonProfiledCodeHeapSize                  = 122909434                              {pd product} {ergonomic}
    uintx ProfiledCodeHeapSize                     = 122909434                              {pd product} {ergonomic}
    uintx ReservedCodeCacheSize                    = 251658240                              {pd product} {ergonomic}
     bool SegmentedCodeCache                       = true                                      {product} {ergonomic}
   size_t SoftMaxHeapSize                          = 536870912                              {manageable} {ergonomic}
     bool UseCompressedClassPointers               = true                           {product lp64_product} {ergonomic}
     bool UseCompressedOops                        = true                           {product lp64_product} {ergonomic}
     bool UseG1GC                                  = true                                      {product} {ergonomic}
     bool UseLargePagesIndividualAllocation        = false                                  {pd product} {ergonomic}

Logging:
Log output configuration:
 #0: stdout all=warning uptime,level,tags
 #1: stderr all=off uptime,level,tags

Environment Variables:
PATH=C:\Program Files\OpenLogic\jdk-17.0.12.7-hotspot\bin;C:\Python311\Scripts\;C:\Python311\;C:\Program Files (x86)\NVIDIA Corporation\PhysX\Common;C:\WINDOWS\system32;C:\WINDOWS;C:\WINDOWS\System32\Wbem;C:\WINDOWS\System32\WindowsPowerShell\v1.0\;C:\WINDOWS\System32\OpenSSH\;C:\Program Files\Calibre2\;C:\Program Files\MATLAB\R2022b\bin;C:\Program Files\Microsoft SQL Server\Client SDK\ODBC\170\Tools\Binn\;C:\Program Files (x86)\Microsoft SQL Server\150\Tools\Binn\;C:\Program Files\Microsoft SQL Server\150\Tools\Binn\;C:\Program Files\Microsoft SQL Server\150\DTS\Binn\;C:\Program Files (x86)\Windows Kits\8.1\Windows Performance Toolkit\;C:\Program Files\Git\cmd;C:\Program Files\nodejs\;C:\ProgramData\chocolatey\bin;C:\Program Files\dotnet\;C:\Program Files (x86)\Windows Kits\10\Windows Performance Toolkit\;C:\Program Files\Rancher Desktop\resources\resources\win32\bin\;C:\Program Files\Rancher Desktop\resources\resources\win32\docker-cli-plugins\;C:\Program Files\Rancher Desktop\resources\resources\linux\bin\;C:\Program Files\Rancher Desktop\resources\resources\linux\docker-cli-plugins\;C:\Program Files\Docker\Docker\resources\bin;C:\Program Files\PostgreSQL\16\bin;C:\Users\LENOVO\AppData\Local\Microsoft\WindowsApps;C:\Program Files\JetBrains\PyCharm Community Edition 2022.2.1\bin;;C:\Users\LENOVO\AppData\Local\Programs\Microsoft VS Code\bin;C:\Users\LENOVO\AppData\Roaming\npm;C:\Users\LENOVO\AppData\Local\pnpm;C:\Users\LENOVO\.dotnet\tools
USERNAME=LENOVO
OS=Windows_NT
PROCESSOR_IDENTIFIER=AMD64 Family 23 Model 24 Stepping 1, AuthenticAMD
TMP=C:\Users\LENOVO\AppData\Local\Temp
TEMP=C:\Users\LENOVO\AppData\Local\Temp



Periodic native trim disabled


---------------  S Y S T E M  ---------------

OS:
 Windows 11 , 64 bit Build 22621 (10.0.22621.3958)
OS uptime: 0 days 21:32 hours
Hyper-V role detected

CPU: total 8 (initial active 8) (8 cores per cpu, 2 threads per core) family 23 model 24 stepping 1 microcode 0x0, cx8, cmov, fxsr, ht, mmx, 3dnowpref, sse, sse2, sse3, ssse3, sse4a, sse4.1, sse4.2, popcnt, lzcnt, tsc, tscinvbit, avx, avx2, aes, clmul, bmi1, bmi2, adx, sha, fma, vzeroupper, clflush, clflushopt, hv
Processor Information for all 8 processors :
  Max Mhz: 2100, Current Mhz: 2100, Mhz Limit: 2100

Memory: 4k page, system-wide physical 6082M (31M free)
TotalPageFile size 24514M (AvailPageFile size 3M)
current process WorkingSet (physical memory assigned to process): 207M, peak: 220M
current process commit charge ("private bytes"): 267M, peak: 275M

vm_info: OpenJDK 64-Bit Server VM (17.0.13+11-LTS) for windows-amd64 JRE (17.0.13+11-LTS), built on Oct 10 2024 19:51:30 by "Administrator" with MS VC++ 16.10 / 16.11 (VS2019)

END.
