#
# There is insufficient memory for the Java Runtime Environment to continue.
# Native memory allocation (malloc) failed to allocate 1150000 bytes. Error detail: Chunk::new
# Possible reasons:
#   The system is out of physical RAM or swap space
#   This process is running with CompressedOops enabled, and the Java Heap may be blocking the growth of the native heap
# Possible solutions:
#   Reduce memory load on the system
#   Increase physical memory or swap space
#   Check if swap backing store is full
#   Decrease Java heap size (-Xmx/-Xms)
#   Decrease number of Java threads
#   Decrease Java thread stack sizes (-Xss)
#   Set larger code cache with -XX:ReservedCodeCacheSize=
#   JVM is running with Unscaled Compressed Oops mode in which the Java heap is
#     placed in the first 4GB address space. The Java Heap base address is the
#     maximum limit for the native heap growth. Please use -XX:HeapBaseMinAddress
#     to set the Java Heap base and to place the Java Heap above 4GB virtual address.
# This output file may be truncated or incomplete.
#
#  Out of Memory Error (arena.cpp:191), pid=30884, tid=17128
#
# JRE version: OpenJDK Runtime Environment Corretto-17.0.13.11.1 (17.0.13+11) (build 17.0.13+11-LTS)
# Java VM: OpenJDK 64-Bit Server VM Corretto-17.0.13.11.1 (17.0.13+11-LTS, mixed mode, sharing, tiered, compressed oops, compressed class ptrs, g1 gc, windows-amd64)
# No core dump will be written. Minidumps are not enabled by default on client versions of Windows
#

---------------  S U M M A R Y ------------

Command Line: -Dorg.gradle.internal.worker.tmpdir=C:\Users\LENOVO\Desktop\github_projects\car-inventory-mgr\inventory-service\build\tmp\test\work -Dspring.profiles.active=test -Xmx512m -Dfile.encoding=UTF-8 -Duser.country=GB -Duser.language=en -Duser.variant -ea worker.org.gradle.process.internal.worker.GradleWorkerMain 'Gradle Test Executor 1'

Host: AMD Ryzen 5 3500U with Radeon Vega Mobile Gfx  , 8 cores, 5G,  Windows 11 , 64 bit Build 22621 (10.0.22621.3958)
Time: Sat Nov  9 11:46:25 2024 GMT Standard Time elapsed time: 62.859172 seconds (0d 0h 1m 2s)

---------------  T H R E A D  ---------------

Current thread (0x0000017872ff7cb0):  JavaThread "C2 CompilerThread2" daemon [_thread_in_native, id=17128, stack(0x0000005279800000,0x0000005279900000)]


Current CompileTask:
C2:  62859 4967       4       jdk.internal.org.objectweb.asm.MethodWriter::computeAllFrames (510 bytes)

Stack: [0x0000005279800000,0x0000005279900000]
Native frames: (J=compiled Java code, j=interpreted, Vv=VM code, C=native code)
V  [jvm.dll+0x680c19]
V  [jvm.dll+0x83888a]
V  [jvm.dll+0x83a34e]
V  [jvm.dll+0x83a9b3]
V  [jvm.dll+0x2481af]
V  [jvm.dll+0xac9f4]
V  [jvm.dll+0xad03c]
V  [jvm.dll+0x3677b7]
V  [jvm.dll+0x1bd3c2]
V  [jvm.dll+0x21a859]
V  [jvm.dll+0x219b41]
V  [jvm.dll+0x1a58ed]
V  [jvm.dll+0x22988d]
V  [jvm.dll+0x227a1c]
V  [jvm.dll+0x7ed737]
V  [jvm.dll+0x7e7b2c]
V  [jvm.dll+0x67fae7]
C  [ucrtbase.dll+0x29333]
C  [KERNEL32.DLL+0x1257d]
C  [ntdll.dll+0x5af08]


---------------  P R O C E S S  ---------------

Threads class SMR info:
_java_thread_list=0x00000178716044a0, length=29, elements={
0x000001780e5cdca0, 0x000001782b05cd30, 0x000001782b05dbb0, 0x000001782b071440,
0x000001782b073010, 0x000001782b0769f0, 0x000001782b0773b0, 0x000001782b078150,
0x000001782b0848d0, 0x000001782b0912e0, 0x000001782b4561b0, 0x000001782b2c84d0,
0x000001782ba900f0, 0x000001782bbbb060, 0x000001782bb8d210, 0x0000017872c97010,
0x0000017871ad87b0, 0x0000017871a1f6f0, 0x0000017871a20110, 0x0000017871a20620,
0x0000017871a1d890, 0x0000017871a1dda0, 0x0000017871a1ce70, 0x0000017871a1fc00,
0x0000017871a1d380, 0x0000017871a1e7c0, 0x0000017871a1e2b0, 0x0000017871d9d860,
0x0000017872ff7cb0
}

Java Threads: ( => current thread )
  0x000001780e5cdca0 JavaThread "Test worker" [_thread_in_native, id=22188, stack(0x0000005279a00000,0x0000005279b00000)]
  0x000001782b05cd30 JavaThread "Reference Handler" daemon [_thread_blocked, id=32268, stack(0x000000527a100000,0x000000527a200000)]
  0x000001782b05dbb0 JavaThread "Finalizer" daemon [_thread_blocked, id=14940, stack(0x000000527a200000,0x000000527a300000)]
  0x000001782b071440 JavaThread "Signal Dispatcher" daemon [_thread_blocked, id=21732, stack(0x000000527a300000,0x000000527a400000)]
  0x000001782b073010 JavaThread "Attach Listener" daemon [_thread_blocked, id=7580, stack(0x000000527a400000,0x000000527a500000)]
  0x000001782b0769f0 JavaThread "Service Thread" daemon [_thread_blocked, id=14200, stack(0x000000527a500000,0x000000527a600000)]
  0x000001782b0773b0 JavaThread "Monitor Deflation Thread" daemon [_thread_blocked, id=7960, stack(0x000000527a600000,0x000000527a700000)]
  0x000001782b078150 JavaThread "C2 CompilerThread0" daemon [_thread_in_native, id=27316, stack(0x000000527a700000,0x000000527a800000)]
  0x000001782b0848d0 JavaThread "C1 CompilerThread0" daemon [_thread_blocked, id=6968, stack(0x000000527a800000,0x000000527a900000)]
  0x000001782b0912e0 JavaThread "Sweeper thread" daemon [_thread_blocked, id=13924, stack(0x000000527a900000,0x000000527aa00000)]
  0x000001782b4561b0 JavaThread "Notification Thread" daemon [_thread_blocked, id=31396, stack(0x000000527aa00000,0x000000527ab00000)]
  0x000001782b2c84d0 JavaThread "Common-Cleaner" daemon [_thread_blocked, id=29528, stack(0x000000527ac00000,0x000000527ad00000)]
  0x000001782ba900f0 JavaThread "/127.0.0.1:51548 to /127.0.0.1:51547 workers" [_thread_blocked, id=5112, stack(0x000000527ae00000,0x000000527af00000)]
  0x000001782bbbb060 JavaThread "/127.0.0.1:51548 to /127.0.0.1:51547 workers Thread 2" [_thread_blocked, id=20708, stack(0x000000527af00000,0x000000527b000000)]
  0x000001782bb8d210 JavaThread "/127.0.0.1:51548 to /127.0.0.1:51547 workers Thread 3" [_thread_in_native, id=25772, stack(0x000000527b000000,0x000000527b100000)]
  0x0000017872c97010 JavaThread "Thread-3" daemon [_thread_in_native, id=20396, stack(0x000000527ba00000,0x000000527bb00000)]
  0x0000017871ad87b0 JavaThread "Thread-4" daemon [_thread_in_native, id=26364, stack(0x000000527bb00000,0x000000527bc00000)]
  0x0000017871a1f6f0 JavaThread "Thread-5" daemon [_thread_in_native, id=31228, stack(0x000000527bc00000,0x000000527bd00000)]
  0x0000017871a20110 JavaThread "Thread-6" daemon [_thread_in_native, id=320, stack(0x000000527bd00000,0x000000527be00000)]
  0x0000017871a20620 JavaThread "Thread-7" daemon [_thread_in_native, id=32636, stack(0x000000527be00000,0x000000527bf00000)]
  0x0000017871a1d890 JavaThread "Thread-8" daemon [_thread_in_native, id=19524, stack(0x000000527bf00000,0x000000527c000000)]
  0x0000017871a1dda0 JavaThread "Thread-9" daemon [_thread_in_native, id=31608, stack(0x000000527c000000,0x000000527c100000)]
  0x0000017871a1ce70 JavaThread "Thread-10" daemon [_thread_in_native, id=22464, stack(0x000000527c100000,0x000000527c200000)]
  0x0000017871a1fc00 JavaThread "Thread-11" daemon [_thread_in_native, id=20344, stack(0x000000527c200000,0x000000527c300000)]
  0x0000017871a1d380 JavaThread "Thread-16" daemon [_thread_blocked, id=10096, stack(0x000000527c400000,0x000000527c500000)]
  0x0000017871a1e7c0 JavaThread "Thread-17" daemon [_thread_blocked, id=31932, stack(0x000000527c500000,0x000000527c600000)]
  0x0000017871a1e2b0 JavaThread "testcontainers-ryuk" daemon [_thread_blocked, id=11424, stack(0x000000527c300000,0x000000527c400000)]
  0x0000017871d9d860 JavaThread "C2 CompilerThread1" daemon [_thread_blocked, id=7040, stack(0x0000005279700000,0x0000005279800000)]
=>0x0000017872ff7cb0 JavaThread "C2 CompilerThread2" daemon [_thread_in_native, id=17128, stack(0x0000005279800000,0x0000005279900000)]

Other Threads:
  0x000001782b059380 VMThread "VM Thread" [stack: 0x000000527a000000,0x000000527a100000] [id=18480]
  0x000001782b4586a0 WatcherThread [stack: 0x000000527ab00000,0x000000527ac00000] [id=22916]
  0x000001780e5fc1b0 GCTaskThread "GC Thread#0" [stack: 0x0000005279b00000,0x0000005279c00000] [id=27704]
  0x000001782b2c7430 GCTaskThread "GC Thread#1" [stack: 0x000000527b100000,0x000000527b200000] [id=22736]
  0x000001782bb8d6f0 GCTaskThread "GC Thread#2" [stack: 0x000000527b200000,0x000000527b300000] [id=25908]
  0x000001782bb8d9b0 GCTaskThread "GC Thread#3" [stack: 0x000000527b300000,0x000000527b400000] [id=16248]
  0x000001782bb74a90 GCTaskThread "GC Thread#4" [stack: 0x000000527b400000,0x000000527b500000] [id=27524]
  0x000001782bb74d50 GCTaskThread "GC Thread#5" [stack: 0x000000527b500000,0x000000527b600000] [id=3048]
  0x000001782bb75010 GCTaskThread "GC Thread#6" [stack: 0x000000527b600000,0x000000527b700000] [id=7900]
  0x000001782bb752d0 GCTaskThread "GC Thread#7" [stack: 0x000000527b700000,0x000000527b800000] [id=8980]
  0x000001780e601100 ConcurrentGCThread "G1 Main Marker" [stack: 0x0000005279c00000,0x0000005279d00000] [id=17156]
  0x000001780e601b20 ConcurrentGCThread "G1 Conc#0" [stack: 0x0000005279d00000,0x0000005279e00000] [id=5084]
  0x0000017872a6f6d0 ConcurrentGCThread "G1 Conc#1" [stack: 0x000000527b900000,0x000000527ba00000] [id=30020]
  0x000001782af20090 ConcurrentGCThread "G1 Refine#0" [stack: 0x0000005279e00000,0x0000005279f00000] [id=18484]
  0x0000017871059ea0 ConcurrentGCThread "G1 Refine#1" [stack: 0x000000527b800000,0x000000527b900000] [id=31048]
  0x000001782af20ac0 ConcurrentGCThread "G1 Service" [stack: 0x0000005279f00000,0x000000527a000000] [id=31164]

Threads with active compile tasks:
C2 CompilerThread0    62887 4792       4       org.springframework.beans.factory.support.AbstractBeanFactory::isTypeMatch (745 bytes)
C2 CompilerThread2    62888 4967       4       jdk.internal.org.objectweb.asm.MethodWriter::computeAllFrames (510 bytes)

VM state: not at safepoint (normal execution)

VM Mutex/Monitor currently owned by a thread: None

Heap address: 0x00000000e0000000, size: 512 MB, Compressed Oops mode: 32-bit

CDS archive(s) mapped at: [0x000001782c000000-0x000001782cbb0000-0x000001782cbb0000), size 12255232, SharedBaseAddress: 0x000001782c000000, ArchiveRelocationMode: 1.
Compressed class space mapped at: 0x000001782d000000-0x000001786d000000, reserved size: 1073741824
Narrow klass base: 0x000001782c000000, Narrow klass shift: 0, Narrow klass range: 0x100000000

GC Precious Log:
 CPUs: 8 total, 8 available
 Memory: 6082M
 Large Page Support: Disabled
 NUMA Support: Disabled
 Compressed Oops: Enabled (32-bit)
 Heap Region Size: 1M
 Heap Min Capacity: 8M
 Heap Initial Capacity: 96M
 Heap Max Capacity: 512M
 Pre-touch: Disabled
 Parallel Workers: 8
 Concurrent Workers: 2
 Concurrent Refinement Workers: 8
 Periodic GC: Disabled

Heap:
 garbage-first heap   total 61440K, used 27445K [0x00000000e0000000, 0x0000000100000000)
  region size 1024K, 5 young (5120K), 3 survivors (3072K)
 Metaspace       used 41028K, committed 41408K, reserved 1114112K
  class space    used 5388K, committed 5568K, reserved 1048576K

Heap Regions: E=young(eden), S=young(survivor), O=old, HS=humongous(starts), HC=humongous(continues), CS=collection set, F=free, OA=open archive, CA=closed archive, TAMS=top-at-mark-start (previous, next)
|   0|0x00000000e0000000, 0x00000000e0100000, 0x00000000e0100000|100%|HS|  |TAMS 0x00000000e0100000, 0x00000000e0000000| Complete 
|   1|0x00000000e0100000, 0x00000000e0200000, 0x00000000e0200000|100%|HC|  |TAMS 0x00000000e0200000, 0x00000000e0100000| Complete 
|   2|0x00000000e0200000, 0x00000000e0300000, 0x00000000e0300000|100%|HS|  |TAMS 0x00000000e0300000, 0x00000000e0200000| Complete 
|   3|0x00000000e0300000, 0x00000000e0400000, 0x00000000e0400000|100%| O|  |TAMS 0x00000000e0400000, 0x00000000e0300000| Untracked 
|   4|0x00000000e0400000, 0x00000000e0500000, 0x00000000e0500000|100%| O|  |TAMS 0x00000000e0500000, 0x00000000e0400000| Untracked 
|   5|0x00000000e0500000, 0x00000000e0600000, 0x00000000e0600000|100%| O|  |TAMS 0x00000000e0600000, 0x00000000e0500000| Untracked 
|   6|0x00000000e0600000, 0x00000000e0700000, 0x00000000e0700000|100%| O|  |TAMS 0x00000000e0700000, 0x00000000e0600000| Untracked 
|   7|0x00000000e0700000, 0x00000000e0800000, 0x00000000e0800000|100%| O|  |TAMS 0x00000000e0800000, 0x00000000e0700000| Untracked 
|   8|0x00000000e0800000, 0x00000000e0900000, 0x00000000e0900000|100%| O|  |TAMS 0x00000000e0900000, 0x00000000e0800000| Untracked 
|   9|0x00000000e0900000, 0x00000000e0a00000, 0x00000000e0a00000|100%| O|  |TAMS 0x00000000e0a00000, 0x00000000e0900000| Untracked 
|  10|0x00000000e0a00000, 0x00000000e0b00000, 0x00000000e0b00000|100%| O|  |TAMS 0x00000000e0b00000, 0x00000000e0a00000| Untracked 
|  11|0x00000000e0b00000, 0x00000000e0c00000, 0x00000000e0c00000|100%| O|  |TAMS 0x00000000e0b8f400, 0x00000000e0b00000| Untracked 
|  12|0x00000000e0c00000, 0x00000000e0d00000, 0x00000000e0d00000|100%| O|  |TAMS 0x00000000e0d00000, 0x00000000e0c00000| Untracked 
|  13|0x00000000e0d00000, 0x00000000e0e00000, 0x00000000e0e00000|100%| O|  |TAMS 0x00000000e0e00000, 0x00000000e0d00000| Untracked 
|  14|0x00000000e0e00000, 0x00000000e0f00000, 0x00000000e0f00000|100%| O|  |TAMS 0x00000000e0f00000, 0x00000000e0e00000| Untracked 
|  15|0x00000000e0f00000, 0x00000000e1000000, 0x00000000e1000000|100%| O|  |TAMS 0x00000000e0f00000, 0x00000000e0f00000| Untracked 
|  16|0x00000000e1000000, 0x00000000e1100000, 0x00000000e1100000|100%| O|  |TAMS 0x00000000e1000000, 0x00000000e1000000| Untracked 
|  17|0x00000000e1100000, 0x00000000e11eee00, 0x00000000e1200000| 93%| O|  |TAMS 0x00000000e1100000, 0x00000000e1100000| Untracked 
|  18|0x00000000e1200000, 0x00000000e1200000, 0x00000000e1300000|  0%| F|  |TAMS 0x00000000e1200000, 0x00000000e1200000| Untracked 
|  19|0x00000000e1300000, 0x00000000e1300000, 0x00000000e1400000|  0%| F|  |TAMS 0x00000000e1300000, 0x00000000e1300000| Untracked 
|  20|0x00000000e1400000, 0x00000000e1400000, 0x00000000e1500000|  0%| F|  |TAMS 0x00000000e1400000, 0x00000000e1400000| Untracked 
|  21|0x00000000e1500000, 0x00000000e1500000, 0x00000000e1600000|  0%| F|  |TAMS 0x00000000e1500000, 0x00000000e1500000| Untracked 
|  22|0x00000000e1600000, 0x00000000e1700000, 0x00000000e1700000|100%| O|  |TAMS 0x00000000e1700000, 0x00000000e1600000| Untracked 
|  23|0x00000000e1700000, 0x00000000e1800000, 0x00000000e1800000|100%| O|  |TAMS 0x00000000e1800000, 0x00000000e1700000| Untracked 
|  24|0x00000000e1800000, 0x00000000e1900000, 0x00000000e1900000|100%| O|  |TAMS 0x00000000e1900000, 0x00000000e1800000| Untracked 
|  25|0x00000000e1900000, 0x00000000e1a00000, 0x00000000e1a00000|100%| O|  |TAMS 0x00000000e1a00000, 0x00000000e1900000| Untracked 
|  26|0x00000000e1a00000, 0x00000000e1b00000, 0x00000000e1b00000|100%| O|  |TAMS 0x00000000e1b00000, 0x00000000e1a00000| Untracked 
|  27|0x00000000e1b00000, 0x00000000e1b00000, 0x00000000e1c00000|  0%| F|  |TAMS 0x00000000e1b00000, 0x00000000e1b00000| Untracked 
|  28|0x00000000e1c00000, 0x00000000e1c00000, 0x00000000e1d00000|  0%| F|  |TAMS 0x00000000e1c00000, 0x00000000e1c00000| Untracked 
|  29|0x00000000e1d00000, 0x00000000e1d00000, 0x00000000e1e00000|  0%| F|  |TAMS 0x00000000e1d00000, 0x00000000e1d00000| Untracked 
|  30|0x00000000e1e00000, 0x00000000e1e00000, 0x00000000e1f00000|  0%| F|  |TAMS 0x00000000e1e00000, 0x00000000e1e00000| Untracked 
|  31|0x00000000e1f00000, 0x00000000e1f00000, 0x00000000e2000000|  0%| F|  |TAMS 0x00000000e1f00000, 0x00000000e1f00000| Untracked 
|  32|0x00000000e2000000, 0x00000000e2000000, 0x00000000e2100000|  0%| F|  |TAMS 0x00000000e2000000, 0x00000000e2000000| Untracked 
|  33|0x00000000e2100000, 0x00000000e2100000, 0x00000000e2200000|  0%| F|  |TAMS 0x00000000e2100000, 0x00000000e2100000| Untracked 
|  34|0x00000000e2200000, 0x00000000e2200000, 0x00000000e2300000|  0%| F|  |TAMS 0x00000000e2200000, 0x00000000e2200000| Untracked 
|  35|0x00000000e2300000, 0x00000000e23de630, 0x00000000e2400000| 86%| S|CS|TAMS 0x00000000e2300000, 0x00000000e2300000| Complete 
|  36|0x00000000e2400000, 0x00000000e2500000, 0x00000000e2500000|100%| S|CS|TAMS 0x00000000e2400000, 0x00000000e2400000| Complete 
|  37|0x00000000e2500000, 0x00000000e2600000, 0x00000000e2600000|100%| S|CS|TAMS 0x00000000e2500000, 0x00000000e2500000| Complete 
|  38|0x00000000e2600000, 0x00000000e2600000, 0x00000000e2700000|  0%| F|  |TAMS 0x00000000e2600000, 0x00000000e2600000| Untracked 
|  39|0x00000000e2700000, 0x00000000e2700000, 0x00000000e2800000|  0%| F|  |TAMS 0x00000000e2700000, 0x00000000e2700000| Untracked 
|  40|0x00000000e2800000, 0x00000000e2800000, 0x00000000e2900000|  0%| F|  |TAMS 0x00000000e2800000, 0x00000000e2800000| Untracked 
|  41|0x00000000e2900000, 0x00000000e2900000, 0x00000000e2a00000|  0%| F|  |TAMS 0x00000000e2900000, 0x00000000e2900000| Untracked 
|  42|0x00000000e2a00000, 0x00000000e2a00000, 0x00000000e2b00000|  0%| F|  |TAMS 0x00000000e2a00000, 0x00000000e2a00000| Untracked 
|  43|0x00000000e2b00000, 0x00000000e2b00000, 0x00000000e2c00000|  0%| F|  |TAMS 0x00000000e2b00000, 0x00000000e2b00000| Untracked 
|  44|0x00000000e2c00000, 0x00000000e2c00000, 0x00000000e2d00000|  0%| F|  |TAMS 0x00000000e2c00000, 0x00000000e2c00000| Untracked 
|  45|0x00000000e2d00000, 0x00000000e2d00000, 0x00000000e2e00000|  0%| F|  |TAMS 0x00000000e2d00000, 0x00000000e2d00000| Untracked 
|  46|0x00000000e2e00000, 0x00000000e2e00000, 0x00000000e2f00000|  0%| F|  |TAMS 0x00000000e2e00000, 0x00000000e2e00000| Untracked 
|  47|0x00000000e2f00000, 0x00000000e2f00000, 0x00000000e3000000|  0%| F|  |TAMS 0x00000000e2f00000, 0x00000000e2f00000| Untracked 
|  48|0x00000000e3000000, 0x00000000e3000000, 0x00000000e3100000|  0%| F|  |TAMS 0x00000000e3000000, 0x00000000e3000000| Untracked 
|  49|0x00000000e3100000, 0x00000000e3100000, 0x00000000e3200000|  0%| F|  |TAMS 0x00000000e3100000, 0x00000000e3100000| Untracked 
|  50|0x00000000e3200000, 0x00000000e3200000, 0x00000000e3300000|  0%| F|  |TAMS 0x00000000e3200000, 0x00000000e3200000| Untracked 
|  51|0x00000000e3300000, 0x00000000e3300000, 0x00000000e3400000|  0%| F|  |TAMS 0x00000000e3300000, 0x00000000e3300000| Untracked 
|  52|0x00000000e3400000, 0x00000000e3400000, 0x00000000e3500000|  0%| F|  |TAMS 0x00000000e3400000, 0x00000000e3400000| Untracked 
|  53|0x00000000e3500000, 0x00000000e3500000, 0x00000000e3600000|  0%| F|  |TAMS 0x00000000e3500000, 0x00000000e3500000| Untracked 
|  60|0x00000000e3c00000, 0x00000000e3c00000, 0x00000000e3d00000|  0%| F|  |TAMS 0x00000000e3c00000, 0x00000000e3c00000| Untracked 
|  61|0x00000000e3d00000, 0x00000000e3d00000, 0x00000000e3e00000|  0%| F|  |TAMS 0x00000000e3d00000, 0x00000000e3d00000| Untracked 
|  62|0x00000000e3e00000, 0x00000000e3e00000, 0x00000000e3f00000|  0%| F|  |TAMS 0x00000000e3e00000, 0x00000000e3e00000| Untracked 
|  63|0x00000000e3f00000, 0x00000000e3f00000, 0x00000000e4000000|  0%| F|  |TAMS 0x00000000e3f00000, 0x00000000e3f00000| Untracked 
|  94|0x00000000e5e00000, 0x00000000e5ecc398, 0x00000000e5f00000| 79%| E|  |TAMS 0x00000000e5e00000, 0x00000000e5e00000| Complete 
|  95|0x00000000e5f00000, 0x00000000e6000000, 0x00000000e6000000|100%| E|CS|TAMS 0x00000000e5f00000, 0x00000000e5f00000| Complete 

Card table byte_map: [0x0000017827450000,0x0000017827550000] _byte_map_base: 0x0000017826d50000

Marking Bits (Prev, Next): (CMBitMap*) 0x000001780e5fc7d0, (CMBitMap*) 0x000001780e5fc810
 Prev Bits: [0x0000017827650000, 0x0000017827e50000)
 Next Bits: [0x0000017827e50000, 0x0000017828650000)

Polling page: 0x000001780e670000

Metaspace:

Usage:
  Non-class:     34.80 MB used.
      Class:      5.26 MB used.
       Both:     40.07 MB used.

Virtual space:
  Non-class space:       64.00 MB reserved,      35.00 MB ( 55%) committed,  1 nodes.
      Class space:        1.00 GB reserved,       5.44 MB ( <1%) committed,  1 nodes.
             Both:        1.06 GB reserved,      40.44 MB (  4%) committed. 

Chunk freelists:
   Non-Class:  12.45 MB
       Class:  10.41 MB
        Both:  22.86 MB

MaxMetaspaceSize: unlimited
CompressedClassSpaceSize: 1.00 GB
Initial GC threshold: 21.00 MB
Current GC threshold: 58.69 MB
CDS: on
MetaspaceReclaimPolicy: balanced
 - commit_granule_bytes: 65536.
 - commit_granule_words: 8192.
 - virtual_space_node_default_size: 8388608.
 - enlarge_chunks_in_place: 1.
 - new_chunks_are_fully_committed: 0.
 - uncommit_free_chunks: 1.
 - use_allocation_guard: 0.
 - handle_deallocations: 1.


Internal statistics:

num_allocs_failed_limit: 8.
num_arena_births: 520.
num_arena_deaths: 0.
num_vsnodes_births: 2.
num_vsnodes_deaths: 0.
num_space_committed: 647.
num_space_uncommitted: 0.
num_chunks_returned_to_freelist: 8.
num_chunks_taken_from_freelist: 1979.
num_chunk_merges: 3.
num_chunk_splits: 1416.
num_chunks_enlarged: 1109.
num_inconsistent_stats: 0.

CodeHeap 'non-profiled nmethods': size=120000Kb used=2586Kb max_used=2586Kb free=117413Kb
 bounds [0x000001781f390000, 0x000001781f620000, 0x00000178268c0000]
CodeHeap 'profiled nmethods': size=120000Kb used=10757Kb max_used=10757Kb free=109242Kb
 bounds [0x00000178178c0000, 0x0000017818350000, 0x000001781edf0000]
CodeHeap 'non-nmethods': size=5760Kb used=1248Kb max_used=1305Kb free=4511Kb
 bounds [0x000001781edf0000, 0x000001781f060000, 0x000001781f390000]
 total_blobs=5564 nmethods=5005 adapters=471
 compilation: enabled
              stopped_count=0, restarted_count=0
 full_count=0

Compilation events (20 events):
Event: 62.627 Thread 0x000001782b0848d0 nmethod 5004 0x000001781833b190 code [0x000001781833b340, 0x000001781833b5b8]
Event: 62.627 Thread 0x000001782b0848d0 5005       3       java.lang.reflect.Field::hashCode (19 bytes)
Event: 62.627 Thread 0x000001782b0848d0 nmethod 5005 0x000001781833b690 code [0x000001781833b860, 0x000001781833bb08]
Event: 62.634 Thread 0x000001782b0848d0 5007       3       org.springframework.core.ResolvableType::forMethodParameter (40 bytes)
Event: 62.634 Thread 0x000001782b0848d0 nmethod 5007 0x000001781833bc90 code [0x000001781833bee0, 0x000001781833ca68]
Event: 62.675 Thread 0x000001782b0848d0 5008       3       java.lang.Thread::getContextClassLoader (32 bytes)
Event: 62.677 Thread 0x000001782b0848d0 nmethod 5008 0x000001781833ce90 code [0x000001781833d0c0, 0x000001781833da18]
Event: 62.714 Thread 0x000001782b0848d0 5009       3       jdk.internal.reflect.Reflection::verifyMemberAccess (200 bytes)
Event: 62.718 Thread 0x000001782b0848d0 nmethod 5009 0x000001781833dd10 code [0x000001781833e280, 0x0000017818340a58]
Event: 62.814 Thread 0x0000017871d9d860 nmethod 4785 0x000001781f608790 code [0x000001781f609080, 0x000001781f610440]
Event: 62.815 Thread 0x0000017871d9d860 4989       4       org.springframework.core.annotation.AnnotationFilter::matches (11 bytes)
Event: 62.825 Thread 0x0000017871d9d860 nmethod 4989 0x000001781f614590 code [0x000001781f614720, 0x000001781f614aa8]
Event: 62.825 Thread 0x0000017871d9d860 4968       4       jdk.internal.org.objectweb.asm.ByteVector::putByteArray (49 bytes)
Event: 62.827 Thread 0x0000017871d9d860 nmethod 4968 0x000001781f614d90 code [0x000001781f614f00, 0x000001781f615058]
Event: 62.827 Thread 0x0000017871d9d860 4980       4       jdk.internal.org.objectweb.asm.Frame::getLocal (46 bytes)
Event: 62.829 Thread 0x0000017871d9d860 nmethod 4980 0x000001781f615190 code [0x000001781f615300, 0x000001781f6153d8]
Event: 62.829 Thread 0x0000017871d9d860 4962       4       java.lang.Class::annotationData (44 bytes)
Event: 62.848 Thread 0x0000017871d9d860 nmethod 4962 0x000001781f615490 code [0x000001781f6156c0, 0x000001781f615fb0]
Event: 62.848 Thread 0x0000017871d9d860 5006       4       java.util.stream.Sink::begin (1 bytes)
Event: 62.848 Thread 0x0000017871d9d860 nmethod 5006 0x000001781f616890 code [0x000001781f616a00, 0x000001781f616a78]

GC Heap History (20 events):
Event: 4.877 GC heap before
{Heap before GC invocations=2 (full 0):
 garbage-first heap   total 98304K, used 48934K [0x00000000e0000000, 0x0000000100000000)
  region size 1024K, 36 young (36864K), 1 survivors (1024K)
 Metaspace       used 15924K, committed 16192K, reserved 1114112K
  class space    used 2063K, committed 2176K, reserved 1048576K
}
Event: 4.881 GC heap after
{Heap after GC invocations=3 (full 0):
 garbage-first heap   total 98304K, used 14870K [0x00000000e0000000, 0x0000000100000000)
  region size 1024K, 3 young (3072K), 3 survivors (3072K)
 Metaspace       used 15924K, committed 16192K, reserved 1114112K
  class space    used 2063K, committed 2176K, reserved 1048576K
}
Event: 6.137 GC heap before
{Heap before GC invocations=3 (full 0):
 garbage-first heap   total 98304K, used 46614K [0x00000000e0000000, 0x0000000100000000)
  region size 1024K, 35 young (35840K), 3 survivors (3072K)
 Metaspace       used 21273K, committed 21504K, reserved 1114112K
  class space    used 2771K, committed 2880K, reserved 1048576K
}
Event: 6.145 GC heap after
{Heap after GC invocations=4 (full 0):
 garbage-first heap   total 98304K, used 15864K [0x00000000e0000000, 0x0000000100000000)
  region size 1024K, 4 young (4096K), 4 survivors (4096K)
 Metaspace       used 21273K, committed 21504K, reserved 1114112K
  class space    used 2771K, committed 2880K, reserved 1048576K
}
Event: 58.918 GC heap before
{Heap before GC invocations=5 (full 0):
 garbage-first heap   total 61440K, used 49656K [0x00000000e0000000, 0x0000000100000000)
  region size 1024K, 38 young (38912K), 4 survivors (4096K)
 Metaspace       used 25453K, committed 25728K, reserved 1114112K
  class space    used 3335K, committed 3456K, reserved 1048576K
}
Event: 58.926 GC heap after
{Heap after GC invocations=6 (full 0):
 garbage-first heap   total 61440K, used 19555K [0x00000000e0000000, 0x0000000100000000)
  region size 1024K, 7 young (7168K), 7 survivors (7168K)
 Metaspace       used 25453K, committed 25728K, reserved 1114112K
  class space    used 3335K, committed 3456K, reserved 1048576K
}
Event: 58.961 GC heap before
{Heap before GC invocations=6 (full 0):
 garbage-first heap   total 61440K, used 20579K [0x00000000e0000000, 0x0000000100000000)
  region size 1024K, 8 young (8192K), 7 survivors (7168K)
 Metaspace       used 25609K, committed 25856K, reserved 1114112K
  class space    used 3358K, committed 3456K, reserved 1048576K
}
Event: 58.967 GC heap after
{Heap after GC invocations=7 (full 0):
 garbage-first heap   total 61440K, used 19972K [0x00000000e0000000, 0x0000000100000000)
  region size 1024K, 1 young (1024K), 1 survivors (1024K)
 Metaspace       used 25609K, committed 25856K, reserved 1114112K
  class space    used 3358K, committed 3456K, reserved 1048576K
}
Event: 59.643 GC heap before
{Heap before GC invocations=7 (full 0):
 garbage-first heap   total 61440K, used 42500K [0x00000000e0000000, 0x0000000100000000)
  region size 1024K, 24 young (24576K), 1 survivors (1024K)
 Metaspace       used 30134K, committed 30528K, reserved 1114112K
  class space    used 3925K, committed 4096K, reserved 1048576K
}
Event: 59.645 GC heap after
{Heap after GC invocations=8 (full 0):
 garbage-first heap   total 61440K, used 20192K [0x00000000e0000000, 0x0000000100000000)
  region size 1024K, 2 young (2048K), 2 survivors (2048K)
 Metaspace       used 30134K, committed 30528K, reserved 1114112K
  class space    used 3925K, committed 4096K, reserved 1048576K
}
Event: 60.161 GC heap before
{Heap before GC invocations=8 (full 0):
 garbage-first heap   total 61440K, used 42720K [0x00000000e0000000, 0x0000000100000000)
  region size 1024K, 25 young (25600K), 2 survivors (2048K)
 Metaspace       used 33872K, committed 34240K, reserved 1114112K
  class space    used 4434K, committed 4608K, reserved 1048576K
}
Event: 60.165 GC heap after
{Heap after GC invocations=9 (full 0):
 garbage-first heap   total 61440K, used 21858K [0x00000000e0000000, 0x0000000100000000)
  region size 1024K, 3 young (3072K), 3 survivors (3072K)
 Metaspace       used 33872K, committed 34240K, reserved 1114112K
  class space    used 4434K, committed 4608K, reserved 1048576K
}
Event: 60.809 GC heap before
{Heap before GC invocations=9 (full 0):
 garbage-first heap   total 61440K, used 45410K [0x00000000e0000000, 0x0000000100000000)
  region size 1024K, 26 young (26624K), 3 survivors (3072K)
 Metaspace       used 35593K, committed 35968K, reserved 1114112K
  class space    used 4634K, committed 4800K, reserved 1048576K
}
Event: 60.814 GC heap after
{Heap after GC invocations=10 (full 0):
 garbage-first heap   total 61440K, used 23608K [0x00000000e0000000, 0x0000000100000000)
  region size 1024K, 4 young (4096K), 4 survivors (4096K)
 Metaspace       used 35593K, committed 35968K, reserved 1114112K
  class space    used 4634K, committed 4800K, reserved 1048576K
}
Event: 60.853 GC heap before
{Heap before GC invocations=10 (full 0):
 garbage-first heap   total 61440K, used 24632K [0x00000000e0000000, 0x0000000100000000)
  region size 1024K, 6 young (6144K), 4 survivors (4096K)
 Metaspace       used 35652K, committed 35968K, reserved 1114112K
  class space    used 4643K, committed 4800K, reserved 1048576K
}
Event: 60.856 GC heap after
{Heap after GC invocations=11 (full 0):
 garbage-first heap   total 61440K, used 24013K [0x00000000e0000000, 0x0000000100000000)
  region size 1024K, 3 young (3072K), 3 survivors (3072K)
 Metaspace       used 35652K, committed 35968K, reserved 1114112K
  class space    used 4643K, committed 4800K, reserved 1048576K
}
Event: 61.713 GC heap before
{Heap before GC invocations=12 (full 0):
 garbage-first heap   total 61440K, used 46541K [0x00000000e0000000, 0x0000000100000000)
  region size 1024K, 25 young (25600K), 3 survivors (3072K)
 Metaspace       used 38135K, committed 38464K, reserved 1114112K
  class space    used 4971K, committed 5120K, reserved 1048576K
}
Event: 61.717 GC heap after
{Heap after GC invocations=13 (full 0):
 garbage-first heap   total 61440K, used 24936K [0x00000000e0000000, 0x0000000100000000)
  region size 1024K, 4 young (4096K), 4 survivors (4096K)
 Metaspace       used 38135K, committed 38464K, reserved 1114112K
  class space    used 4971K, committed 5120K, reserved 1048576K
}
Event: 62.650 GC heap before
{Heap before GC invocations=13 (full 0):
 garbage-first heap   total 61440K, used 47464K [0x00000000e0000000, 0x0000000100000000)
  region size 1024K, 26 young (26624K), 4 survivors (4096K)
 Metaspace       used 40785K, committed 41216K, reserved 1114112K
  class space    used 5344K, committed 5504K, reserved 1048576K
}
Event: 62.655 GC heap after
{Heap after GC invocations=14 (full 0):
 garbage-first heap   total 61440K, used 26421K [0x00000000e0000000, 0x0000000100000000)
  region size 1024K, 3 young (3072K), 3 survivors (3072K)
 Metaspace       used 40785K, committed 41216K, reserved 1114112K
  class space    used 5344K, committed 5504K, reserved 1048576K
}

Dll operation events (9 events):
Event: 0.016 Loaded shared library C:\Users\LENOVO\.jdks\corretto-17.0.13\bin\java.dll
Event: 0.130 Loaded shared library C:\Users\LENOVO\.jdks\corretto-17.0.13\bin\jsvml.dll
Event: 0.389 Loaded shared library C:\Users\LENOVO\.jdks\corretto-17.0.13\bin\net.dll
Event: 0.394 Loaded shared library C:\Users\LENOVO\.jdks\corretto-17.0.13\bin\nio.dll
Event: 0.400 Loaded shared library C:\Users\LENOVO\.jdks\corretto-17.0.13\bin\zip.dll
Event: 0.544 Loaded shared library C:\Users\LENOVO\.jdks\corretto-17.0.13\bin\verify.dll
Event: 0.559 Loaded shared library C:\Users\LENOVO\.jdks\corretto-17.0.13\bin\jimage.dll
Event: 1.553 Loaded shared library C:\Users\LENOVO\.jdks\corretto-17.0.13\bin\extnet.dll
Event: 1.809 Loaded shared library C:\Users\LENOVO\.jdks\corretto-17.0.13\bin\sunmscapi.dll

Deoptimization events (20 events):
Event: 62.582 Thread 0x000001780e5cdca0 Uncommon trap: trap_request=0xffffff45 fr.pc=0x000001781f5628fc relative=0x0000000000000bfc
Event: 62.582 Thread 0x000001780e5cdca0 Uncommon trap: reason=unstable_if action=reinterpret pc=0x000001781f5628fc method=org.springframework.util.ConcurrentReferenceHashMap$Segment.findInChain(Lorg/springframework/util/ConcurrentReferenceHashMap$Reference;Ljava/lang/Object;I)Lorg/springframewo
Event: 62.583 Thread 0x000001780e5cdca0 DEOPT PACKING pc=0x000001781f5628fc sp=0x0000005279afa4b0
Event: 62.583 Thread 0x000001780e5cdca0 DEOPT UNPACKING pc=0x000001781ee469a3 sp=0x0000005279afa370 mode 2
Event: 62.583 Thread 0x000001780e5cdca0 Uncommon trap: trap_request=0xffffff45 fr.pc=0x000001781f53d448 relative=0x0000000000000208
Event: 62.583 Thread 0x000001780e5cdca0 Uncommon trap: reason=unstable_if action=reinterpret pc=0x000001781f53d448 method=org.springframework.util.ConcurrentReferenceHashMap$Segment.findInChain(Lorg/springframework/util/ConcurrentReferenceHashMap$Reference;Ljava/lang/Object;I)Lorg/springframewo
Event: 62.583 Thread 0x000001780e5cdca0 DEOPT PACKING pc=0x000001781f53d448 sp=0x0000005279afa2a0
Event: 62.583 Thread 0x000001780e5cdca0 DEOPT UNPACKING pc=0x000001781ee469a3 sp=0x0000005279afa248 mode 2
Event: 62.583 Thread 0x000001780e5cdca0 Uncommon trap: trap_request=0xffffff45 fr.pc=0x000001781f5640f8 relative=0x0000000000000a98
Event: 62.583 Thread 0x000001780e5cdca0 Uncommon trap: reason=unstable_if action=reinterpret pc=0x000001781f5640f8 method=org.springframework.util.ConcurrentReferenceHashMap$Segment.findInChain(Lorg/springframework/util/ConcurrentReferenceHashMap$Reference;Ljava/lang/Object;I)Lorg/springframewo
Event: 62.583 Thread 0x000001780e5cdca0 DEOPT PACKING pc=0x000001781f5640f8 sp=0x0000005279afa420
Event: 62.583 Thread 0x000001780e5cdca0 DEOPT UNPACKING pc=0x000001781ee469a3 sp=0x0000005279afa368 mode 2
Event: 62.723 Thread 0x000001780e5cdca0 Uncommon trap: trap_request=0xffffffde fr.pc=0x000001781f480fa0 relative=0x0000000000001520
Event: 62.723 Thread 0x000001780e5cdca0 Uncommon trap: reason=class_check action=maybe_recompile pc=0x000001781f480fa0 method=java.util.zip.InflaterInputStream.read([BII)I @ 100 c2
Event: 62.723 Thread 0x000001780e5cdca0 DEOPT PACKING pc=0x000001781f480fa0 sp=0x0000005279af6f30
Event: 62.723 Thread 0x000001780e5cdca0 DEOPT UNPACKING pc=0x000001781ee469a3 sp=0x0000005279af6f80 mode 2
Event: 62.723 Thread 0x000001780e5cdca0 Uncommon trap: trap_request=0xffffffde fr.pc=0x000001781f480fa0 relative=0x0000000000001520
Event: 62.723 Thread 0x000001780e5cdca0 Uncommon trap: reason=class_check action=maybe_recompile pc=0x000001781f480fa0 method=java.util.zip.InflaterInputStream.read([BII)I @ 100 c2
Event: 62.723 Thread 0x000001780e5cdca0 DEOPT PACKING pc=0x000001781f480fa0 sp=0x0000005279af6f30
Event: 62.723 Thread 0x000001780e5cdca0 DEOPT UNPACKING pc=0x000001781ee469a3 sp=0x0000005279af6f80 mode 2

Classes loaded (20 events):
Event: 62.421 Loading class java/lang/invoke/MethodHandleImpl$CountingWrapper
Event: 62.421 Loading class java/lang/invoke/MethodHandleImpl$CountingWrapper done
Event: 62.445 Loading class java/util/DualPivotQuicksort
Event: 62.446 Loading class java/util/DualPivotQuicksort done
Event: 62.587 Loading class sun/reflect/annotation/AnnotationInvocationHandler$1
Event: 62.587 Loading class sun/reflect/annotation/AnnotationInvocationHandler$1 done
Event: 62.699 Loading class java/security/DomainCombiner
Event: 62.699 Loading class java/security/DomainCombiner done
Event: 62.701 Loading class java/lang/ProcessHandle$Info
Event: 62.701 Loading class java/lang/ProcessHandle$Info done
Event: 62.713 Loading class java/lang/instrument/Instrumentation
Event: 62.714 Loading class java/lang/instrument/Instrumentation done
Event: 62.720 Loading class java/util/jar/JarInputStream
Event: 62.721 Loading class java/util/zip/ZipInputStream
Event: 62.721 Loading class java/util/zip/ZipInputStream done
Event: 62.721 Loading class java/util/jar/JarInputStream done
Event: 62.721 Loading class java/io/PushbackInputStream
Event: 62.722 Loading class java/io/PushbackInputStream done
Event: 62.723 Loading class sun/security/util/ManifestEntryVerifier
Event: 62.724 Loading class sun/security/util/ManifestEntryVerifier done

Classes unloaded (0 events):
No events

Classes redefined (0 events):
No events

Internal exceptions (20 events):
Event: 62.367 Thread 0x000001780e5cdca0 Exception <a 'java/lang/NoSuchMethodError'{0x00000000e2d25540}: 'java.lang.Object java.lang.invoke.Invokers$Holder.invoker(java.lang.Object, java.lang.Object, java.lang.Object, java.lang.Object, java.lang.Object, java.lang.Object, java.lang.Object, java.lang.Object, java.lang.Object, java.lang.Object, java.lang.Object, java.lang.Object, java.lang.Object, java.lang.Object)'> (0x00000000e2d25540) 
thrown [s\src\hotspot\share\interpreter\linkResolver.cpp, line 759]
Event: 62.367 Thread 0x000001780e5cdca0 Exception <a 'java/lang/NoSuchMethodError'{0x00000000e2d2b530}: 'java.lang.Object java.lang.invoke.DirectMethodHandle$Holder.invokeSpecial(java.lang.Object, java.lang.Object, java.lang.Object, java.lang.Object, java.lang.Object, java.lang.Object, java.lang.Object, java.lang.Object, java.lang.Object, java.lang.Object, java.lang.Object, java.lang.Object, java.lang.Object, java.lang.Object, java.lang.Object)'> (0x00000000e2d2b530) 
thrown [s\src\hotspot\share\interpreter\linkResolver.cpp, line 759]
Event: 62.372 Thread 0x000001780e5cdca0 Exception <a 'java/lang/NoSuchMethodError'{0x00000000e2d3c490}: 'int java.lang.invoke.DirectMethodHandle$Holder.invokeStaticInit(java.lang.Object, int, int)'> (0x00000000e2d3c490) 
thrown [s\src\hotspot\share\interpreter\linkResolver.cpp, line 759]
Event: 62.372 Thread 0x000001780e5cdca0 Exception <a 'java/lang/NoSuchMethodError'{0x00000000e2d44720}: 'int java.lang.invoke.DirectMethodHandle$Holder.invokeStaticInit(java.lang.Object, long, long)'> (0x00000000e2d44720) 
thrown [s\src\hotspot\share\interpreter\linkResolver.cpp, line 759]
Event: 62.373 Thread 0x000001780e5cdca0 Exception <a 'java/lang/NoSuchMethodError'{0x00000000e2d4c010}: 'int java.lang.invoke.DirectMethodHandle$Holder.invokeStaticInit(java.lang.Object, float, float)'> (0x00000000e2d4c010) 
thrown [s\src\hotspot\share\interpreter\linkResolver.cpp, line 759]
Event: 62.375 Thread 0x000001780e5cdca0 Exception <a 'java/lang/NoSuchMethodError'{0x00000000e2d53908}: 'int java.lang.invoke.DirectMethodHandle$Holder.invokeStaticInit(java.lang.Object, double, double)'> (0x00000000e2d53908) 
thrown [s\src\hotspot\share\interpreter\linkResolver.cpp, line 759]
Event: 62.375 Thread 0x000001780e5cdca0 Exception <a 'java/lang/NoSuchMethodError'{0x00000000e2d58978}: 'int java.lang.invoke.DirectMethodHandle$Holder.invokeStatic(java.lang.Object, long)'> (0x00000000e2d58978) 
thrown [s\src\hotspot\share\interpreter\linkResolver.cpp, line 759]
Event: 62.382 Thread 0x000001780e5cdca0 Exception <a 'java/lang/NoSuchMethodError'{0x00000000e2d7df80}: 'int java.lang.invoke.DirectMethodHandle$Holder.invokeSpecial(java.lang.Object, java.lang.Object, int)'> (0x00000000e2d7df80) 
thrown [s\src\hotspot\share\interpreter\linkResolver.cpp, line 759]
Event: 62.383 Thread 0x000001780e5cdca0 Exception <a 'java/lang/NoSuchMethodError'{0x00000000e2d860d8}: 'int java.lang.invoke.Invokers$Holder.linkToTargetMethod(java.lang.Object, java.lang.Object)'> (0x00000000e2d860d8) 
thrown [s\src\hotspot\share\interpreter\linkResolver.cpp, line 759]
Event: 62.407 Thread 0x000001780e5cdca0 Exception <a 'java/lang/NoSuchMethodError'{0x00000000e2c41b88}: 'java.lang.Object java.lang.invoke.DirectMethodHandle$Holder.invokeSpecial(java.lang.Object, java.lang.Object, java.lang.Object, java.lang.Object, java.lang.Object, java.lang.Object, java.lang.Object, java.lang.Object, java.lang.Object, java.lang.Object)'> (0x00000000e2c41b88) 
thrown [s\src\hotspot\share\interpreter\linkResolver.cpp, line 759]
Event: 62.408 Thread 0x000001780e5cdca0 Exception <a 'java/lang/NoSuchMethodError'{0x00000000e2c46c10}: 'java.lang.Object java.lang.invoke.Invokers$Holder.invoke_MT(java.lang.Object, java.lang.Object, java.lang.Object, java.lang.Object, java.lang.Object, java.lang.Object, java.lang.Object, java.lang.Object, java.lang.Object, java.lang.Object)'> (0x00000000e2c46c10) 
thrown [s\src\hotspot\share\interpreter\linkResolver.cpp, line 759]
Event: 62.420 Thread 0x000001780e5cdca0 Exception <a 'java/lang/NoSuchMethodError'{0x00000000e2c8be90}: 'java.lang.Object java.lang.invoke.DirectMethodHandle$Holder.invokeSpecial(java.lang.Object, java.lang.Object, int, java.lang.Object, java.lang.Object)'> (0x00000000e2c8be90) 
thrown [s\src\hotspot\share\interpreter\linkResolver.cpp, line 759]
Event: 62.421 Thread 0x000001780e5cdca0 Exception <a 'java/lang/NoSuchMethodError'{0x00000000e2c90330}: 'java.lang.Object java.lang.invoke.DelegatingMethodHandle$Holder.delegate(java.lang.Object, int, java.lang.Object, java.lang.Object)'> (0x00000000e2c90330) 
thrown [s\src\hotspot\share\interpreter\linkResolver.cpp, line 759]
Event: 62.424 Thread 0x000001780e5cdca0 Exception <a 'java/lang/NoSuchMethodError'{0x00000000e2ca1c38}: 'int java.lang.invoke.Invokers$Holder.linkToTargetMethod(java.lang.Object, java.lang.Object, java.lang.Object)'> (0x00000000e2ca1c38) 
thrown [s\src\hotspot\share\interpreter\linkResolver.cpp, line 759]
Event: 62.516 Thread 0x000001780e5cdca0 Exception <a 'java/lang/NoClassDefFoundError'{0x00000000e2af1058}: org/flywaydb/core/Flyway> (0x00000000e2af1058) 
thrown [s\src\hotspot\share\classfile\systemDictionary.cpp, line 245]
Event: 62.529 Thread 0x000001780e5cdca0 Exception <a 'java/lang/NoClassDefFoundError'{0x00000000e2952500}: org/springframework/batch/core/repository/JobRepository> (0x00000000e2952500) 
thrown [s\src\hotspot\share\classfile\systemDictionary.cpp, line 245]
Event: 62.530 Thread 0x000001780e5cdca0 Exception <a 'java/lang/NoClassDefFoundError'{0x00000000e2956398}: org/quartz/Scheduler> (0x00000000e2956398) 
thrown [s\src\hotspot\share\classfile\systemDictionary.cpp, line 245]
Event: 62.530 Thread 0x000001780e5cdca0 Exception <a 'java/lang/NoClassDefFoundError'{0x00000000e295a9d8}: org/springframework/session/jdbc/JdbcIndexedSessionRepository> (0x00000000e295a9d8) 
thrown [s\src\hotspot\share\classfile\systemDictionary.cpp, line 245]
Event: 62.602 Thread 0x000001780e5cdca0 Exception <a 'java/lang/NoClassDefFoundError'{0x00000000e27e0790}: org/jooq/DSLContext> (0x00000000e27e0790) 
thrown [s\src\hotspot\share\classfile\systemDictionary.cpp, line 245]
Event: 62.714 Thread 0x000001780e5cdca0 Exception <a 'java/lang/reflect/InvocationTargetException'{0x00000000e5e53208}> (0x00000000e5e53208) 
thrown [s\src\hotspot\share\runtime\reflection.cpp, line 1128]

VM Operations (20 events):
Event: 61.587 Executing VM operation: HandshakeAllThreads
Event: 61.587 Executing VM operation: HandshakeAllThreads done
Event: 61.603 Executing VM operation: HandshakeAllThreads
Event: 61.603 Executing VM operation: HandshakeAllThreads done
Event: 61.606 Executing VM operation: HandshakeAllThreads
Event: 61.606 Executing VM operation: HandshakeAllThreads done
Event: 61.713 Executing VM operation: G1CollectForAllocation
Event: 61.717 Executing VM operation: G1CollectForAllocation done
Event: 61.742 Executing VM operation: HandshakeAllThreads
Event: 61.742 Executing VM operation: HandshakeAllThreads done
Event: 61.957 Executing VM operation: HandshakeAllThreads
Event: 61.958 Executing VM operation: HandshakeAllThreads done
Event: 62.388 Executing VM operation: HandshakeAllThreads
Event: 62.388 Executing VM operation: HandshakeAllThreads done
Event: 62.393 Executing VM operation: HandshakeAllThreads
Event: 62.393 Executing VM operation: HandshakeAllThreads done
Event: 62.605 Executing VM operation: ICBufferFull
Event: 62.606 Executing VM operation: ICBufferFull done
Event: 62.650 Executing VM operation: G1CollectForAllocation
Event: 62.655 Executing VM operation: G1CollectForAllocation done

Memory protections (0 events):
No events

Nmethod flushes (0 events):
No events

Events (20 events):
Event: 15.984 Thread 0x0000017871a1e7c0 Thread exited: 0x0000017871a1e7c0
Event: 16.095 Thread 0x000001782b0848d0 Thread added: 0x0000017872db1820
Event: 19.393 Thread 0x0000017872db1820 Thread exited: 0x0000017872db1820
Event: 24.886 Thread 0x000001780e5cdca0 Thread added: 0x0000017871a1e2b0
Event: 24.922 Thread 0x000001780e5cdca0 Thread added: 0x0000017871a1d380
Event: 24.924 Thread 0x0000017871a1e2b0 Thread added: 0x0000017871a1e7c0
Event: 24.925 Thread 0x0000017871a1e2b0 Thread exited: 0x0000017871a1e2b0
Event: 24.928 Thread 0x000001780e5cdca0 Thread added: 0x0000017871a1e2b0
Event: 27.288 Thread 0x000001780e5cdca0 Thread added: 0x0000017871a1ecd0
Event: 53.403 Thread 0x0000017871a1ecd0 Thread exited: 0x0000017871a1ecd0
Event: 54.697 Thread 0x000001780e5cdca0 Thread added: 0x0000017871a1ecd0
Event: 58.577 Thread 0x0000017871a1ecd0 Thread exited: 0x0000017871a1ecd0
Event: 59.045 Thread 0x000001782b0848d0 Thread added: 0x000001782b289530
Event: 59.292 Thread 0x000001780e5cdca0 Thread added: 0x0000017871a1ecd0
Event: 60.114 Thread 0x0000017871a1ecd0 Thread exited: 0x0000017871a1ecd0
Event: 60.132 Thread 0x000001780e5cdca0 Thread added: 0x0000017871a1ecd0
Event: 60.218 Thread 0x0000017871a1ecd0 Thread exited: 0x0000017871a1ecd0
Event: 61.228 Thread 0x000001782b289530 Thread exited: 0x000001782b289530
Event: 61.288 Thread 0x000001782b0848d0 Thread added: 0x0000017871d9d860
Event: 61.424 Thread 0x000001782b0848d0 Thread added: 0x0000017872ff7cb0


Dynamic libraries:
0x00007ff6e85f0000 - 0x00007ff6e85fe000 	C:\Users\LENOVO\.jdks\corretto-17.0.13\bin\java.exe
0x00007fff0a190000 - 0x00007fff0a3a7000 	C:\WINDOWS\SYSTEM32\ntdll.dll
0x00007fff09810000 - 0x00007fff098d4000 	C:\WINDOWS\System32\KERNEL32.DLL
0x00007fff079e0000 - 0x00007fff07d97000 	C:\WINDOWS\System32\KERNELBASE.dll
0x00007fff07510000 - 0x00007fff07621000 	C:\WINDOWS\System32\ucrtbase.dll
0x00007ffef00a0000 - 0x00007ffef00bb000 	C:\Users\LENOVO\.jdks\corretto-17.0.13\bin\VCRUNTIME140.dll
0x00007ffef0550000 - 0x00007ffef0567000 	C:\Users\LENOVO\.jdks\corretto-17.0.13\bin\jli.dll
0x00007fff095d0000 - 0x00007fff0977f000 	C:\WINDOWS\System32\USER32.dll
0x00007fff07780000 - 0x00007fff077a6000 	C:\WINDOWS\System32\win32u.dll
0x00007fff098f0000 - 0x00007fff09919000 	C:\WINDOWS\System32\GDI32.dll
0x00007fff07630000 - 0x00007fff07748000 	C:\WINDOWS\System32\gdi32full.dll
0x00007fff07e20000 - 0x00007fff07eba000 	C:\WINDOWS\System32\msvcp_win.dll
0x00007ffeed950000 - 0x00007ffeedbe3000 	C:\WINDOWS\WinSxS\amd64_microsoft.windows.common-controls_6595b64144ccf1df_6.0.22621.3672_none_2713b9d173822955\COMCTL32.dll
0x00007fff0a090000 - 0x00007fff0a137000 	C:\WINDOWS\System32\msvcrt.dll
0x00007fff099e0000 - 0x00007fff09a11000 	C:\WINDOWS\System32\IMM32.DLL
0x00007ffefe6a0000 - 0x00007ffefe6ac000 	C:\Users\LENOVO\.jdks\corretto-17.0.13\bin\vcruntime140_1.dll
0x00007ffec9400000 - 0x00007ffec948d000 	C:\Users\LENOVO\.jdks\corretto-17.0.13\bin\msvcp140.dll
0x00007ffe3ce60000 - 0x00007ffe3dacc000 	C:\Users\LENOVO\.jdks\corretto-17.0.13\bin\server\jvm.dll
0x00007fff09920000 - 0x00007fff099d2000 	C:\WINDOWS\System32\ADVAPI32.dll
0x00007fff09310000 - 0x00007fff093b8000 	C:\WINDOWS\System32\sechost.dll
0x00007fff07750000 - 0x00007fff07778000 	C:\WINDOWS\System32\bcrypt.dll
0x00007fff08910000 - 0x00007fff08a24000 	C:\WINDOWS\System32\RPCRT4.dll
0x00007fff08730000 - 0x00007fff087a1000 	C:\WINDOWS\System32\WS2_32.dll
0x00007fff01f40000 - 0x00007fff01f74000 	C:\WINDOWS\SYSTEM32\WINMM.dll
0x00007fff07370000 - 0x00007fff073bd000 	C:\WINDOWS\SYSTEM32\POWRPROF.dll
0x00007ffefb4e0000 - 0x00007ffefb4ea000 	C:\WINDOWS\SYSTEM32\VERSION.dll
0x00007fff072a0000 - 0x00007fff072b3000 	C:\WINDOWS\SYSTEM32\UMPDC.dll
0x00007fff06460000 - 0x00007fff06478000 	C:\WINDOWS\SYSTEM32\kernel.appcore.dll
0x00007ffefe630000 - 0x00007ffefe63a000 	C:\Users\LENOVO\.jdks\corretto-17.0.13\bin\jimage.dll
0x00007fff04d00000 - 0x00007fff04f32000 	C:\WINDOWS\SYSTEM32\DBGHELP.DLL
0x00007fff09b80000 - 0x00007fff09f0e000 	C:\WINDOWS\System32\combase.dll
0x00007fff08cb0000 - 0x00007fff08d87000 	C:\WINDOWS\System32\OLEAUT32.dll
0x00007ffed77e0000 - 0x00007ffed7812000 	C:\WINDOWS\SYSTEM32\dbgcore.DLL
0x00007fff07da0000 - 0x00007fff07e1b000 	C:\WINDOWS\System32\bcryptPrimitives.dll
0x00007ffee67f0000 - 0x00007ffee6815000 	C:\Users\LENOVO\.jdks\corretto-17.0.13\bin\java.dll
0x00007ffec0560000 - 0x00007ffec0637000 	C:\Users\LENOVO\.jdks\corretto-17.0.13\bin\jsvml.dll
0x00007fff07ec0000 - 0x00007fff08729000 	C:\WINDOWS\System32\SHELL32.dll
0x00007fff053c0000 - 0x00007fff05cbf000 	C:\WINDOWS\SYSTEM32\windows.storage.dll
0x00007fff05280000 - 0x00007fff053bf000 	C:\WINDOWS\SYSTEM32\wintypes.dll
0x00007fff087b0000 - 0x00007fff088a9000 	C:\WINDOWS\System32\SHCORE.dll
0x00007fff09fd0000 - 0x00007fff0a02e000 	C:\WINDOWS\System32\shlwapi.dll
0x00007fff073d0000 - 0x00007fff073f7000 	C:\WINDOWS\SYSTEM32\profapi.dll
0x00007ffee5ab0000 - 0x00007ffee5ac9000 	C:\Users\LENOVO\.jdks\corretto-17.0.13\bin\net.dll
0x00007fff02170000 - 0x00007fff022a6000 	C:\WINDOWS\SYSTEM32\WINHTTP.dll
0x00007fff06940000 - 0x00007fff069a9000 	C:\WINDOWS\system32\mswsock.dll
0x00007ffed9210000 - 0x00007ffed9226000 	C:\Users\LENOVO\.jdks\corretto-17.0.13\bin\nio.dll
0x00007ffef0060000 - 0x00007ffef0078000 	C:\Users\LENOVO\.jdks\corretto-17.0.13\bin\zip.dll
0x00007fff00c60000 - 0x00007fff00c70000 	C:\Users\LENOVO\.jdks\corretto-17.0.13\bin\verify.dll
0x00007ffefb740000 - 0x00007ffefb749000 	C:\Users\LENOVO\.jdks\corretto-17.0.13\bin\extnet.dll
0x00007ffefb730000 - 0x00007ffefb73e000 	C:\Users\LENOVO\.jdks\corretto-17.0.13\bin\sunmscapi.dll
0x00007fff07870000 - 0x00007fff079d6000 	C:\WINDOWS\System32\CRYPT32.dll
0x00007fff06dc0000 - 0x00007fff06ded000 	C:\WINDOWS\SYSTEM32\ncrypt.dll
0x00007fff06d10000 - 0x00007fff06d47000 	C:\WINDOWS\SYSTEM32\NTASN1.dll
0x00007ffed4030000 - 0x00007ffed4038000 	C:\WINDOWS\system32\wshunix.dll
0x00007fff06bb0000 - 0x00007fff06bcb000 	C:\WINDOWS\SYSTEM32\CRYPTSP.dll
0x00007fff06420000 - 0x00007fff06455000 	C:\WINDOWS\system32\rsaenh.dll
0x00007fff06a50000 - 0x00007fff06a78000 	C:\WINDOWS\SYSTEM32\USERENV.dll
0x00007fff06bd0000 - 0x00007fff06bdc000 	C:\WINDOWS\SYSTEM32\CRYPTBASE.dll
0x00007fff05f20000 - 0x00007fff05f4d000 	C:\WINDOWS\SYSTEM32\IPHLPAPI.DLL
0x00007fff09580000 - 0x00007fff09589000 	C:\WINDOWS\System32\NSI.dll
0x00007fff01f20000 - 0x00007fff01f39000 	C:\WINDOWS\SYSTEM32\dhcpcsvc6.DLL
0x00007fff01f00000 - 0x00007fff01f1f000 	C:\WINDOWS\SYSTEM32\dhcpcsvc.DLL
0x00007fff05f90000 - 0x00007fff06092000 	C:\WINDOWS\SYSTEM32\DNSAPI.dll
0x00007ffefeb20000 - 0x00007ffefeb2a000 	C:\Windows\System32\rasadhlp.dll
0x00007ffeff000000 - 0x00007ffeff083000 	C:\WINDOWS\System32\fwpuclnt.dll

dbghelp: loaded successfully - version: 4.0.5 - missing functions: none
symbol engine: initialized successfully - sym options: 0x614 - pdb path: .;C:\Users\LENOVO\.jdks\corretto-17.0.13\bin;C:\WINDOWS\SYSTEM32;C:\WINDOWS\WinSxS\amd64_microsoft.windows.common-controls_6595b64144ccf1df_6.0.22621.3672_none_2713b9d173822955;C:\Users\LENOVO\.jdks\corretto-17.0.13\bin\server

VM Arguments:
jvm_args: -Dorg.gradle.internal.worker.tmpdir=C:\Users\LENOVO\Desktop\github_projects\car-inventory-mgr\inventory-service\build\tmp\test\work -Dspring.profiles.active=test -Xmx512m -Dfile.encoding=UTF-8 -Duser.country=GB -Duser.language=en -Duser.variant -ea 
java_command: worker.org.gradle.process.internal.worker.GradleWorkerMain 'Gradle Test Executor 1'
java_class_path (initial): C:\\Users\\LENOVO\\.gradle\\caches\\8.10.2\\workerMain\\gradle-worker.jar;C:\\Users\\LENOVO\\Desktop\\github_projects\\car-inventory-mgr\\inventory-service\\build\\classes\\java\\test;C:\\Users\\LENOVO\\Desktop\\github_projects\\car-inventory-mgr\\inventory-service\\build\\resources\\test;C:\\Users\\LENOVO\\Desktop\\github_projects\\car-inventory-mgr\\inventory-service\\build\\classes\\java\\main;C:\\Users\\LENOVO\\Desktop\\github_projects\\car-inventory-mgr\\inventory-service\\build\\resources\\main;C:\\Users\\LENOVO\\.gradle\\caches\\modules-2\\files-2.1\\org.springframework.boot\\spring-boot-starter-amqp\\3.3.4\\5ebead2eb26d754b8f19101092f441aaffad6945\\spring-boot-starter-amqp-3.3.4.jar;C:\\Users\\LENOVO\\.gradle\\caches\\modules-2\\files-2.1\\org.springframework.boot\\spring-boot-starter-data-jpa\\3.3.4\\60df2a5bea8752fb215f3c8e1dffeb3554773a49\\spring-boot-starter-data-jpa-3.3.4.jar;C:\\Users\\LENOVO\\.gradle\\caches\\modules-2\\files-2.1\\org.springframework.boot\\spring-boot-starter-data-rest\\3.3.4\\4da3124bcb02f82be8903c18d31dc95fa1a8be16\\spring-boot-starter-data-rest-3.3.4.jar;C:\\Users\\LENOVO\\.gradle\\caches\\modules-2\\files-2.1\\org.springframework.boot\\spring-boot-starter-web\\3.3.4\\b43a9fd107611337777b47dc7518e2aca59e58eb\\spring-boot-starter-web-3.3.4.jar;C:\\Users\\LENOVO\\.gradle\\caches\\modules-2\\files-2.1\\org.liquibase\\liquibase-core\\4.27.0\\759da7263b8b282202d8a157a0c47653b92e473e\\liquibase-core-4.27.0.jar;C:\\Users\\LENOVO\\.gradle\\caches\\modules-2\\files-2.1\\org.springdoc\\springdoc-openapi-ui\\1.6.8\\818ee564cf44aace39bc08d24d06bd5c411ead66\\springdoc-openapi-ui-1.6.8.jar;C:\\Users\\LENOVO\\.gradle\\caches\\modules-2\\files-2.1\\org.postgresql\\postgresql\\42.7.4\\264310fd7b2cd76738787dc0b9f7ea2e3b11adc1\\postgresql-42.7.4.jar;C:\\Users\\LENOVO\\.gradle\\caches\\modules-2\\files-2.1\\org.testcontainers\\rabbitmq\\1.19.7\\45dcd3ae89fb4f1f9140a6f518c721e78afecf0b\\rabbitmq-1.19.7.jar;C:\\Users\\LENOVO
Launcher Type: SUN_STANDARD

[Global flags]
     intx CICompilerCount                          = 4                                         {product} {ergonomic}
     uint ConcGCThreads                            = 2                                         {product} {ergonomic}
     uint G1ConcRefinementThreads                  = 8                                         {product} {ergonomic}
   size_t G1HeapRegionSize                         = 1048576                                   {product} {ergonomic}
    uintx GCDrainStackTargetSize                   = 64                                        {product} {ergonomic}
   size_t InitialHeapSize                          = 100663296                                 {product} {ergonomic}
   size_t MarkStackSize                            = 4194304                                   {product} {ergonomic}
   size_t MaxHeapSize                              = 536870912                                 {product} {command line}
   size_t MaxNewSize                               = 321912832                                 {product} {ergonomic}
   size_t MinHeapDeltaBytes                        = 1048576                                   {product} {ergonomic}
   size_t MinHeapSize                              = 8388608                                   {product} {ergonomic}
    uintx NonNMethodCodeHeapSize                   = 5839372                                {pd product} {ergonomic}
    uintx NonProfiledCodeHeapSize                  = 122909434                              {pd product} {ergonomic}
    uintx ProfiledCodeHeapSize                     = 122909434                              {pd product} {ergonomic}
    uintx ReservedCodeCacheSize                    = 251658240                              {pd product} {ergonomic}
     bool SegmentedCodeCache                       = true                                      {product} {ergonomic}
   size_t SoftMaxHeapSize                          = 536870912                              {manageable} {ergonomic}
     bool UseCompressedClassPointers               = true                           {product lp64_product} {ergonomic}
     bool UseCompressedOops                        = true                           {product lp64_product} {ergonomic}
     bool UseG1GC                                  = true                                      {product} {ergonomic}
     bool UseLargePagesIndividualAllocation        = false                                  {pd product} {ergonomic}

Logging:
Log output configuration:
 #0: stdout all=warning uptime,level,tags
 #1: stderr all=off uptime,level,tags

Environment Variables:
PATH=C:\Program Files\OpenLogic\jdk-17.0.12.7-hotspot\bin;C:\Python311\Scripts\;C:\Python311\;C:\Program Files (x86)\NVIDIA Corporation\PhysX\Common;C:\WINDOWS\system32;C:\WINDOWS;C:\WINDOWS\System32\Wbem;C:\WINDOWS\System32\WindowsPowerShell\v1.0\;C:\WINDOWS\System32\OpenSSH\;C:\Program Files\Calibre2\;C:\Program Files\MATLAB\R2022b\bin;C:\Program Files\Microsoft SQL Server\Client SDK\ODBC\170\Tools\Binn\;C:\Program Files (x86)\Microsoft SQL Server\150\Tools\Binn\;C:\Program Files\Microsoft SQL Server\150\Tools\Binn\;C:\Program Files\Microsoft SQL Server\150\DTS\Binn\;C:\Program Files (x86)\Windows Kits\8.1\Windows Performance Toolkit\;C:\Program Files\Git\cmd;C:\Program Files\nodejs\;C:\ProgramData\chocolatey\bin;C:\Program Files\dotnet\;C:\Program Files (x86)\Windows Kits\10\Windows Performance Toolkit\;C:\Program Files\Rancher Desktop\resources\resources\win32\bin\;C:\Program Files\Rancher Desktop\resources\resources\win32\docker-cli-plugins\;C:\Program Files\Rancher Desktop\resources\resources\linux\bin\;C:\Program Files\Rancher Desktop\resources\resources\linux\docker-cli-plugins\;C:\Program Files\Docker\Docker\resources\bin;C:\Program Files\PostgreSQL\16\bin;C:\Users\LENOVO\AppData\Local\Microsoft\WindowsApps;C:\Program Files\JetBrains\PyCharm Community Edition 2022.2.1\bin;;C:\Users\LENOVO\AppData\Local\Programs\Microsoft VS Code\bin;C:\Users\LENOVO\AppData\Roaming\npm;C:\Users\LENOVO\AppData\Local\pnpm;C:\Users\LENOVO\.dotnet\tools
USERNAME=LENOVO
OS=Windows_NT
PROCESSOR_IDENTIFIER=AMD64 Family 23 Model 24 Stepping 1, AuthenticAMD
TMP=C:\Users\LENOVO\AppData\Local\Temp
TEMP=C:\Users\LENOVO\AppData\Local\Temp



Periodic native trim disabled


---------------  S Y S T E M  ---------------

OS:
 Windows 11 , 64 bit Build 22621 (10.0.22621.3958)
OS uptime: 0 days 23:33 hours
Hyper-V role detected

CPU: total 8 (initial active 8) (8 cores per cpu, 2 threads per core) family 23 model 24 stepping 1 microcode 0x0, cx8, cmov, fxsr, ht, mmx, 3dnowpref, sse, sse2, sse3, ssse3, sse4a, sse4.1, sse4.2, popcnt, lzcnt, tsc, tscinvbit, avx, avx2, aes, clmul, bmi1, bmi2, adx, sha, fma, vzeroupper, clflush, clflushopt, hv
Processor Information for all 8 processors :
  Max Mhz: 2100, Current Mhz: 2100, Mhz Limit: 2100

Memory: 4k page, system-wide physical 6082M (638M free)
TotalPageFile size 24514M (AvailPageFile size 21M)
current process WorkingSet (physical memory assigned to process): 217M, peak: 226M
current process commit charge ("private bytes"): 266M, peak: 274M

vm_info: OpenJDK 64-Bit Server VM (17.0.13+11-LTS) for windows-amd64 JRE (17.0.13+11-LTS), built on Oct 10 2024 19:51:30 by "Administrator" with MS VC++ 16.10 / 16.11 (VS2019)

END.
