#
# There is insufficient memory for the Java Runtime Environment to continue.
# Native memory allocation (mmap) failed to map 65536 bytes. Error detail: Failed to commit metaspace.
# Possible reasons:
#   The system is out of physical RAM or swap space
#   This process is running with CompressedOops enabled, and the Java Heap may be blocking the growth of the native heap
# Possible solutions:
#   Reduce memory load on the system
#   Increase physical memory or swap space
#   Check if swap backing store is full
#   Decrease Java heap size (-Xmx/-Xms)
#   Decrease number of Java threads
#   Decrease Java thread stack sizes (-Xss)
#   Set larger code cache with -XX:ReservedCodeCacheSize=
#   JVM is running with Unscaled Compressed Oops mode in which the Java heap is
#     placed in the first 4GB address space. The Java Heap base address is the
#     maximum limit for the native heap growth. Please use -XX:HeapBaseMinAddress
#     to set the Java Heap base and to place the Java Heap above 4GB virtual address.
# This output file may be truncated or incomplete.
#
#  Out of Memory Error (virtualSpaceNode.cpp:110), pid=29988, tid=29732
#
# JRE version: OpenJDK Runtime Environment Corretto-17.0.13.11.1 (17.0.13+11) (build 17.0.13+11-LTS)
# Java VM: OpenJDK 64-Bit Server VM Corretto-17.0.13.11.1 (17.0.13+11-LTS, mixed mode, sharing, tiered, compressed oops, compressed class ptrs, g1 gc, windows-amd64)
# No core dump will be written. Minidumps are not enabled by default on client versions of Windows
#

---------------  S U M M A R Y ------------

Command Line: -Dorg.gradle.internal.worker.tmpdir=C:\Users\LENOVO\Desktop\github_projects\car-inventory-mgr\inventory-service\build\tmp\test\work -Xmx512m -Dfile.encoding=UTF-8 -Duser.country=GB -Duser.language=en -Duser.variant -ea worker.org.gradle.process.internal.worker.GradleWorkerMain 'Gradle Test Executor 7'

Host: AMD Ryzen 5 3500U with Radeon Vega Mobile Gfx  , 8 cores, 5G,  Windows 11 , 64 bit Build 22621 (10.0.22621.3958)
Time: Mon Oct 28 16:24:19 2024 GMT Standard Time elapsed time: 1.332328 seconds (0d 0h 0m 1s)

---------------  T H R E A D  ---------------

Current thread (0x00000235e4259c20):  JavaThread "main" [_thread_in_vm, id=29732, stack(0x00000079cd300000,0x00000079cd400000)]

Stack: [0x00000079cd300000,0x00000079cd400000]
Native frames: (J=compiled Java code, j=interpreted, Vv=VM code, C=native code)
V  [jvm.dll+0x680c19]
V  [jvm.dll+0x83888a]
V  [jvm.dll+0x83a34e]
V  [jvm.dll+0x83a9b3]
V  [jvm.dll+0x2481af]
V  [jvm.dll+0x83453d]
V  [jvm.dll+0x624eee]
V  [jvm.dll+0x1c1c9b]
V  [jvm.dll+0x62787d]
V  [jvm.dll+0x625896]
V  [jvm.dll+0x23d986]
V  [jvm.dll+0x1ec75b]
V  [jvm.dll+0x1e20f1]
V  [jvm.dll+0x544dce]
V  [jvm.dll+0x7b27f2]
V  [jvm.dll+0x7b275a]
V  [jvm.dll+0x4120b9]
V  [jvm.dll+0x42593c]
C  [java.dll+0x1657]

Java frames: (J=compiled Java code, j=interpreted, Vv=VM code)
j  java.lang.ClassLoader.defineClass0(Ljava/lang/ClassLoader;Ljava/lang/Class;Ljava/lang/String;[BIILjava/security/ProtectionDomain;ZILjava/lang/Object;)Ljava/lang/Class;+0 java.base@17.0.13
j  java.lang.System$2.defineClass(Ljava/lang/ClassLoader;Ljava/lang/Class;Ljava/lang/String;[BLjava/security/ProtectionDomain;ZILjava/lang/Object;)Ljava/lang/Class;+17 java.base@17.0.13
j  java.lang.invoke.MethodHandles$Lookup$ClassDefiner.defineClass(ZLjava/lang/Object;)Ljava/lang/Class;+54 java.base@17.0.13
j  java.lang.invoke.InvokerBytecodeGenerator.loadMethod([B)Ljava/lang/invoke/MemberName;+16 java.base@17.0.13
j  java.lang.invoke.InvokerBytecodeGenerator.generateCustomizedCode(Ljava/lang/invoke/LambdaForm;Ljava/lang/invoke/MethodType;)Ljava/lang/invoke/MemberName;+30 java.base@17.0.13
j  java.lang.invoke.LambdaForm.compileToBytecode()V+69 java.base@17.0.13
j  java.lang.invoke.LambdaForm.prepare()V+21 java.base@17.0.13
j  java.lang.invoke.MethodHandle.<init>(Ljava/lang/invoke/MethodType;Ljava/lang/invoke/LambdaForm;)V+33 java.base@17.0.13
j  java.lang.invoke.BoundMethodHandle.<init>(Ljava/lang/invoke/MethodType;Ljava/lang/invoke/LambdaForm;)V+3 java.base@17.0.13
j  java.lang.invoke.BoundMethodHandle$Species_L.<init>(Ljava/lang/invoke/MethodType;Ljava/lang/invoke/LambdaForm;Ljava/lang/Object;)V+3 java.base@17.0.13
j  java.lang.invoke.BoundMethodHandle$Species_L.make(Ljava/lang/invoke/MethodType;Ljava/lang/invoke/LambdaForm;Ljava/lang/Object;)Ljava/lang/invoke/BoundMethodHandle;+7 java.base@17.0.13
j  java.lang.invoke.BoundMethodHandle.bindSingle(Ljava/lang/invoke/MethodType;Ljava/lang/invoke/LambdaForm;Ljava/lang/Object;)Ljava/lang/invoke/BoundMethodHandle;+3 java.base@17.0.13
j  java.lang.invoke.SimpleMethodHandle.copyWithExtendL(Ljava/lang/invoke/MethodType;Ljava/lang/invoke/LambdaForm;Ljava/lang/Object;)Ljava/lang/invoke/BoundMethodHandle;+3 java.base@17.0.13
j  java.lang.invoke.LambdaFormEditor.bindArgumentL(Ljava/lang/invoke/BoundMethodHandle;ILjava/lang/Object;)Ljava/lang/invoke/BoundMethodHandle;+55 java.base@17.0.13
j  java.lang.invoke.BoundMethodHandle.bindArgumentL(ILjava/lang/Object;)Ljava/lang/invoke/BoundMethodHandle;+7 java.base@17.0.13
j  java.lang.invoke.MethodHandle.bindArgumentL(ILjava/lang/Object;)Ljava/lang/invoke/BoundMethodHandle;+6 java.base@17.0.13
j  java.lang.invoke.MethodHandle.bindTo(Ljava/lang/Object;)Ljava/lang/invoke/MethodHandle;+15 java.base@17.0.13
j  java.lang.invoke.MethodHandles.constant(Ljava/lang/Class;Ljava/lang/Object;)Ljava/lang/invoke/MethodHandle;+84 java.base@17.0.13
j  java.lang.invoke.InnerClassLambdaMetafactory.buildCallSite()Ljava/lang/invoke/CallSite;+140 java.base@17.0.13
j  java.lang.invoke.LambdaMetafactory.metafactory(Ljava/lang/invoke/MethodHandles$Lookup;Ljava/lang/String;Ljava/lang/invoke/MethodType;Ljava/lang/invoke/MethodType;Ljava/lang/invoke/MethodHandle;Ljava/lang/invoke/MethodType;)Ljava/lang/invoke/CallSite;+67 java.base@17.0.13
j  java.lang.invoke.DirectMethodHandle$Holder.invokeStatic(Ljava/lang/Object;Ljava/lang/Object;Ljava/lang/Object;Ljava/lang/Object;Ljava/lang/Object;Ljava/lang/Object;Ljava/lang/Object;)Ljava/lang/Object;+20 java.base@17.0.13
j  java.lang.invoke.Invokers$Holder.invokeExact_MT(Ljava/lang/Object;Ljava/lang/Object;Ljava/lang/Object;Ljava/lang/Object;Ljava/lang/Object;Ljava/lang/Object;Ljava/lang/Object;Ljava/lang/Object;)Ljava/lang/Object;+28 java.base@17.0.13
j  java.lang.invoke.BootstrapMethodInvoker.invoke(Ljava/lang/Class;Ljava/lang/invoke/MethodHandle;Ljava/lang/String;Ljava/lang/Object;Ljava/lang/Object;Ljava/lang/Class;)Ljava/lang/Object;+319 java.base@17.0.13
j  java.lang.invoke.CallSite.makeSite(Ljava/lang/invoke/MethodHandle;Ljava/lang/String;Ljava/lang/invoke/MethodType;Ljava/lang/Object;Ljava/lang/Class;)Ljava/lang/invoke/CallSite;+8 java.base@17.0.13
j  java.lang.invoke.MethodHandleNatives.linkCallSiteImpl(Ljava/lang/Class;Ljava/lang/invoke/MethodHandle;Ljava/lang/String;Ljava/lang/invoke/MethodType;Ljava/lang/Object;[Ljava/lang/Object;)Ljava/lang/invoke/MemberName;+6 java.base@17.0.13
j  java.lang.invoke.MethodHandleNatives.linkCallSite(Ljava/lang/Object;ILjava/lang/Object;Ljava/lang/Object;Ljava/lang/Object;Ljava/lang/Object;[Ljava/lang/Object;)Ljava/lang/invoke/MemberName;+46 java.base@17.0.13
v  ~StubRoutines::call_stub
j  jdk.internal.loader.BootLoader.packages()Ljava/util/stream/Stream;+6 java.base@17.0.13
j  java.lang.ClassLoader.getPackages()[Ljava/lang/Package;+31 java.base@17.0.13
j  worker.org.gradle.internal.classloader.FilteringClassLoader$RetrieveSystemPackagesClassLoader.getPackages()[Ljava/lang/Package;+1
j  worker.org.gradle.internal.classloader.FilteringClassLoader.<clinit>()V+26
v  ~StubRoutines::call_stub
j  worker.org.gradle.process.internal.worker.GradleWorkerMain.run()V+161
j  worker.org.gradle.process.internal.worker.GradleWorkerMain.main([Ljava/lang/String;)V+7
v  ~StubRoutines::call_stub

---------------  P R O C E S S  ---------------

Threads class SMR info:
_java_thread_list=0x00000235ff0e3760, length=12, elements={
0x00000235e4259c20, 0x00000235fed77230, 0x00000235fed780b0, 0x00000235fed89bd0,
0x00000235fed8b7a0, 0x00000235fed8e170, 0x00000235fed8fae0, 0x00000235fed91020,
0x00000235fed92a10, 0x00000235fed95420, 0x00000235ff10b830, 0x00000235ff13e3b0
}

Java Threads: ( => current thread )
=>0x00000235e4259c20 JavaThread "main" [_thread_in_vm, id=29732, stack(0x00000079cd300000,0x00000079cd400000)]
  0x00000235fed77230 JavaThread "Reference Handler" daemon [_thread_blocked, id=28900, stack(0x00000079cda00000,0x00000079cdb00000)]
  0x00000235fed780b0 JavaThread "Finalizer" daemon [_thread_blocked, id=16136, stack(0x00000079cdb00000,0x00000079cdc00000)]
  0x00000235fed89bd0 JavaThread "Signal Dispatcher" daemon [_thread_blocked, id=27512, stack(0x00000079cdc00000,0x00000079cdd00000)]
  0x00000235fed8b7a0 JavaThread "Attach Listener" daemon [_thread_blocked, id=120, stack(0x00000079cdd00000,0x00000079cde00000)]
  0x00000235fed8e170 JavaThread "Service Thread" daemon [_thread_blocked, id=19192, stack(0x00000079cde00000,0x00000079cdf00000)]
  0x00000235fed8fae0 JavaThread "Monitor Deflation Thread" daemon [_thread_blocked, id=30972, stack(0x00000079cdf00000,0x00000079ce000000)]
  0x00000235fed91020 JavaThread "C2 CompilerThread0" daemon [_thread_blocked, id=29840, stack(0x00000079ce000000,0x00000079ce100000)]
  0x00000235fed92a10 JavaThread "C1 CompilerThread0" daemon [_thread_blocked, id=7636, stack(0x00000079ce100000,0x00000079ce200000)]
  0x00000235fed95420 JavaThread "Sweeper thread" daemon [_thread_blocked, id=23072, stack(0x00000079ce200000,0x00000079ce300000)]
  0x00000235ff10b830 JavaThread "Notification Thread" daemon [_thread_blocked, id=24092, stack(0x00000079ce300000,0x00000079ce400000)]
  0x00000235ff13e3b0 JavaThread "Common-Cleaner" daemon [_thread_blocked, id=21824, stack(0x00000079ce500000,0x00000079ce600000)]

Other Threads:
  0x00000235fed723c0 VMThread "VM Thread" [stack: 0x00000079cd900000,0x00000079cda00000] [id=17372]
  0x00000235ff130140 WatcherThread [stack: 0x00000079ce400000,0x00000079ce500000] [id=29276]
  0x00000235e42893f0 GCTaskThread "GC Thread#0" [stack: 0x00000079cd400000,0x00000079cd500000] [id=29192]
  0x00000235e428e950 ConcurrentGCThread "G1 Main Marker" [stack: 0x00000079cd500000,0x00000079cd600000] [id=28728]
  0x00000235e428fb10 ConcurrentGCThread "G1 Conc#0" [stack: 0x00000079cd600000,0x00000079cd700000] [id=31716]
  0x00000235e42f3570 ConcurrentGCThread "G1 Refine#0" [stack: 0x00000079cd700000,0x00000079cd800000] [id=19296]
  0x00000235fec40490 ConcurrentGCThread "G1 Service" [stack: 0x00000079cd800000,0x00000079cd900000] [id=31064]

Threads with active compile tasks:

VM state: not at safepoint (normal execution)

VM Mutex/Monitor currently owned by a thread:  ([mutex/lock_event])
[0x00000235e4254ad0] Metaspace_lock - owner thread: 0x00000235e4259c20

Heap address: 0x00000000e0000000, size: 512 MB, Compressed Oops mode: 32-bit

CDS archive(s) mapped at: [0x0000023580000000-0x0000023580bb0000-0x0000023580bb0000), size 12255232, SharedBaseAddress: 0x0000023580000000, ArchiveRelocationMode: 1.
Compressed class space mapped at: 0x0000023581000000-0x00000235c1000000, reserved size: 1073741824
Narrow klass base: 0x0000023580000000, Narrow klass shift: 0, Narrow klass range: 0x100000000

GC Precious Log:
 CPUs: 8 total, 8 available
 Memory: 6082M
 Large Page Support: Disabled
 NUMA Support: Disabled
 Compressed Oops: Enabled (32-bit)
 Heap Region Size: 1M
 Heap Min Capacity: 8M
 Heap Initial Capacity: 96M
 Heap Max Capacity: 512M
 Pre-touch: Disabled
 Parallel Workers: 8
 Concurrent Workers: 2
 Concurrent Refinement Workers: 8
 Periodic GC: Disabled

Heap:
 garbage-first heap   total 98304K, used 2048K [0x00000000e0000000, 0x0000000100000000)
  region size 1024K, 3 young (3072K), 0 survivors (0K)
 Metaspace       used 379K, committed 512K, reserved 1114112K
  class space    used 24K, committed 128K, reserved 1048576K

Heap Regions: E=young(eden), S=young(survivor), O=old, HS=humongous(starts), HC=humongous(continues), CS=collection set, F=free, OA=open archive, CA=closed archive, TAMS=top-at-mark-start (previous, next)
|   0|0x00000000e0000000, 0x00000000e0000000, 0x00000000e0100000|  0%| F|  |TAMS 0x00000000e0000000, 0x00000000e0000000| Untracked 
|   1|0x00000000e0100000, 0x00000000e0100000, 0x00000000e0200000|  0%| F|  |TAMS 0x00000000e0100000, 0x00000000e0100000| Untracked 
|   2|0x00000000e0200000, 0x00000000e0200000, 0x00000000e0300000|  0%| F|  |TAMS 0x00000000e0200000, 0x00000000e0200000| Untracked 
|   3|0x00000000e0300000, 0x00000000e0300000, 0x00000000e0400000|  0%| F|  |TAMS 0x00000000e0300000, 0x00000000e0300000| Untracked 
|   4|0x00000000e0400000, 0x00000000e0400000, 0x00000000e0500000|  0%| F|  |TAMS 0x00000000e0400000, 0x00000000e0400000| Untracked 
|   5|0x00000000e0500000, 0x00000000e0500000, 0x00000000e0600000|  0%| F|  |TAMS 0x00000000e0500000, 0x00000000e0500000| Untracked 
|   6|0x00000000e0600000, 0x00000000e0600000, 0x00000000e0700000|  0%| F|  |TAMS 0x00000000e0600000, 0x00000000e0600000| Untracked 
|   7|0x00000000e0700000, 0x00000000e0700000, 0x00000000e0800000|  0%| F|  |TAMS 0x00000000e0700000, 0x00000000e0700000| Untracked 
|   8|0x00000000e0800000, 0x00000000e0800000, 0x00000000e0900000|  0%| F|  |TAMS 0x00000000e0800000, 0x00000000e0800000| Untracked 
|   9|0x00000000e0900000, 0x00000000e0900000, 0x00000000e0a00000|  0%| F|  |TAMS 0x00000000e0900000, 0x00000000e0900000| Untracked 
|  10|0x00000000e0a00000, 0x00000000e0a00000, 0x00000000e0b00000|  0%| F|  |TAMS 0x00000000e0a00000, 0x00000000e0a00000| Untracked 
|  11|0x00000000e0b00000, 0x00000000e0b00000, 0x00000000e0c00000|  0%| F|  |TAMS 0x00000000e0b00000, 0x00000000e0b00000| Untracked 
|  12|0x00000000e0c00000, 0x00000000e0c00000, 0x00000000e0d00000|  0%| F|  |TAMS 0x00000000e0c00000, 0x00000000e0c00000| Untracked 
|  13|0x00000000e0d00000, 0x00000000e0d00000, 0x00000000e0e00000|  0%| F|  |TAMS 0x00000000e0d00000, 0x00000000e0d00000| Untracked 
|  14|0x00000000e0e00000, 0x00000000e0e00000, 0x00000000e0f00000|  0%| F|  |TAMS 0x00000000e0e00000, 0x00000000e0e00000| Untracked 
|  15|0x00000000e0f00000, 0x00000000e0f00000, 0x00000000e1000000|  0%| F|  |TAMS 0x00000000e0f00000, 0x00000000e0f00000| Untracked 
|  16|0x00000000e1000000, 0x00000000e1000000, 0x00000000e1100000|  0%| F|  |TAMS 0x00000000e1000000, 0x00000000e1000000| Untracked 
|  17|0x00000000e1100000, 0x00000000e1100000, 0x00000000e1200000|  0%| F|  |TAMS 0x00000000e1100000, 0x00000000e1100000| Untracked 
|  18|0x00000000e1200000, 0x00000000e1200000, 0x00000000e1300000|  0%| F|  |TAMS 0x00000000e1200000, 0x00000000e1200000| Untracked 
|  19|0x00000000e1300000, 0x00000000e1300000, 0x00000000e1400000|  0%| F|  |TAMS 0x00000000e1300000, 0x00000000e1300000| Untracked 
|  20|0x00000000e1400000, 0x00000000e1400000, 0x00000000e1500000|  0%| F|  |TAMS 0x00000000e1400000, 0x00000000e1400000| Untracked 
|  21|0x00000000e1500000, 0x00000000e1500000, 0x00000000e1600000|  0%| F|  |TAMS 0x00000000e1500000, 0x00000000e1500000| Untracked 
|  22|0x00000000e1600000, 0x00000000e1600000, 0x00000000e1700000|  0%| F|  |TAMS 0x00000000e1600000, 0x00000000e1600000| Untracked 
|  23|0x00000000e1700000, 0x00000000e1700000, 0x00000000e1800000|  0%| F|  |TAMS 0x00000000e1700000, 0x00000000e1700000| Untracked 
|  24|0x00000000e1800000, 0x00000000e1800000, 0x00000000e1900000|  0%| F|  |TAMS 0x00000000e1800000, 0x00000000e1800000| Untracked 
|  25|0x00000000e1900000, 0x00000000e1900000, 0x00000000e1a00000|  0%| F|  |TAMS 0x00000000e1900000, 0x00000000e1900000| Untracked 
|  26|0x00000000e1a00000, 0x00000000e1a00000, 0x00000000e1b00000|  0%| F|  |TAMS 0x00000000e1a00000, 0x00000000e1a00000| Untracked 
|  27|0x00000000e1b00000, 0x00000000e1b00000, 0x00000000e1c00000|  0%| F|  |TAMS 0x00000000e1b00000, 0x00000000e1b00000| Untracked 
|  28|0x00000000e1c00000, 0x00000000e1c00000, 0x00000000e1d00000|  0%| F|  |TAMS 0x00000000e1c00000, 0x00000000e1c00000| Untracked 
|  29|0x00000000e1d00000, 0x00000000e1d00000, 0x00000000e1e00000|  0%| F|  |TAMS 0x00000000e1d00000, 0x00000000e1d00000| Untracked 
|  30|0x00000000e1e00000, 0x00000000e1e00000, 0x00000000e1f00000|  0%| F|  |TAMS 0x00000000e1e00000, 0x00000000e1e00000| Untracked 
|  31|0x00000000e1f00000, 0x00000000e1f00000, 0x00000000e2000000|  0%| F|  |TAMS 0x00000000e1f00000, 0x00000000e1f00000| Untracked 
|  32|0x00000000e2000000, 0x00000000e2000000, 0x00000000e2100000|  0%| F|  |TAMS 0x00000000e2000000, 0x00000000e2000000| Untracked 
|  33|0x00000000e2100000, 0x00000000e2100000, 0x00000000e2200000|  0%| F|  |TAMS 0x00000000e2100000, 0x00000000e2100000| Untracked 
|  34|0x00000000e2200000, 0x00000000e2200000, 0x00000000e2300000|  0%| F|  |TAMS 0x00000000e2200000, 0x00000000e2200000| Untracked 
|  35|0x00000000e2300000, 0x00000000e2300000, 0x00000000e2400000|  0%| F|  |TAMS 0x00000000e2300000, 0x00000000e2300000| Untracked 
|  36|0x00000000e2400000, 0x00000000e2400000, 0x00000000e2500000|  0%| F|  |TAMS 0x00000000e2400000, 0x00000000e2400000| Untracked 
|  37|0x00000000e2500000, 0x00000000e2500000, 0x00000000e2600000|  0%| F|  |TAMS 0x00000000e2500000, 0x00000000e2500000| Untracked 
|  38|0x00000000e2600000, 0x00000000e2600000, 0x00000000e2700000|  0%| F|  |TAMS 0x00000000e2600000, 0x00000000e2600000| Untracked 
|  39|0x00000000e2700000, 0x00000000e2700000, 0x00000000e2800000|  0%| F|  |TAMS 0x00000000e2700000, 0x00000000e2700000| Untracked 
|  40|0x00000000e2800000, 0x00000000e2800000, 0x00000000e2900000|  0%| F|  |TAMS 0x00000000e2800000, 0x00000000e2800000| Untracked 
|  41|0x00000000e2900000, 0x00000000e2900000, 0x00000000e2a00000|  0%| F|  |TAMS 0x00000000e2900000, 0x00000000e2900000| Untracked 
|  42|0x00000000e2a00000, 0x00000000e2a00000, 0x00000000e2b00000|  0%| F|  |TAMS 0x00000000e2a00000, 0x00000000e2a00000| Untracked 
|  43|0x00000000e2b00000, 0x00000000e2b00000, 0x00000000e2c00000|  0%| F|  |TAMS 0x00000000e2b00000, 0x00000000e2b00000| Untracked 
|  44|0x00000000e2c00000, 0x00000000e2c00000, 0x00000000e2d00000|  0%| F|  |TAMS 0x00000000e2c00000, 0x00000000e2c00000| Untracked 
|  45|0x00000000e2d00000, 0x00000000e2d00000, 0x00000000e2e00000|  0%| F|  |TAMS 0x00000000e2d00000, 0x00000000e2d00000| Untracked 
|  46|0x00000000e2e00000, 0x00000000e2e00000, 0x00000000e2f00000|  0%| F|  |TAMS 0x00000000e2e00000, 0x00000000e2e00000| Untracked 
|  47|0x00000000e2f00000, 0x00000000e2f00000, 0x00000000e3000000|  0%| F|  |TAMS 0x00000000e2f00000, 0x00000000e2f00000| Untracked 
|  48|0x00000000e3000000, 0x00000000e3000000, 0x00000000e3100000|  0%| F|  |TAMS 0x00000000e3000000, 0x00000000e3000000| Untracked 
|  49|0x00000000e3100000, 0x00000000e3100000, 0x00000000e3200000|  0%| F|  |TAMS 0x00000000e3100000, 0x00000000e3100000| Untracked 
|  50|0x00000000e3200000, 0x00000000e3200000, 0x00000000e3300000|  0%| F|  |TAMS 0x00000000e3200000, 0x00000000e3200000| Untracked 
|  51|0x00000000e3300000, 0x00000000e3300000, 0x00000000e3400000|  0%| F|  |TAMS 0x00000000e3300000, 0x00000000e3300000| Untracked 
|  52|0x00000000e3400000, 0x00000000e3400000, 0x00000000e3500000|  0%| F|  |TAMS 0x00000000e3400000, 0x00000000e3400000| Untracked 
|  53|0x00000000e3500000, 0x00000000e3500000, 0x00000000e3600000|  0%| F|  |TAMS 0x00000000e3500000, 0x00000000e3500000| Untracked 
|  54|0x00000000e3600000, 0x00000000e3600000, 0x00000000e3700000|  0%| F|  |TAMS 0x00000000e3600000, 0x00000000e3600000| Untracked 
|  55|0x00000000e3700000, 0x00000000e3700000, 0x00000000e3800000|  0%| F|  |TAMS 0x00000000e3700000, 0x00000000e3700000| Untracked 
|  56|0x00000000e3800000, 0x00000000e3800000, 0x00000000e3900000|  0%| F|  |TAMS 0x00000000e3800000, 0x00000000e3800000| Untracked 
|  57|0x00000000e3900000, 0x00000000e3900000, 0x00000000e3a00000|  0%| F|  |TAMS 0x00000000e3900000, 0x00000000e3900000| Untracked 
|  58|0x00000000e3a00000, 0x00000000e3a00000, 0x00000000e3b00000|  0%| F|  |TAMS 0x00000000e3a00000, 0x00000000e3a00000| Untracked 
|  59|0x00000000e3b00000, 0x00000000e3b00000, 0x00000000e3c00000|  0%| F|  |TAMS 0x00000000e3b00000, 0x00000000e3b00000| Untracked 
|  60|0x00000000e3c00000, 0x00000000e3c00000, 0x00000000e3d00000|  0%| F|  |TAMS 0x00000000e3c00000, 0x00000000e3c00000| Untracked 
|  61|0x00000000e3d00000, 0x00000000e3d00000, 0x00000000e3e00000|  0%| F|  |TAMS 0x00000000e3d00000, 0x00000000e3d00000| Untracked 
|  62|0x00000000e3e00000, 0x00000000e3e00000, 0x00000000e3f00000|  0%| F|  |TAMS 0x00000000e3e00000, 0x00000000e3e00000| Untracked 
|  63|0x00000000e3f00000, 0x00000000e3f00000, 0x00000000e4000000|  0%| F|  |TAMS 0x00000000e3f00000, 0x00000000e3f00000| Untracked 
|  64|0x00000000e4000000, 0x00000000e4000000, 0x00000000e4100000|  0%| F|  |TAMS 0x00000000e4000000, 0x00000000e4000000| Untracked 
|  65|0x00000000e4100000, 0x00000000e4100000, 0x00000000e4200000|  0%| F|  |TAMS 0x00000000e4100000, 0x00000000e4100000| Untracked 
|  66|0x00000000e4200000, 0x00000000e4200000, 0x00000000e4300000|  0%| F|  |TAMS 0x00000000e4200000, 0x00000000e4200000| Untracked 
|  67|0x00000000e4300000, 0x00000000e4300000, 0x00000000e4400000|  0%| F|  |TAMS 0x00000000e4300000, 0x00000000e4300000| Untracked 
|  68|0x00000000e4400000, 0x00000000e4400000, 0x00000000e4500000|  0%| F|  |TAMS 0x00000000e4400000, 0x00000000e4400000| Untracked 
|  69|0x00000000e4500000, 0x00000000e4500000, 0x00000000e4600000|  0%| F|  |TAMS 0x00000000e4500000, 0x00000000e4500000| Untracked 
|  70|0x00000000e4600000, 0x00000000e4600000, 0x00000000e4700000|  0%| F|  |TAMS 0x00000000e4600000, 0x00000000e4600000| Untracked 
|  71|0x00000000e4700000, 0x00000000e4700000, 0x00000000e4800000|  0%| F|  |TAMS 0x00000000e4700000, 0x00000000e4700000| Untracked 
|  72|0x00000000e4800000, 0x00000000e4800000, 0x00000000e4900000|  0%| F|  |TAMS 0x00000000e4800000, 0x00000000e4800000| Untracked 
|  73|0x00000000e4900000, 0x00000000e4900000, 0x00000000e4a00000|  0%| F|  |TAMS 0x00000000e4900000, 0x00000000e4900000| Untracked 
|  74|0x00000000e4a00000, 0x00000000e4a00000, 0x00000000e4b00000|  0%| F|  |TAMS 0x00000000e4a00000, 0x00000000e4a00000| Untracked 
|  75|0x00000000e4b00000, 0x00000000e4b00000, 0x00000000e4c00000|  0%| F|  |TAMS 0x00000000e4b00000, 0x00000000e4b00000| Untracked 
|  76|0x00000000e4c00000, 0x00000000e4c00000, 0x00000000e4d00000|  0%| F|  |TAMS 0x00000000e4c00000, 0x00000000e4c00000| Untracked 
|  77|0x00000000e4d00000, 0x00000000e4d00000, 0x00000000e4e00000|  0%| F|  |TAMS 0x00000000e4d00000, 0x00000000e4d00000| Untracked 
|  78|0x00000000e4e00000, 0x00000000e4e00000, 0x00000000e4f00000|  0%| F|  |TAMS 0x00000000e4e00000, 0x00000000e4e00000| Untracked 
|  79|0x00000000e4f00000, 0x00000000e4f00000, 0x00000000e5000000|  0%| F|  |TAMS 0x00000000e4f00000, 0x00000000e4f00000| Untracked 
|  80|0x00000000e5000000, 0x00000000e5000000, 0x00000000e5100000|  0%| F|  |TAMS 0x00000000e5000000, 0x00000000e5000000| Untracked 
|  81|0x00000000e5100000, 0x00000000e5100000, 0x00000000e5200000|  0%| F|  |TAMS 0x00000000e5100000, 0x00000000e5100000| Untracked 
|  82|0x00000000e5200000, 0x00000000e5200000, 0x00000000e5300000|  0%| F|  |TAMS 0x00000000e5200000, 0x00000000e5200000| Untracked 
|  83|0x00000000e5300000, 0x00000000e5300000, 0x00000000e5400000|  0%| F|  |TAMS 0x00000000e5300000, 0x00000000e5300000| Untracked 
|  84|0x00000000e5400000, 0x00000000e5400000, 0x00000000e5500000|  0%| F|  |TAMS 0x00000000e5400000, 0x00000000e5400000| Untracked 
|  85|0x00000000e5500000, 0x00000000e5500000, 0x00000000e5600000|  0%| F|  |TAMS 0x00000000e5500000, 0x00000000e5500000| Untracked 
|  86|0x00000000e5600000, 0x00000000e5600000, 0x00000000e5700000|  0%| F|  |TAMS 0x00000000e5600000, 0x00000000e5600000| Untracked 
|  87|0x00000000e5700000, 0x00000000e5700000, 0x00000000e5800000|  0%| F|  |TAMS 0x00000000e5700000, 0x00000000e5700000| Untracked 
|  88|0x00000000e5800000, 0x00000000e5800000, 0x00000000e5900000|  0%| F|  |TAMS 0x00000000e5800000, 0x00000000e5800000| Untracked 
|  89|0x00000000e5900000, 0x00000000e5900000, 0x00000000e5a00000|  0%| F|  |TAMS 0x00000000e5900000, 0x00000000e5900000| Untracked 
|  90|0x00000000e5a00000, 0x00000000e5a00000, 0x00000000e5b00000|  0%| F|  |TAMS 0x00000000e5a00000, 0x00000000e5a00000| Untracked 
|  91|0x00000000e5b00000, 0x00000000e5b00000, 0x00000000e5c00000|  0%| F|  |TAMS 0x00000000e5b00000, 0x00000000e5b00000| Untracked 
|  92|0x00000000e5c00000, 0x00000000e5c00000, 0x00000000e5d00000|  0%| F|  |TAMS 0x00000000e5c00000, 0x00000000e5c00000| Untracked 
|  93|0x00000000e5d00000, 0x00000000e5d75cd0, 0x00000000e5e00000| 46%| E|  |TAMS 0x00000000e5d00000, 0x00000000e5d00000| Complete 
|  94|0x00000000e5e00000, 0x00000000e5f00000, 0x00000000e5f00000|100%| E|CS|TAMS 0x00000000e5e00000, 0x00000000e5e00000| Complete 
|  95|0x00000000e5f00000, 0x00000000e6000000, 0x00000000e6000000|100%| E|CS|TAMS 0x00000000e5f00000, 0x00000000e5f00000| Complete 

Card table byte_map: [0x00000235fb1b0000,0x00000235fb2b0000] _byte_map_base: 0x00000235faab0000

Marking Bits (Prev, Next): (CMBitMap*) 0x00000235e4289a10, (CMBitMap*) 0x00000235e4289a50
 Prev Bits: [0x00000235fb3b0000, 0x00000235fbbb0000)
 Next Bits: [0x00000235fbbb0000, 0x00000235fc3b0000)

Polling page: 0x00000235e2230000

Metaspace:

Usage:
  Non-class:    354.53 KB used.
      Class:     24.70 KB used.
       Both:    379.23 KB used.

Virtual space:
  Non-class space:       64.00 MB reserved,     384.00 KB ( <1%) committed,  1 nodes.
      Class space:        1.00 GB reserved,     128.00 KB ( <1%) committed,  1 nodes.
             Both:        1.06 GB reserved,     512.00 KB ( <1%) committed. 

Chunk freelists:
   Non-Class:  11.94 MB
       Class:  15.73 MB
        Both:  27.67 MB

MaxMetaspaceSize: unlimited
CompressedClassSpaceSize: 1.00 GB
Initial GC threshold: 21.00 MB
Current GC threshold: 21.00 MB
CDS: on
MetaspaceReclaimPolicy: balanced
 - commit_granule_bytes: 65536.
 - commit_granule_words: 8192.
 - virtual_space_node_default_size: 8388608.
 - enlarge_chunks_in_place: 1.
 - new_chunks_are_fully_committed: 0.
 - uncommit_free_chunks: 1.
 - use_allocation_guard: 0.
 - handle_deallocations: 1.


Internal statistics:

num_allocs_failed_limit: 0.
num_arena_births: 6.
num_arena_deaths: 0.
num_vsnodes_births: 2.
num_vsnodes_deaths: 0.
num_space_committed: 8.
num_space_uncommitted: 0.
num_chunks_returned_to_freelist: 0.
num_chunks_taken_from_freelist: 11.
num_chunk_merges: 0.
num_chunk_splits: 7.
num_chunks_enlarged: 6.
num_inconsistent_stats: 0.

CodeHeap 'non-profiled nmethods': size=120000Kb used=49Kb max_used=49Kb free=119950Kb
 bounds [0x00000235f3850000, 0x00000235f3ac0000, 0x00000235fad80000]
CodeHeap 'profiled nmethods': size=120000Kb used=225Kb max_used=225Kb free=119774Kb
 bounds [0x00000235ebd80000, 0x00000235ebff0000, 0x00000235f32b0000]
CodeHeap 'non-nmethods': size=5760Kb used=1097Kb max_used=1111Kb free=4662Kb
 bounds [0x00000235f32b0000, 0x00000235f3520000, 0x00000235f3850000]
 total_blobs=536 nmethods=166 adapters=283
 compilation: enabled
              stopped_count=0, restarted_count=0
 full_count=0

Compilation events (20 events):
Event: 1.303 Thread 0x00000235fed92a10 nmethod 145 0x00000235ebdb4f90 code [0x00000235ebdb5160, 0x00000235ebdb5438]
Event: 1.303 Thread 0x00000235fed92a10  144       3       java.lang.AbstractStringBuilder::newCapacity (59 bytes)
Event: 1.304 Thread 0x00000235fed92a10 nmethod 144 0x00000235ebdb5510 code [0x00000235ebdb56e0, 0x00000235ebdb5ab8]
Event: 1.305 Thread 0x00000235fed92a10  146       1       java.lang.Enum::ordinal (5 bytes)
Event: 1.305 Thread 0x00000235fed92a10 nmethod 146 0x00000235f3859390 code [0x00000235f3859520, 0x00000235f38595f8]
Event: 1.309 Thread 0x00000235fed92a10  149       3       java.util.concurrent.ConcurrentHashMap::get (162 bytes)
Event: 1.310 Thread 0x00000235fed92a10 nmethod 149 0x00000235ebdb5c90 code [0x00000235ebdb5ee0, 0x00000235ebdb6968]
Event: 1.313 Thread 0x00000235fed92a10  150       1       java.lang.Class::getClassLoader0 (5 bytes)
Event: 1.313 Thread 0x00000235fed92a10 nmethod 150 0x00000235f3859c90 code [0x00000235f3859e20, 0x00000235f3859ef8]
Event: 1.315 Thread 0x00000235fed92a10  153       3       java.lang.Class::getName (18 bytes)
Event: 1.315 Thread 0x00000235fed92a10 nmethod 153 0x00000235ebdb6c90 code [0x00000235ebdb6e40, 0x00000235ebdb6fc8]
Event: 1.325 Thread 0x00000235fed91020  159       4       java.lang.String::hashCode (60 bytes)
Event: 1.325 Thread 0x00000235fed92a10  160       1       java.lang.invoke.MethodType::returnType (5 bytes)
Event: 1.325 Thread 0x00000235fed92a10 nmethod 160 0x00000235f385b590 code [0x00000235f385b720, 0x00000235f385b7f8]
Event: 1.327 Thread 0x00000235fed92a10  163       3       java.lang.invoke.MemberName::testFlags (16 bytes)
Event: 1.327 Thread 0x00000235fed92a10 nmethod 163 0x00000235ebdb7090 code [0x00000235ebdb7220, 0x00000235ebdb7398]
Event: 1.327 Thread 0x00000235fed92a10  165   !   3       java.lang.ref.ReferenceQueue::poll (28 bytes)
Event: 1.327 Thread 0x00000235fed92a10 nmethod 165 0x00000235ebdb7410 code [0x00000235ebdb75c0, 0x00000235ebdb7848]
Event: 1.328 Thread 0x00000235fed92a10  166       3       java.lang.invoke.MethodTypeForm::canonicalize (74 bytes)
Event: 1.329 Thread 0x00000235fed92a10 nmethod 166 0x00000235ebdb7990 code [0x00000235ebdb7bc0, 0x00000235ebdb8278]

GC Heap History (0 events):
No events

Dll operation events (5 events):
Event: 0.045 Loaded shared library C:\Users\LENOVO\.jdks\corretto-17.0.13\bin\java.dll
Event: 0.218 Loaded shared library C:\Users\LENOVO\.jdks\corretto-17.0.13\bin\jsvml.dll
Event: 1.254 Loaded shared library C:\Users\LENOVO\.jdks\corretto-17.0.13\bin\net.dll
Event: 1.262 Loaded shared library C:\Users\LENOVO\.jdks\corretto-17.0.13\bin\nio.dll
Event: 1.272 Loaded shared library C:\Users\LENOVO\.jdks\corretto-17.0.13\bin\zip.dll

Deoptimization events (16 events):
Event: 0.979 Thread 0x00000235e4259c20 DEOPT PACKING pc=0x00000235ebd8bd43 sp=0x00000079cd3fe3a0
Event: 0.979 Thread 0x00000235e4259c20 DEOPT UNPACKING pc=0x00000235f3307143 sp=0x00000079cd3fd7c0 mode 0
Event: 1.029 Thread 0x00000235e4259c20 DEOPT PACKING pc=0x00000235ebd89a45 sp=0x00000079cd3fe360
Event: 1.029 Thread 0x00000235e4259c20 DEOPT UNPACKING pc=0x00000235f3307143 sp=0x00000079cd3fd7d8 mode 0
Event: 1.101 Thread 0x00000235e4259c20 Uncommon trap: trap_request=0xffffff45 fr.pc=0x00000235f38512f4 relative=0x0000000000000074
Event: 1.101 Thread 0x00000235e4259c20 Uncommon trap: reason=unstable_if action=reinterpret pc=0x00000235f38512f4 method=java.lang.String.isLatin1()Z @ 10 c2
Event: 1.101 Thread 0x00000235e4259c20 DEOPT PACKING pc=0x00000235f38512f4 sp=0x00000079cd3ff2f0
Event: 1.101 Thread 0x00000235e4259c20 DEOPT UNPACKING pc=0x00000235f33069a3 sp=0x00000079cd3ff230 mode 2
Event: 1.241 Thread 0x00000235e4259c20 Uncommon trap: trap_request=0xffffff45 fr.pc=0x00000235f3854994 relative=0x0000000000000194
Event: 1.241 Thread 0x00000235e4259c20 Uncommon trap: reason=unstable_if action=reinterpret pc=0x00000235f3854994 method=java.lang.StringLatin1.indexOfChar([BIII)I @ 19 c2
Event: 1.241 Thread 0x00000235e4259c20 DEOPT PACKING pc=0x00000235f3854994 sp=0x00000079cd3fd970
Event: 1.241 Thread 0x00000235e4259c20 DEOPT UNPACKING pc=0x00000235f33069a3 sp=0x00000079cd3fd8e8 mode 2
Event: 1.285 Thread 0x00000235e4259c20 DEOPT PACKING pc=0x00000235ebdacec5 sp=0x00000079cd3ff4d0
Event: 1.285 Thread 0x00000235e4259c20 DEOPT UNPACKING pc=0x00000235f3307143 sp=0x00000079cd3fe948 mode 0
Event: 1.288 Thread 0x00000235e4259c20 DEOPT PACKING pc=0x00000235ebdacec5 sp=0x00000079cd3ff340
Event: 1.288 Thread 0x00000235e4259c20 DEOPT UNPACKING pc=0x00000235f3307143 sp=0x00000079cd3fe7b8 mode 0

Classes loaded (20 events):
Event: 1.280 Loading class java/net/URLClassLoader
Event: 1.282 Loading class java/net/URLClassLoader done
Event: 1.283 Loading class java/io/IOException
Event: 1.284 Loading class java/io/IOException done
Event: 1.296 Loading class java/lang/NumberFormatException
Event: 1.297 Loading class java/lang/NumberFormatException done
Event: 1.298 Loading class java/lang/IllegalAccessException
Event: 1.300 Loading class java/lang/IllegalAccessException done
Event: 1.303 Loading class java/util/concurrent/ConcurrentHashMap$ValueSpliterator
Event: 1.304 Loading class java/util/concurrent/ConcurrentHashMap$ValueSpliterator done
Event: 1.318 Loading class java/util/stream/Streams$ConcatSpliterator$OfRef
Event: 1.319 Loading class java/util/stream/Streams$ConcatSpliterator
Event: 1.319 Loading class java/util/stream/Streams$ConcatSpliterator done
Event: 1.319 Loading class java/util/stream/Streams$ConcatSpliterator$OfRef done
Event: 1.320 Loading class java/util/stream/StreamSpliterators$WrappingSpliterator
Event: 1.322 Loading class java/util/stream/StreamSpliterators$AbstractWrappingSpliterator
Event: 1.323 Loading class java/util/stream/StreamSpliterators$AbstractWrappingSpliterator done
Event: 1.323 Loading class java/util/stream/StreamSpliterators$WrappingSpliterator done
Event: 1.323 Loading class java/util/stream/Streams$2
Event: 1.324 Loading class java/util/stream/Streams$2 done

Classes unloaded (0 events):
No events

Classes redefined (0 events):
No events

Internal exceptions (0 events):
No events

VM Operations (2 events):
Event: 1.226 Executing VM operation: Cleanup
Event: 1.240 Executing VM operation: Cleanup done

Memory protections (0 events):
No events

Nmethod flushes (0 events):
No events

Events (12 events):
Event: 0.220 Thread 0x00000235e4259c20 Thread added: 0x00000235e4259c20
Event: 0.234 Thread 0x00000235e4259c20 Thread added: 0x00000235fed77230
Event: 0.237 Thread 0x00000235e4259c20 Thread added: 0x00000235fed780b0
Event: 0.266 Thread 0x00000235e4259c20 Thread added: 0x00000235fed89bd0
Event: 0.266 Thread 0x00000235e4259c20 Thread added: 0x00000235fed8b7a0
Event: 0.266 Thread 0x00000235e4259c20 Thread added: 0x00000235fed8e170
Event: 0.266 Thread 0x00000235e4259c20 Thread added: 0x00000235fed8fae0
Event: 0.266 Thread 0x00000235e4259c20 Thread added: 0x00000235fed91020
Event: 0.266 Thread 0x00000235e4259c20 Thread added: 0x00000235fed92a10
Event: 0.266 Thread 0x00000235e4259c20 Thread added: 0x00000235fed95420
Event: 1.097 Thread 0x00000235e4259c20 Thread added: 0x00000235ff10b830
Event: 1.242 Thread 0x00000235e4259c20 Thread added: 0x00000235ff13e3b0


Dynamic libraries:
0x00007ff69a160000 - 0x00007ff69a16e000 	C:\Users\LENOVO\.jdks\corretto-17.0.13\bin\java.exe
0x00007ff9f38b0000 - 0x00007ff9f3ac7000 	C:\WINDOWS\SYSTEM32\ntdll.dll
0x00007ff9f1c80000 - 0x00007ff9f1d44000 	C:\WINDOWS\System32\KERNEL32.DLL
0x00007ff9f0ef0000 - 0x00007ff9f12a7000 	C:\WINDOWS\System32\KERNELBASE.dll
0x00007ff9f0da0000 - 0x00007ff9f0eb1000 	C:\WINDOWS\System32\ucrtbase.dll
0x00007ff9bcb30000 - 0x00007ff9bcb4b000 	C:\Users\LENOVO\.jdks\corretto-17.0.13\bin\VCRUNTIME140.dll
0x00007ff9bc8d0000 - 0x00007ff9bc8e7000 	C:\Users\LENOVO\.jdks\corretto-17.0.13\bin\jli.dll
0x00007ff9f2dc0000 - 0x00007ff9f2f6f000 	C:\WINDOWS\System32\USER32.dll
0x00007ff9f12b0000 - 0x00007ff9f12d6000 	C:\WINDOWS\System32\win32u.dll
0x00007ff9f1830000 - 0x00007ff9f1859000 	C:\WINDOWS\System32\GDI32.dll
0x00007ff9f1450000 - 0x00007ff9f1568000 	C:\WINDOWS\System32\gdi32full.dll
0x00007ff9f0c80000 - 0x00007ff9f0d1a000 	C:\WINDOWS\System32\msvcp_win.dll
0x00007ff9dfa90000 - 0x00007ff9dfd23000 	C:\WINDOWS\WinSxS\amd64_microsoft.windows.common-controls_6595b64144ccf1df_6.0.22621.3672_none_2713b9d173822955\COMCTL32.dll
0x00007ff9f1970000 - 0x00007ff9f1a17000 	C:\WINDOWS\System32\msvcrt.dll
0x00007ff9f1710000 - 0x00007ff9f1741000 	C:\WINDOWS\System32\IMM32.DLL
0x00007ff9e8220000 - 0x00007ff9e822c000 	C:\Users\LENOVO\.jdks\corretto-17.0.13\bin\vcruntime140_1.dll
0x00007ff9bc5d0000 - 0x00007ff9bc65d000 	C:\Users\LENOVO\.jdks\corretto-17.0.13\bin\msvcp140.dll
0x00007ff9b6290000 - 0x00007ff9b6efc000 	C:\Users\LENOVO\.jdks\corretto-17.0.13\bin\server\jvm.dll
0x00007ff9f1df0000 - 0x00007ff9f1ea2000 	C:\WINDOWS\System32\ADVAPI32.dll
0x00007ff9f18c0000 - 0x00007ff9f1968000 	C:\WINDOWS\System32\sechost.dll
0x00007ff9f0ec0000 - 0x00007ff9f0ee8000 	C:\WINDOWS\System32\bcrypt.dll
0x00007ff9f15f0000 - 0x00007ff9f1704000 	C:\WINDOWS\System32\RPCRT4.dll
0x00007ff9f20f0000 - 0x00007ff9f2161000 	C:\WINDOWS\System32\WS2_32.dll
0x00007ff9eb3d0000 - 0x00007ff9eb404000 	C:\WINDOWS\SYSTEM32\WINMM.dll
0x00007ff9f0aa0000 - 0x00007ff9f0aed000 	C:\WINDOWS\SYSTEM32\POWRPROF.dll
0x00007ff9e55e0000 - 0x00007ff9e55ea000 	C:\WINDOWS\SYSTEM32\VERSION.dll
0x00007ff9f0a70000 - 0x00007ff9f0a83000 	C:\WINDOWS\SYSTEM32\UMPDC.dll
0x00007ff9efb70000 - 0x00007ff9efb88000 	C:\WINDOWS\SYSTEM32\kernel.appcore.dll
0x00007ff9e8090000 - 0x00007ff9e809a000 	C:\Users\LENOVO\.jdks\corretto-17.0.13\bin\jimage.dll
0x00007ff9ee410000 - 0x00007ff9ee642000 	C:\WINDOWS\SYSTEM32\DBGHELP.DLL
0x00007ff9f29e0000 - 0x00007ff9f2d6e000 	C:\WINDOWS\System32\combase.dll
0x00007ff9f2010000 - 0x00007ff9f20e7000 	C:\WINDOWS\System32\OLEAUT32.dll
0x00007ff9cab50000 - 0x00007ff9cab82000 	C:\WINDOWS\SYSTEM32\dbgcore.DLL
0x00007ff9f0d20000 - 0x00007ff9f0d9b000 	C:\WINDOWS\System32\bcryptPrimitives.dll
0x00007ff9bc8a0000 - 0x00007ff9bc8c5000 	C:\Users\LENOVO\.jdks\corretto-17.0.13\bin\java.dll
0x00007ff9b61b0000 - 0x00007ff9b6287000 	C:\Users\LENOVO\.jdks\corretto-17.0.13\bin\jsvml.dll
0x00007ff9f2170000 - 0x00007ff9f29d9000 	C:\WINDOWS\System32\SHELL32.dll
0x00007ff9eeae0000 - 0x00007ff9ef3df000 	C:\WINDOWS\SYSTEM32\windows.storage.dll
0x00007ff9ee9a0000 - 0x00007ff9eeadf000 	C:\WINDOWS\SYSTEM32\wintypes.dll
0x00007ff9f1b80000 - 0x00007ff9f1c79000 	C:\WINDOWS\System32\SHCORE.dll
0x00007ff9f1860000 - 0x00007ff9f18be000 	C:\WINDOWS\System32\shlwapi.dll
0x00007ff9f0af0000 - 0x00007ff9f0b17000 	C:\WINDOWS\SYSTEM32\profapi.dll
0x00007ff9bc780000 - 0x00007ff9bc799000 	C:\Users\LENOVO\.jdks\corretto-17.0.13\bin\net.dll
0x00007ff9ebad0000 - 0x00007ff9ebc06000 	C:\WINDOWS\SYSTEM32\WINHTTP.dll
0x00007ff9f0040000 - 0x00007ff9f00a9000 	C:\WINDOWS\system32\mswsock.dll
0x00007ff9bc760000 - 0x00007ff9bc776000 	C:\Users\LENOVO\.jdks\corretto-17.0.13\bin\nio.dll
0x00007ff9bc880000 - 0x00007ff9bc898000 	C:\Users\LENOVO\.jdks\corretto-17.0.13\bin\zip.dll

dbghelp: loaded successfully - version: 4.0.5 - missing functions: none
symbol engine: initialized successfully - sym options: 0x614 - pdb path: .;C:\Users\LENOVO\.jdks\corretto-17.0.13\bin;C:\WINDOWS\SYSTEM32;C:\WINDOWS\WinSxS\amd64_microsoft.windows.common-controls_6595b64144ccf1df_6.0.22621.3672_none_2713b9d173822955;C:\Users\LENOVO\.jdks\corretto-17.0.13\bin\server

VM Arguments:
jvm_args: -Dorg.gradle.internal.worker.tmpdir=C:\Users\LENOVO\Desktop\github_projects\car-inventory-mgr\inventory-service\build\tmp\test\work -Xmx512m -Dfile.encoding=UTF-8 -Duser.country=GB -Duser.language=en -Duser.variant -ea 
java_command: worker.org.gradle.process.internal.worker.GradleWorkerMain 'Gradle Test Executor 7'
java_class_path (initial): C:\\Users\\LENOVO\\.gradle\\caches\\8.10.2\\workerMain\\gradle-worker.jar;C:\\Users\\LENOVO\\Desktop\\github_projects\\car-inventory-mgr\\inventory-service\\build\\classes\\java\\test;C:\\Users\\LENOVO\\Desktop\\github_projects\\car-inventory-mgr\\inventory-service\\build\\classes\\java\\main;C:\\Users\\LENOVO\\Desktop\\github_projects\\car-inventory-mgr\\inventory-service\\build\\resources\\main;C:\\Users\\LENOVO\\.gradle\\caches\\modules-2\\files-2.1\\org.springframework.boot\\spring-boot-starter-amqp\\3.3.4\\5ebead2eb26d754b8f19101092f441aaffad6945\\spring-boot-starter-amqp-3.3.4.jar;C:\\Users\\LENOVO\\.gradle\\caches\\modules-2\\files-2.1\\org.springframework.boot\\spring-boot-starter-data-jpa\\3.3.4\\60df2a5bea8752fb215f3c8e1dffeb3554773a49\\spring-boot-starter-data-jpa-3.3.4.jar;C:\\Users\\LENOVO\\.gradle\\caches\\modules-2\\files-2.1\\org.springframework.boot\\spring-boot-starter-data-rest\\3.3.4\\4da3124bcb02f82be8903c18d31dc95fa1a8be16\\spring-boot-starter-data-rest-3.3.4.jar;C:\\Users\\LENOVO\\.gradle\\caches\\modules-2\\files-2.1\\org.springframework.boot\\spring-boot-starter-web\\3.3.4\\b43a9fd107611337777b47dc7518e2aca59e58eb\\spring-boot-starter-web-3.3.4.jar;C:\\Users\\LENOVO\\.gradle\\caches\\modules-2\\files-2.1\\org.liquibase\\liquibase-core\\4.27.0\\759da7263b8b282202d8a157a0c47653b92e473e\\liquibase-core-4.27.0.jar;C:\\Users\\LENOVO\\.gradle\\caches\\modules-2\\files-2.1\\org.springdoc\\springdoc-openapi-starter-webmvc-ui\\2.3.0\\b4af31e9d40539c94f8debbf760134d961333c24\\springdoc-openapi-starter-webmvc-ui-2.3.0.jar;C:\\Users\\LENOVO\\.gradle\\caches\\modules-2\\files-2.1\\org.postgresql\\postgresql\\42.7.4\\264310fd7b2cd76738787dc0b9f7ea2e3b11adc1\\postgresql-42.7.4.jar;C:\\Users\\LENOVO\\.gradle\\caches\\modules-2\\files-2.1\\org.springframework.boot\\spring-boot-starter-test\\3.3.4\\5817e13f51a61b15881b71273d3c6d8b4e7175f4\\spring-boot-starter-test-3.3.4.jar;C:\\Users\\LENOVO\\.gradle\\caches\\modules-2\\files-2.1\
Launcher Type: SUN_STANDARD

[Global flags]
     intx CICompilerCount                          = 4                                         {product} {ergonomic}
     uint ConcGCThreads                            = 2                                         {product} {ergonomic}
     uint G1ConcRefinementThreads                  = 8                                         {product} {ergonomic}
   size_t G1HeapRegionSize                         = 1048576                                   {product} {ergonomic}
    uintx GCDrainStackTargetSize                   = 64                                        {product} {ergonomic}
   size_t InitialHeapSize                          = 100663296                                 {product} {ergonomic}
   size_t MarkStackSize                            = 4194304                                   {product} {ergonomic}
   size_t MaxHeapSize                              = 536870912                                 {product} {command line}
   size_t MaxNewSize                               = 321912832                                 {product} {ergonomic}
   size_t MinHeapDeltaBytes                        = 1048576                                   {product} {ergonomic}
   size_t MinHeapSize                              = 8388608                                   {product} {ergonomic}
    uintx NonNMethodCodeHeapSize                   = 5839372                                {pd product} {ergonomic}
    uintx NonProfiledCodeHeapSize                  = 122909434                              {pd product} {ergonomic}
    uintx ProfiledCodeHeapSize                     = 122909434                              {pd product} {ergonomic}
    uintx ReservedCodeCacheSize                    = 251658240                              {pd product} {ergonomic}
     bool SegmentedCodeCache                       = true                                      {product} {ergonomic}
   size_t SoftMaxHeapSize                          = 536870912                              {manageable} {ergonomic}
     bool UseCompressedClassPointers               = true                           {product lp64_product} {ergonomic}
     bool UseCompressedOops                        = true                           {product lp64_product} {ergonomic}
     bool UseG1GC                                  = true                                      {product} {ergonomic}
     bool UseLargePagesIndividualAllocation        = false                                  {pd product} {ergonomic}

Logging:
Log output configuration:
 #0: stdout all=warning uptime,level,tags
 #1: stderr all=off uptime,level,tags

Environment Variables:
PATH=C:\Program Files\OpenLogic\jdk-17.0.12.7-hotspot\bin;C:\Python311\Scripts\;C:\Python311\;C:\Program Files (x86)\NVIDIA Corporation\PhysX\Common;C:\WINDOWS\system32;C:\WINDOWS;C:\WINDOWS\System32\Wbem;C:\WINDOWS\System32\WindowsPowerShell\v1.0\;C:\WINDOWS\System32\OpenSSH\;C:\Program Files\Calibre2\;C:\Program Files\MATLAB\R2022b\bin;C:\Program Files\Microsoft SQL Server\Client SDK\ODBC\170\Tools\Binn\;C:\Program Files (x86)\Microsoft SQL Server\150\Tools\Binn\;C:\Program Files\Microsoft SQL Server\150\Tools\Binn\;C:\Program Files\Microsoft SQL Server\150\DTS\Binn\;C:\Program Files (x86)\Windows Kits\8.1\Windows Performance Toolkit\;C:\Program Files\Git\cmd;C:\Program Files\nodejs\;C:\ProgramData\chocolatey\bin;C:\Program Files\dotnet\;C:\Program Files (x86)\Windows Kits\10\Windows Performance Toolkit\;C:\Program Files\Rancher Desktop\resources\resources\win32\bin\;C:\Program Files\Rancher Desktop\resources\resources\win32\docker-cli-plugins\;C:\Program Files\Rancher Desktop\resources\resources\linux\bin\;C:\Program Files\Rancher Desktop\resources\resources\linux\docker-cli-plugins\;C:\Program Files\Docker\Docker\resources\bin;C:\Program Files\PostgreSQL\16\bin;C:\Users\LENOVO\AppData\Local\Microsoft\WindowsApps;C:\Program Files\JetBrains\PyCharm Community Edition 2022.2.1\bin;;C:\Users\LENOVO\AppData\Local\Programs\Microsoft VS Code\bin;C:\Users\LENOVO\AppData\Roaming\npm;C:\Users\LENOVO\AppData\Local\pnpm;C:\Users\LENOVO\.dotnet\tools
USERNAME=LENOVO
OS=Windows_NT
PROCESSOR_IDENTIFIER=AMD64 Family 23 Model 24 Stepping 1, AuthenticAMD
TMP=C:\Users\LENOVO\AppData\Local\Temp
TEMP=C:\Users\LENOVO\AppData\Local\Temp



Periodic native trim disabled


---------------  S Y S T E M  ---------------

OS:
 Windows 11 , 64 bit Build 22621 (10.0.22621.3958)
OS uptime: 0 days 3:34 hours
Hyper-V role detected

CPU: total 8 (initial active 8) (8 cores per cpu, 2 threads per core) family 23 model 24 stepping 1 microcode 0x0, cx8, cmov, fxsr, ht, mmx, 3dnowpref, sse, sse2, sse3, ssse3, sse4a, sse4.1, sse4.2, popcnt, lzcnt, tsc, tscinvbit, avx, avx2, aes, clmul, bmi1, bmi2, adx, sha, fma, vzeroupper, clflush, clflushopt, hv
Processor Information for all 8 processors :
  Max Mhz: 2100, Current Mhz: 2100, Mhz Limit: 2100

Memory: 4k page, system-wide physical 6082M (22M free)
TotalPageFile size 24514M (AvailPageFile size 0M)
current process WorkingSet (physical memory assigned to process): 36M, peak: 36M
current process commit charge ("private bytes"): 177M, peak: 177M

vm_info: OpenJDK 64-Bit Server VM (17.0.13+11-LTS) for windows-amd64 JRE (17.0.13+11-LTS), built on Oct 10 2024 19:51:30 by "Administrator" with MS VC++ 16.10 / 16.11 (VS2019)

END.
