#
# There is insufficient memory for the Java Runtime Environment to continue.
# Native memory allocation (malloc) failed to allocate 1048576 bytes. Error detail: AllocateHeap
# Possible reasons:
#   The system is out of physical RAM or swap space
#   This process is running with CompressedOops enabled, and the Java Heap may be blocking the growth of the native heap
# Possible solutions:
#   Reduce memory load on the system
#   Increase physical memory or swap space
#   Check if swap backing store is full
#   Decrease Java heap size (-Xmx/-Xms)
#   Decrease number of Java threads
#   Decrease Java thread stack sizes (-Xss)
#   Set larger code cache with -XX:ReservedCodeCacheSize=
#   JVM is running with Unscaled Compressed Oops mode in which the Java heap is
#     placed in the first 4GB address space. The Java Heap base address is the
#     maximum limit for the native heap growth. Please use -XX:HeapBaseMinAddress
#     to set the Java Heap base and to place the Java Heap above 4GB virtual address.
# This output file may be truncated or incomplete.
#
#  Out of Memory Error (allocation.cpp:44), pid=17192, tid=26928
#
# JRE version:  (17.0.13+11) (build )
# Java VM: OpenJDK 64-Bit Server VM (17.0.13+11-LTS, mixed mode, sharing, tiered, compressed oops, compressed class ptrs, g1 gc, windows-amd64)
# No core dump will be written. Minidumps are not enabled by default on client versions of Windows
#

---------------  S U M M A R Y ------------

Command Line: -Dnet.bytebuddy.agent.attacher.dump= net.bytebuddy.agent.Attacher com.sun.tools.attach.VirtualMachine 30884 C:\Users\LENOVO\.gradle\caches\modules-2\files-2.1\net.bytebuddy\byte-buddy-agent\1.14.19\154da3a65b4f4a909d3e5bdec55d1b2b4cbb6ce1\byte-buddy-agent-1.14.19.jar false 

Host: AMD Ryzen 5 3500U with Radeon Vega Mobile Gfx  , 8 cores, 5G,  Windows 11 , 64 bit Build 22621 (10.0.22621.3958)
Time: Sat Nov  9 11:46:25 2024 GMT Standard Time elapsed time: 0.018311 seconds (0d 0h 0m 0s)

---------------  T H R E A D  ---------------

Current thread (0x000001d21a76a120):  JavaThread "Unknown thread" [_thread_in_vm, id=26928, stack(0x000000366e700000,0x000000366e800000)]

Stack: [0x000000366e700000,0x000000366e800000]
Native frames: (J=compiled Java code, j=interpreted, Vv=VM code, C=native code)
V  [jvm.dll+0x680c19]
V  [jvm.dll+0x83888a]
V  [jvm.dll+0x83a34e]
V  [jvm.dll+0x83a9b3]
V  [jvm.dll+0x2481af]
V  [jvm.dll+0xa70f3]
V  [jvm.dll+0x2dac84]
V  [jvm.dll+0x80a00f]
V  [jvm.dll+0x36d6c1]
V  [jvm.dll+0x7e8975]
V  [jvm.dll+0x3f109f]
V  [jvm.dll+0x3f2c11]
C  [jli.dll+0x52ab]
C  [ucrtbase.dll+0x29333]
C  [KERNEL32.DLL+0x1257d]
C  [ntdll.dll+0x5af08]


---------------  P R O C E S S  ---------------

Threads class SMR info:
_java_thread_list=0x00007ffe3d998f58, length=0, elements={
}

Java Threads: ( => current thread )

Other Threads:

=>0x000001d21a76a120 (exited) JavaThread "Unknown thread" [_thread_in_vm, id=26928, stack(0x000000366e700000,0x000000366e800000)]

Threads with active compile tasks:

VM state: not at safepoint (not fully initialized)

VM Mutex/Monitor currently owned by a thread: None

Heap address: 0x0000000000000000, size: 0 MB, Compressed Oops mode: 32-bit

CDS archive(s) mapped at: [0x0000000000000000-0x0000000000000000-0x0000000000000000), size 0, SharedBaseAddress: 0x0000000800000000, ArchiveRelocationMode: 1.
Narrow klass base: 0x0000000000000000, Narrow klass shift: 0, Narrow klass range: 0x0

GC Precious Log:
<Empty>

GC Heap History (0 events):
No events

Dll operation events (1 events):
Event: 0.012 Loaded shared library C:\Users\LENOVO\.jdks\corretto-17.0.13\bin\java.dll

Deoptimization events (0 events):
No events

Classes loaded (0 events):
No events

Classes unloaded (0 events):
No events

Classes redefined (0 events):
No events

Internal exceptions (0 events):
No events

VM Operations (0 events):
No events

Memory protections (0 events):
No events

Nmethod flushes (0 events):
No events

Events (0 events):
No events


Dynamic libraries:
0x00007ff6e85f0000 - 0x00007ff6e85fe000 	C:\Users\LENOVO\.jdks\corretto-17.0.13\bin\java.exe
0x00007fff0a190000 - 0x00007fff0a3a7000 	C:\WINDOWS\SYSTEM32\ntdll.dll
0x00007fff09810000 - 0x00007fff098d4000 	C:\WINDOWS\System32\KERNEL32.DLL
0x00007fff079e0000 - 0x00007fff07d97000 	C:\WINDOWS\System32\KERNELBASE.dll
0x00007fff07510000 - 0x00007fff07621000 	C:\WINDOWS\System32\ucrtbase.dll
0x00007ffef00a0000 - 0x00007ffef00bb000 	C:\Users\LENOVO\.jdks\corretto-17.0.13\bin\VCRUNTIME140.dll
0x00007ffef0550000 - 0x00007ffef0567000 	C:\Users\LENOVO\.jdks\corretto-17.0.13\bin\jli.dll
0x00007fff095d0000 - 0x00007fff0977f000 	C:\WINDOWS\System32\USER32.dll
0x00007fff07780000 - 0x00007fff077a6000 	C:\WINDOWS\System32\win32u.dll
0x00007ffeed950000 - 0x00007ffeedbe3000 	C:\WINDOWS\WinSxS\amd64_microsoft.windows.common-controls_6595b64144ccf1df_6.0.22621.3672_none_2713b9d173822955\COMCTL32.dll
0x00007fff098f0000 - 0x00007fff09919000 	C:\WINDOWS\System32\GDI32.dll
0x00007fff0a090000 - 0x00007fff0a137000 	C:\WINDOWS\System32\msvcrt.dll
0x00007fff07630000 - 0x00007fff07748000 	C:\WINDOWS\System32\gdi32full.dll
0x00007fff07e20000 - 0x00007fff07eba000 	C:\WINDOWS\System32\msvcp_win.dll
0x00007fff099e0000 - 0x00007fff09a11000 	C:\WINDOWS\System32\IMM32.DLL
0x00007ffefe6a0000 - 0x00007ffefe6ac000 	C:\Users\LENOVO\.jdks\corretto-17.0.13\bin\vcruntime140_1.dll
0x00007ffec9400000 - 0x00007ffec948d000 	C:\Users\LENOVO\.jdks\corretto-17.0.13\bin\msvcp140.dll
0x00007ffe3ce60000 - 0x00007ffe3dacc000 	C:\Users\LENOVO\.jdks\corretto-17.0.13\bin\server\jvm.dll
0x00007fff09920000 - 0x00007fff099d2000 	C:\WINDOWS\System32\ADVAPI32.dll
0x00007fff09310000 - 0x00007fff093b8000 	C:\WINDOWS\System32\sechost.dll
0x00007fff07750000 - 0x00007fff07778000 	C:\WINDOWS\System32\bcrypt.dll
0x00007fff08910000 - 0x00007fff08a24000 	C:\WINDOWS\System32\RPCRT4.dll
0x00007fff08730000 - 0x00007fff087a1000 	C:\WINDOWS\System32\WS2_32.dll
0x00007fff07370000 - 0x00007fff073bd000 	C:\WINDOWS\SYSTEM32\POWRPROF.dll
0x00007fff01f40000 - 0x00007fff01f74000 	C:\WINDOWS\SYSTEM32\WINMM.dll
0x00007ffefb4e0000 - 0x00007ffefb4ea000 	C:\WINDOWS\SYSTEM32\VERSION.dll
0x00007fff072a0000 - 0x00007fff072b3000 	C:\WINDOWS\SYSTEM32\UMPDC.dll
0x00007fff06460000 - 0x00007fff06478000 	C:\WINDOWS\SYSTEM32\kernel.appcore.dll
0x00007ffefe630000 - 0x00007ffefe63a000 	C:\Users\LENOVO\.jdks\corretto-17.0.13\bin\jimage.dll
0x00007fff04d00000 - 0x00007fff04f32000 	C:\WINDOWS\SYSTEM32\DBGHELP.DLL
0x00007fff09b80000 - 0x00007fff09f0e000 	C:\WINDOWS\System32\combase.dll
0x00007fff08cb0000 - 0x00007fff08d87000 	C:\WINDOWS\System32\OLEAUT32.dll
0x00007ffed77e0000 - 0x00007ffed7812000 	C:\WINDOWS\SYSTEM32\dbgcore.DLL
0x00007fff07da0000 - 0x00007fff07e1b000 	C:\WINDOWS\System32\bcryptPrimitives.dll
0x00007ffee67f0000 - 0x00007ffee6815000 	C:\Users\LENOVO\.jdks\corretto-17.0.13\bin\java.dll

dbghelp: loaded successfully - version: 4.0.5 - missing functions: none
symbol engine: initialized successfully - sym options: 0x614 - pdb path: .;C:\Users\LENOVO\.jdks\corretto-17.0.13\bin;C:\WINDOWS\SYSTEM32;C:\WINDOWS\WinSxS\amd64_microsoft.windows.common-controls_6595b64144ccf1df_6.0.22621.3672_none_2713b9d173822955;C:\Users\LENOVO\.jdks\corretto-17.0.13\bin\server

VM Arguments:
jvm_args: -Dnet.bytebuddy.agent.attacher.dump= 
java_command: net.bytebuddy.agent.Attacher com.sun.tools.attach.VirtualMachine 30884 C:\Users\LENOVO\.gradle\caches\modules-2\files-2.1\net.bytebuddy\byte-buddy-agent\1.14.19\154da3a65b4f4a909d3e5bdec55d1b2b4cbb6ce1\byte-buddy-agent-1.14.19.jar false 
java_class_path (initial): C:\Users\LENOVO\.gradle\caches\modules-2\files-2.1\net.bytebuddy\byte-buddy-agent\1.14.19\154da3a65b4f4a909d3e5bdec55d1b2b4cbb6ce1\byte-buddy-agent-1.14.19.jar
Launcher Type: SUN_STANDARD

[Global flags]
     intx CICompilerCount                          = 4                                         {product} {ergonomic}
     uint ConcGCThreads                            = 2                                         {product} {ergonomic}
     uint G1ConcRefinementThreads                  = 8                                         {product} {ergonomic}
   size_t G1HeapRegionSize                         = 1048576                                   {product} {ergonomic}
    uintx GCDrainStackTargetSize                   = 64                                        {product} {ergonomic}
   size_t InitialHeapSize                          = 100663296                                 {product} {ergonomic}
   size_t MarkStackSize                            = 4194304                                   {product} {ergonomic}
   size_t MaxHeapSize                              = 1595932672                                {product} {ergonomic}
   size_t MinHeapDeltaBytes                        = 1048576                                   {product} {ergonomic}
   size_t MinHeapSize                              = 8388608                                   {product} {ergonomic}
    uintx NonNMethodCodeHeapSize                   = 5839372                                {pd product} {ergonomic}
    uintx NonProfiledCodeHeapSize                  = 122909434                              {pd product} {ergonomic}
    uintx ProfiledCodeHeapSize                     = 122909434                              {pd product} {ergonomic}
    uintx ReservedCodeCacheSize                    = 251658240                              {pd product} {ergonomic}
     bool SegmentedCodeCache                       = true                                      {product} {ergonomic}
   size_t SoftMaxHeapSize                          = 1595932672                             {manageable} {ergonomic}
     bool UseCompressedClassPointers               = true                           {product lp64_product} {ergonomic}
     bool UseCompressedOops                        = true                           {product lp64_product} {ergonomic}
     bool UseG1GC                                  = true                                      {product} {ergonomic}
     bool UseLargePagesIndividualAllocation        = false                                  {pd product} {ergonomic}

Logging:
Log output configuration:
 #0: stdout all=warning uptime,level,tags
 #1: stderr all=off uptime,level,tags

Environment Variables:
PATH=C:\Program Files\OpenLogic\jdk-17.0.12.7-hotspot\bin;C:\Python311\Scripts\;C:\Python311\;C:\Program Files (x86)\NVIDIA Corporation\PhysX\Common;C:\WINDOWS\system32;C:\WINDOWS;C:\WINDOWS\System32\Wbem;C:\WINDOWS\System32\WindowsPowerShell\v1.0\;C:\WINDOWS\System32\OpenSSH\;C:\Program Files\Calibre2\;C:\Program Files\MATLAB\R2022b\bin;C:\Program Files\Microsoft SQL Server\Client SDK\ODBC\170\Tools\Binn\;C:\Program Files (x86)\Microsoft SQL Server\150\Tools\Binn\;C:\Program Files\Microsoft SQL Server\150\Tools\Binn\;C:\Program Files\Microsoft SQL Server\150\DTS\Binn\;C:\Program Files (x86)\Windows Kits\8.1\Windows Performance Toolkit\;C:\Program Files\Git\cmd;C:\Program Files\nodejs\;C:\ProgramData\chocolatey\bin;C:\Program Files\dotnet\;C:\Program Files (x86)\Windows Kits\10\Windows Performance Toolkit\;C:\Program Files\Rancher Desktop\resources\resources\win32\bin\;C:\Program Files\Rancher Desktop\resources\resources\win32\docker-cli-plugins\;C:\Program Files\Rancher Desktop\resources\resources\linux\bin\;C:\Program Files\Rancher Desktop\resources\resources\linux\docker-cli-plugins\;C:\Program Files\Docker\Docker\resources\bin;C:\Program Files\PostgreSQL\16\bin;C:\Users\LENOVO\AppData\Local\Microsoft\WindowsApps;C:\Program Files\JetBrains\PyCharm Community Edition 2022.2.1\bin;;C:\Users\LENOVO\AppData\Local\Programs\Microsoft VS Code\bin;C:\Users\LENOVO\AppData\Roaming\npm;C:\Users\LENOVO\AppData\Local\pnpm;C:\Users\LENOVO\.dotnet\tools
USERNAME=LENOVO
OS=Windows_NT
PROCESSOR_IDENTIFIER=AMD64 Family 23 Model 24 Stepping 1, AuthenticAMD
TMP=C:\Users\LENOVO\AppData\Local\Temp
TEMP=C:\Users\LENOVO\AppData\Local\Temp



Periodic native trim disabled


---------------  S Y S T E M  ---------------

OS:
 Windows 11 , 64 bit Build 22621 (10.0.22621.3958)
OS uptime: 0 days 23:33 hours
Hyper-V role detected

CPU: total 8 (initial active 8) (8 cores per cpu, 2 threads per core) family 23 model 24 stepping 1 microcode 0x0, cx8, cmov, fxsr, ht, mmx, 3dnowpref, sse, sse2, sse3, ssse3, sse4a, sse4.1, sse4.2, popcnt, lzcnt, tsc, tscinvbit, avx, avx2, aes, clmul, bmi1, bmi2, adx, sha, fma, vzeroupper, clflush, clflushopt, hv
Processor Information for all 8 processors :
  Max Mhz: 2100, Current Mhz: 2100, Mhz Limit: 2100

Memory: 4k page, system-wide physical 6082M (637M free)
TotalPageFile size 24514M (AvailPageFile size 6M)
current process WorkingSet (physical memory assigned to process): 10M, peak: 10M
current process commit charge ("private bytes"): 15M, peak: 16M

vm_info: OpenJDK 64-Bit Server VM (17.0.13+11-LTS) for windows-amd64 JRE (17.0.13+11-LTS), built on Oct 10 2024 19:51:30 by "Administrator" with MS VC++ 16.10 / 16.11 (VS2019)

END.
